2026-04-03 14:10:44,352 [INFO] Activator:176 - 


2026-04-03 14:10:44,355 [INFO] Activator:177 - !SESSION log4j initialized
2026-04-03 14:10:48,687 [INFO] LogOutputStream:77 - [STDOUT_REDIRECT] 
2026-04-03 14:10:49,451 [INFO] ApplicationProperties:184 - Using Application install path: C:\ST\STM32CubeIDE_1.19.0\STM32CubeIDE\plugins\com.st.stm32cube.common.mx_6.15.0.202507011659
2026-04-03 14:10:49,466 [INFO] DbMcusXml:78 - Set database path to: C:\ST\STM32CubeIDE_1.19.0\STM32CubeIDE\plugins\com.st.stm32cube.common.mx_6.15.0.202507011659\\db\/mcu/
2026-04-03 14:10:49,466 [INFO] ApiDb:274 - Set plugin database path to: C:\ST\STM32CubeIDE_1.19.0\STM32CubeIDE\plugins\com.st.stm32cube.common.mx_6.15.0.202507011659\\db\/plugins/boardmanager/
2026-04-03 14:10:49,466 [WARN] ApiDb:259 - Overriding images path with different value:  => C:\ST\STM32CubeIDE_1.19.0\STM32CubeIDE\plugins\com.st.stm32cube.common.mx_6.15.0.202507011659\\db\/plugins/mcufinder/images/
2026-04-03 14:10:49,474 [INFO] ApiDb:250 - Set database path to: C:\Users\Admin\.stmcufinder\plugins\mcufinder//mcu/
2026-04-03 14:10:49,475 [INFO] DbMcusAds:125 - Set database path to: C:\Users\Admin\.stmcufinder\plugins\mcufinder//mcu/
2026-04-03 14:10:49,477 [INFO] CrossReferenceDbSqlite:203 - Set database path to: C:\Users\Admin\.stmcufinder\plugins\mcufinder//mcu/cs/
2026-04-03 14:10:49,568 [INFO] RulesReader:64 - Compatibility file has been processed (317 Rules)
2026-04-03 14:10:49,630 [INFO] DbMcusXml:78 - Set database path to: C:\ST\STM32CubeIDE_1.19.0\STM32CubeIDE\plugins\com.st.stm32cube.common.mx_6.15.0.202507011659\\db\/mcu/
2026-04-03 14:10:49,630 [INFO] ApiDb:274 - Set plugin database path to: C:\ST\STM32CubeIDE_1.19.0\STM32CubeIDE\plugins\com.st.stm32cube.common.mx_6.15.0.202507011659\\db\/plugins/boardmanager/
2026-04-03 14:10:49,630 [INFO] ApiDb:261 - Set plugin images path to: C:\ST\STM32CubeIDE_1.19.0\STM32CubeIDE\plugins\com.st.stm32cube.common.mx_6.15.0.202507011659\\db\/plugins/mcufinder/images/
2026-04-03 14:10:49,630 [WARN] DbFile:41 - Overriding database path with different value: C:\Users\Admin\.stmcufinder\plugins\mcufinder/ => C:\Users\Admin\.stmcufinder\plugins\mcufinder
2026-04-03 14:10:49,630 [INFO] ApiDb:250 - Set database path to: C:\Users\Admin\.stmcufinder\plugins\mcufinder//mcu/
2026-04-03 14:10:49,630 [WARN] DbFile:41 - Overriding database path with different value: C:\Users\Admin\.stmcufinder\plugins\mcufinder/ => C:\Users\Admin\.stmcufinder\plugins\mcufinder
2026-04-03 14:10:49,630 [INFO] DbMcusAds:125 - Set database path to: C:\Users\Admin\.stmcufinder\plugins\mcufinder//mcu/
2026-04-03 14:10:49,630 [WARN] DbFile:41 - Overriding database path with different value: C:\Users\Admin\.stmcufinder\plugins\mcufinder/ => C:\Users\Admin\.stmcufinder\plugins\mcufinder
2026-04-03 14:10:49,630 [WARN] DbFile:41 - Overriding database path with different value: C:\Users\Admin\.stmcufinder\plugins\mcufinder/ => C:\Users\Admin\.stmcufinder\plugins\mcufinder
2026-04-03 14:10:49,631 [INFO] CrossReferenceDbSqlite:203 - Set database path to: C:\Users\Admin\.stmcufinder\plugins\mcufinder//mcu/cs/
2026-04-03 14:10:49,688 [INFO] MainPanel:274 - HeapMemory: 268435456
2026-04-03 14:10:49,776 [INFO] DbMcusXml:78 - Set database path to: C:\ST\STM32CubeIDE_1.19.0\STM32CubeIDE\plugins\com.st.stm32cube.common.mx_6.15.0.202507011659\\db\/mcu/
2026-04-03 14:10:49,776 [INFO] ApiDb:274 - Set plugin database path to: C:\ST\STM32CubeIDE_1.19.0\STM32CubeIDE\plugins\com.st.stm32cube.common.mx_6.15.0.202507011659\\db\/plugins/boardmanager/
2026-04-03 14:10:49,777 [INFO] ApiDb:261 - Set plugin images path to: C:\ST\STM32CubeIDE_1.19.0\STM32CubeIDE\plugins\com.st.stm32cube.common.mx_6.15.0.202507011659\\db\/plugins/mcufinder/images/
2026-04-03 14:10:49,777 [WARN] DbFile:41 - Overriding database path with different value: C:\Users\Admin\.stmcufinder\plugins\mcufinder/ => C:\Users\Admin\.stmcufinder\plugins\mcufinder
2026-04-03 14:10:49,777 [INFO] ApiDb:250 - Set database path to: C:\Users\Admin\.stmcufinder\plugins\mcufinder//mcu/
2026-04-03 14:10:49,777 [WARN] DbFile:41 - Overriding database path with different value: C:\Users\Admin\.stmcufinder\plugins\mcufinder/ => C:\Users\Admin\.stmcufinder\plugins\mcufinder
2026-04-03 14:10:49,777 [INFO] DbMcusAds:125 - Set database path to: C:\Users\Admin\.stmcufinder\plugins\mcufinder//mcu/
2026-04-03 14:10:49,777 [WARN] DbFile:41 - Overriding database path with different value: C:\Users\Admin\.stmcufinder\plugins\mcufinder/ => C:\Users\Admin\.stmcufinder\plugins\mcufinder
2026-04-03 14:10:49,777 [WARN] DbFile:41 - Overriding database path with different value: C:\Users\Admin\.stmcufinder\plugins\mcufinder/ => C:\Users\Admin\.stmcufinder\plugins\mcufinder
2026-04-03 14:10:49,777 [INFO] CrossReferenceDbSqlite:203 - Set database path to: C:\Users\Admin\.stmcufinder\plugins\mcufinder//mcu/cs/
2026-04-03 14:10:49,791 [INFO] ApplicationProperties:184 - Using Application install path: C:\ST\STM32CubeIDE_1.19.0\STM32CubeIDE\plugins\com.st.stm32cube.common.mx_6.15.0.202507011659
2026-04-03 14:10:49,792 [INFO] PluginManage:196 - Search for loadable plugins [exclusion list=, ]
2026-04-03 14:10:49,793 [INFO] PluginManage:310 - Check plugin analytics
2026-04-03 14:10:49,928 [INFO] AnalyticsPlugin:253 - Accepted Software Licenses: 
2026-04-03 14:10:49,928 [INFO] AnalyticsPlugin:255 - Accepted CMSIS Pack Licenses: 
2026-04-03 14:10:49,928 [INFO] AnalyticsPlugin:257 - Accepted Firmware Licenses: FW.F4.1.28.0
2026-04-03 14:10:49,930 [INFO] PluginManage:359 - Loaded plugin analytics (category:tool,tabindex:-1)
2026-04-03 14:10:49,930 [INFO] PluginManage:310 - Check plugin cadmodel
2026-04-03 14:10:49,935 [INFO] CADModel:105 - Init CAD model plugin
2026-04-03 14:10:49,935 [INFO] PluginManage:359 - Loaded plugin cadmodel (category:power,tabindex:5)
2026-04-03 14:10:49,935 [INFO] PluginManage:310 - Check plugin clock
2026-04-03 14:10:49,943 [INFO] PluginManage:359 - Loaded plugin clock (category:base,tabindex:2)
2026-04-03 14:10:49,943 [INFO] PluginManage:310 - Check plugin ddr
2026-04-03 14:10:49,947 [INFO] PluginManage:359 - Loaded plugin ddr (category:tool,tabindex:6)
2026-04-03 14:10:49,947 [INFO] PluginManage:310 - Check plugin filemanager
2026-04-03 14:10:50,061 [INFO] PluginManage:359 - Loaded plugin filemanager (category:base,tabindex:10)
2026-04-03 14:10:50,061 [INFO] PluginManage:310 - Check plugin ipmanager
2026-04-03 14:10:50,066 [INFO] PluginManage:359 - Loaded plugin ipmanager (category:base,tabindex:5)
2026-04-03 14:10:50,066 [INFO] PluginManage:310 - Check plugin lpbam
2026-04-03 14:10:50,073 [INFO] PluginManage:359 - Loaded plugin lpbam (category:base,tabindex:0)
2026-04-03 14:10:50,073 [INFO] PluginManage:310 - Check plugin memorymap
2026-04-03 14:10:50,084 [INFO] PluginManage:359 - Loaded plugin memorymap (category:base,tabindex:4)
2026-04-03 14:10:50,084 [INFO] PluginManage:310 - Check plugin pinoutandconfiguration
2026-04-03 14:10:50,091 [INFO] PluginManage:359 - Loaded plugin pinoutandconfiguration (category:base,tabindex:1)
2026-04-03 14:10:50,091 [INFO] PluginManage:310 - Check plugin pinoutconfig
2026-04-03 14:10:50,161 [WARN] SupportedApi:132 - Cannot load RTOS API schema: s4s-elt-must-match.1: The content of 'definitions' must match (annotation?, (simpleType | complexType)?, (unique | key | keyref)*)). A problem was found starting at: attribute.
2026-04-03 14:10:50,268 [INFO] PluginManage:359 - Loaded plugin pinoutconfig (category:base,tabindex:0)
2026-04-03 14:10:50,268 [INFO] PluginManage:310 - Check plugin power
2026-04-03 14:10:50,278 [INFO] PluginManage:359 - Loaded plugin power (category:power,tabindex:4)
2026-04-03 14:10:50,278 [INFO] PluginManage:310 - Check plugin projectmanager
2026-04-03 14:10:50,289 [INFO] PluginManage:359 - Loaded plugin projectmanager (category:projectmanager,tabindex:4)
2026-04-03 14:10:50,289 [INFO] PluginManage:310 - Check plugin rif
2026-04-03 14:10:50,298 [INFO] PluginManage:359 - Loaded plugin rif (category:base,tabindex:3)
2026-04-03 14:10:50,298 [INFO] PluginManage:310 - Check plugin thirdparty
2026-04-03 14:10:50,413 [INFO] PluginManage:359 - Loaded plugin thirdparty (category:base,tabindex:-1)
2026-04-03 14:10:50,413 [WARN] IntegrityCheckThread:84 - waiting for thirdparty lock release [integrity check]
2026-04-03 14:10:50,413 [INFO] IntegrityCheckThread:86 - entering critical section [integrity check]
2026-04-03 14:10:50,413 [INFO] PluginManage:310 - Check plugin tools
2026-04-03 14:10:50,414 [INFO] ThirdPartyUpdaterWithRetryManager:70 - Updater plugin not ready yet. [1/15]
2026-04-03 14:10:50,416 [INFO] PluginManage:359 - Loaded plugin tools (category:base,tabindex:7)
2026-04-03 14:10:50,416 [INFO] PluginManage:310 - Check plugin tutovideos
2026-04-03 14:10:50,588 [INFO] PluginManage:359 - Loaded plugin tutovideos (category:base,tabindex:-1)
2026-04-03 14:10:50,588 [INFO] PluginManage:310 - Check plugin updater
2026-04-03 14:10:50,604 [INFO] PluginManage:359 - Loaded plugin updater (category:base,tabindex:12)
2026-04-03 14:10:50,604 [INFO] PluginManage:310 - Check plugin userauth
2026-04-03 14:10:50,607 [INFO] UserAuth:118 - Init User Auth plugin
2026-04-03 14:10:50,608 [INFO] PluginManage:359 - Loaded plugin userauth (category:base,tabindex:14)
2026-04-03 14:10:50,608 [INFO] PluginManage:283 - PluginManage : Loaded plugins [18]
2026-04-03 14:10:50,768 [INFO] PinOutPanel:1589 - setPackage(No Configuration,No Configuration)
2026-04-03 14:10:50,835 [INFO] CADModel:165 - CPN selected for project level
2026-04-03 14:10:50,835 [INFO] CADModel:114 - Register for checkConnection events
2026-04-03 14:10:50,853 [INFO] IPUIPlugin:80 - create IPUIPlugin
2026-04-03 14:10:50,854 [INFO] PluginManager:220 - loadIPPluginJar : add adc
2026-04-03 14:10:50,856 [INFO] IPUIPlugin:80 - create IPUIPlugin
2026-04-03 14:10:50,856 [INFO] PluginManager:220 - loadIPPluginJar : add aes
2026-04-03 14:10:50,860 [INFO] IPUIPlugin:80 - create IPUIPlugin
2026-04-03 14:10:50,860 [INFO] PluginManager:220 - loadIPPluginJar : add can
2026-04-03 14:10:50,862 [INFO] IPUIPlugin:80 - create IPUIPlugin
2026-04-03 14:10:50,862 [INFO] PluginManager:220 - loadIPPluginJar : add comp
2026-04-03 14:10:50,865 [INFO] IPUIPlugin:80 - create IPUIPlugin
2026-04-03 14:10:50,865 [INFO] PluginManager:220 - loadIPPluginJar : add cryp
2026-04-03 14:10:50,869 [INFO] IPUIPlugin:80 - create IPUIPlugin
2026-04-03 14:10:50,869 [INFO] PluginManager:220 - loadIPPluginJar : add ddr_ctrl_phy
2026-04-03 14:10:50,871 [INFO] IPUIPlugin:80 - create IPUIPlugin
2026-04-03 14:10:50,871 [INFO] PluginManager:220 - loadIPPluginJar : add dfsdm
2026-04-03 14:10:50,876 [INFO] IPUIPlugin:80 - create IPUIPlugin
2026-04-03 14:10:50,877 [INFO] PluginManager:220 - loadIPPluginJar : add dma
2026-04-03 14:10:50,879 [INFO] IPUIPlugin:80 - create IPUIPlugin
2026-04-03 14:10:50,879 [INFO] PluginManager:220 - loadIPPluginJar : add dma3
2026-04-03 14:10:50,882 [INFO] IPUIPlugin:80 - create IPUIPlugin
2026-04-03 14:10:50,882 [INFO] PluginManager:220 - loadIPPluginJar : add extmemmanager
2026-04-03 14:10:50,883 [INFO] IPUIPlugin:80 - create IPUIPlugin
2026-04-03 14:10:50,883 [INFO] PluginManager:220 - loadIPPluginJar : add fatfs
2026-04-03 14:10:50,887 [INFO] IPUIPlugin:80 - create IPUIPlugin
2026-04-03 14:10:50,887 [INFO] PluginManager:220 - loadIPPluginJar : add fmc
2026-04-03 14:10:50,893 [INFO] IPUIPlugin:80 - create IPUIPlugin
2026-04-03 14:10:50,893 [INFO] PluginManager:220 - loadIPPluginJar : add freertos
2026-04-03 14:10:50,895 [INFO] IPUIPlugin:80 - create IPUIPlugin
2026-04-03 14:10:50,895 [INFO] PluginManager:220 - loadIPPluginJar : add genericplugin
2026-04-03 14:10:50,897 [INFO] IPUIPlugin:80 - create IPUIPlugin
2026-04-03 14:10:50,897 [INFO] PluginManager:220 - loadIPPluginJar : add gfxmmu
2026-04-03 14:10:50,901 [INFO] IPUIPlugin:80 - create IPUIPlugin
2026-04-03 14:10:50,901 [INFO] PluginManager:220 - loadIPPluginJar : add gic
2026-04-03 14:10:50,905 [INFO] IPUIPlugin:80 - create IPUIPlugin
2026-04-03 14:10:50,905 [INFO] PluginManager:220 - loadIPPluginJar : add gpio
2026-04-03 14:10:50,908 [INFO] IPUIPlugin:80 - create IPUIPlugin
2026-04-03 14:10:50,908 [INFO] PluginManager:220 - loadIPPluginJar : add gtzc
2026-04-03 14:10:50,910 [INFO] IPUIPlugin:80 - create IPUIPlugin
2026-04-03 14:10:50,910 [INFO] PluginManager:220 - loadIPPluginJar : add hash
2026-04-03 14:10:50,912 [INFO] IPUIPlugin:80 - create IPUIPlugin
2026-04-03 14:10:50,912 [INFO] PluginManager:220 - loadIPPluginJar : add i2c
2026-04-03 14:10:50,914 [INFO] IPUIPlugin:80 - create IPUIPlugin
2026-04-03 14:10:50,914 [INFO] PluginManager:220 - loadIPPluginJar : add i2s
2026-04-03 14:10:50,916 [INFO] IPUIPlugin:80 - create IPUIPlugin
2026-04-03 14:10:50,917 [INFO] PluginManager:220 - loadIPPluginJar : add i3c
2026-04-03 14:10:50,919 [INFO] IPUIPlugin:80 - create IPUIPlugin
2026-04-03 14:10:50,919 [INFO] PluginManager:220 - loadIPPluginJar : add ipddr
2026-04-03 14:10:50,925 [INFO] IPUIPlugin:80 - create IPUIPlugin
2026-04-03 14:10:50,925 [INFO] PluginManager:220 - loadIPPluginJar : add linkedlist
2026-04-03 14:10:50,929 [INFO] IPUIPlugin:80 - create IPUIPlugin
2026-04-03 14:10:50,930 [INFO] PluginManager:220 - loadIPPluginJar : add lorawan
2026-04-03 14:10:50,932 [INFO] IPUIPlugin:80 - create IPUIPlugin
2026-04-03 14:10:50,932 [INFO] PluginManager:220 - loadIPPluginJar : add ltdc
2026-04-03 14:10:50,938 [INFO] IPUIPlugin:80 - create IPUIPlugin
2026-04-03 14:10:50,939 [INFO] PluginManager:220 - loadIPPluginJar : add mdma
2026-04-03 14:10:50,942 [INFO] IPUIPlugin:80 - create IPUIPlugin
2026-04-03 14:10:50,942 [INFO] PluginManager:220 - loadIPPluginJar : add nvic
2026-04-03 14:10:50,944 [INFO] IPUIPlugin:80 - create IPUIPlugin
2026-04-03 14:10:50,944 [INFO] PluginManager:220 - loadIPPluginJar : add opamp
2026-04-03 14:10:50,947 [INFO] IPUIPlugin:80 - create IPUIPlugin
2026-04-03 14:10:50,947 [INFO] PluginManager:220 - loadIPPluginJar : add openamp
2026-04-03 14:10:50,950 [INFO] IPUIPlugin:80 - create IPUIPlugin
2026-04-03 14:10:50,951 [INFO] PluginManager:220 - loadIPPluginJar : add pdm2pcm
2026-04-03 14:10:50,955 [INFO] IPUIPlugin:80 - create IPUIPlugin
2026-04-03 14:10:50,958 [INFO] PluginManager:220 - loadIPPluginJar : add plateformsettings
2026-04-03 14:10:50,959 [INFO] IPUIPlugin:80 - create IPUIPlugin
2026-04-03 14:10:50,959 [INFO] PluginManager:220 - loadIPPluginJar : add quadspi
2026-04-03 14:10:50,961 [INFO] IPUIPlugin:80 - create IPUIPlugin
2026-04-03 14:10:50,962 [INFO] PluginManager:220 - loadIPPluginJar : add radio
2026-04-03 14:10:50,965 [INFO] IPUIPlugin:80 - create IPUIPlugin
2026-04-03 14:10:50,965 [INFO] PluginManager:220 - loadIPPluginJar : add resmgrutility
2026-04-03 14:10:50,968 [INFO] IPUIPlugin:80 - create IPUIPlugin
2026-04-03 14:10:50,968 [INFO] PluginManager:220 - loadIPPluginJar : add sai
2026-04-03 14:10:50,970 [INFO] IPUIPlugin:80 - create IPUIPlugin
2026-04-03 14:10:50,970 [INFO] PluginManager:220 - loadIPPluginJar : add spi
2026-04-03 14:10:50,976 [INFO] IPUIPlugin:80 - create IPUIPlugin
2026-04-03 14:10:50,976 [INFO] PluginManager:220 - loadIPPluginJar : add stm32_wpan
2026-04-03 14:10:50,977 [INFO] IPUIPlugin:80 - create IPUIPlugin
2026-04-03 14:10:50,978 [INFO] PluginManager:220 - loadIPPluginJar : add tim
2026-04-03 14:10:50,980 [INFO] IPUIPlugin:80 - create IPUIPlugin
2026-04-03 14:10:50,980 [INFO] PluginManager:220 - loadIPPluginJar : add touchsensing
2026-04-03 14:10:50,982 [INFO] IPUIPlugin:80 - create IPUIPlugin
2026-04-03 14:10:50,982 [INFO] PluginManager:220 - loadIPPluginJar : add tracer_emb
2026-04-03 14:10:50,984 [INFO] IPUIPlugin:80 - create IPUIPlugin
2026-04-03 14:10:50,984 [INFO] PluginManager:220 - loadIPPluginJar : add ts
2026-04-03 14:10:50,985 [INFO] IPUIPlugin:80 - create IPUIPlugin
2026-04-03 14:10:50,985 [INFO] PluginManager:220 - loadIPPluginJar : add tsc
2026-04-03 14:10:50,987 [INFO] IPUIPlugin:80 - create IPUIPlugin
2026-04-03 14:10:50,987 [INFO] PluginManager:220 - loadIPPluginJar : add ucpd
2026-04-03 14:10:50,989 [INFO] IPUIPlugin:80 - create IPUIPlugin
2026-04-03 14:10:50,989 [INFO] PluginManager:220 - loadIPPluginJar : add usart
2026-04-03 14:10:50,993 [INFO] IPUIPlugin:80 - create IPUIPlugin
2026-04-03 14:10:50,993 [INFO] PluginManager:220 - loadIPPluginJar : add usbx
2026-04-03 14:10:51,108 [FATAL] Updater:351 - Updater called before beeing initialized
2026-04-03 14:10:51,143 [INFO] RulesReader:64 - Compatibility file has been processed (317 Rules)
2026-04-03 14:10:51,151 [INFO] RulesReader:64 - Compatibility file has been processed (317 Rules)
2026-04-03 14:10:51,156 [INFO] CADModel:165 - CPN selected for project level
2026-04-03 14:10:51,156 [INFO] CADModel:114 - Register for checkConnection events
2026-04-03 14:10:51,156 [FATAL] Updater:351 - Updater called before beeing initialized
2026-04-03 14:10:51,156 [ERROR] CADModel:125 - Updater not yet initialized, retry later 
2026-04-03 14:10:51,259 [FATAL] Updater:351 - Updater called before beeing initialized
2026-04-03 14:10:51,261 [INFO] CADModel:165 - CPN selected for project level
2026-04-03 14:10:51,261 [INFO] CADModel:114 - Register for checkConnection events
2026-04-03 14:10:51,261 [FATAL] Updater:351 - Updater called before beeing initialized
2026-04-03 14:10:51,261 [ERROR] CADModel:125 - Updater not yet initialized, retry later 
2026-04-03 14:10:51,263 [FATAL] Updater:351 - Updater called before beeing initialized
2026-04-03 14:10:51,332 [FATAL] Updater:351 - Updater called before beeing initialized
2026-04-03 14:10:51,335 [INFO] DbMcusAds:53 - JSON generation date=Thu Jan 08 22:57:51 ICT 2026 (1767887871456)
2026-04-03 14:10:51,335 [FATAL] Updater:351 - Updater called before beeing initialized
2026-04-03 14:10:51,365 [WARN] DetailPanel:346 - Failed to get advertising image, set to default
2026-04-03 14:10:51,427 [FATAL] Updater:351 - Updater called before beeing initialized
2026-04-03 14:10:51,429 [FATAL] Updater:351 - Updater called before beeing initialized
2026-04-03 14:10:51,429 [FATAL] Updater:351 - Updater called before beeing initialized
2026-04-03 14:10:51,429 [WARN] DetailPanel:346 - Failed to get advertising image, set to default
2026-04-03 14:10:51,429 [FATAL] Updater:351 - Updater called before beeing initialized
2026-04-03 14:10:51,463 [ERROR] Updater:1198 - MainUpdater not yet initialized. External WinMGr cannot be set.
2026-04-03 14:10:51,463 [INFO] Updater:1134 - Updater Version found : 6.15.0
2026-04-03 14:10:51,477 [INFO] ApplicationProperties:184 - Using Application install path: C:\ST\STM32CubeIDE_1.19.0\STM32CubeIDE\plugins\com.st.stm32cube.common.mx_6.15.0.202507011659
2026-04-03 14:10:53,050 [ERROR] LogOutputStream:75 - [STDERR_REDIRECT] Apr 03, 2026 2:10:53 PM java.util.prefs.WindowsPreferences <init>
2026-04-03 14:10:53,051 [ERROR] LogOutputStream:75 - [STDERR_REDIRECT] WARNING: Could not open/create prefs root node Software\JavaSoft\Prefs at root 0xffffffff80000002. Windows RegCreateKeyEx(...) returned error code 5.
2026-04-03 14:10:53,051 [ERROR] LogOutputStream:75 - [STDERR_REDIRECT] 
2026-04-03 14:10:53,415 [INFO] ThirdPartyUpdaterWithRetryManager:70 - Updater plugin not ready yet. [2/15]
2026-04-03 14:10:53,500 [INFO] MainUpdater:2872 - connection check result : 10
2026-04-03 14:10:53,501 [INFO] MainUpdater:289 - Updater Check For Update Now.
2026-04-03 14:10:53,501 [INFO] MicroXplorer:498 - Change Database Version : DB.6.0.150
2026-04-03 14:10:53,506 [INFO] McuFinderGlobals:63 - Set McuFinder mode to 2 (CubeIDE integrated)
2026-04-03 14:10:53,506 [INFO] UserAuth:171 - activating auth plugin
2026-04-03 14:10:53,509 [INFO] UserAuth:487 - Internet connection configuration mode: 1
2026-04-03 14:10:53,528 [INFO] JxBrowserEngine:152 - Initiate JxBrowser Engine with user profile folder
2026-04-03 14:10:53,666 [INFO] CheckServerUpdateThread:120 - End of CheckServer Thread
2026-04-03 14:10:54,417 [INFO] WebApp:169 - Instantiating new browser for Auth
2026-04-03 14:10:54,965 [INFO] WebApp:463 - Apply proxy settings
2026-04-03 14:10:54,965 [INFO] WebApp:548 - Chromium requires no authentication
2026-04-03 14:10:54,974 [INFO] WebApp:491 - Direct internet connection detected
2026-04-03 14:10:54,992 [INFO] WebApp:900 - Register for checkConnection events
2026-04-03 14:10:54,993 [INFO] WebApp:463 - Apply proxy settings
2026-04-03 14:10:54,993 [INFO] WebApp:548 - Chromium requires no authentication
2026-04-03 14:10:54,993 [INFO] WebApp:491 - Direct internet connection detected
2026-04-03 14:10:55,148 [INFO] WebApp:225 - Starting web application
2026-04-03 14:10:55,148 [INFO] WebApp:593 - Web application path used C:\ST\STM32CubeIDE_1.19.0\STM32CubeIDE\plugins\com.st.stm32cube.common.mx_6.15.0.202507011659\db\plugins\mcufinder\reactClient1\index.html
2026-04-03 14:10:55,463 [INFO] WebApp:191 - Connection restablished
2026-04-03 14:10:56,629 [WARN] PackLoader:240 - Cannot read IP mode file for STMicroelectronics.X-CUBE-AZRTOS-H7.3.5.0
2026-04-03 14:10:56,637 [WARN] PackLoader:240 - Cannot read IP mode file for STMicroelectronics.FP-SNS-MOTENVWB1.1.4.0
2026-04-03 14:10:56,643 [WARN] PackLoader:240 - Cannot read IP mode file for STMicroelectronics.FP-ATR-ASTRA1.2.0.2
2026-04-03 14:10:56,648 [WARN] PackLoader:240 - Cannot read IP mode file for STMicroelectronics.X-CUBE-SMBUS.2.1.0
2026-04-03 14:10:56,651 [WARN] PackLoader:240 - Cannot read IP mode file for STMicroelectronics.X-CUBE-ST60.1.0.0
2026-04-03 14:10:56,668 [WARN] PackLoader:240 - Cannot read IP mode file for STMicroelectronics.X-CUBE-AZRTOS-F7.1.1.0
2026-04-03 14:10:56,674 [WARN] PackLoader:240 - Cannot read IP mode file for Cesanta.I-CUBE-Mongoose.7.19.0
2026-04-03 14:10:56,678 [WARN] PackLoader:240 - Cannot read IP mode file for STMicroelectronics.FP-SNS-MOTENV1.5.1.0
2026-04-03 14:10:56,686 [WARN] PackLoader:240 - Cannot read IP mode file for WES.I-CUBE-Cesium.1.4.0
2026-04-03 14:10:56,704 [WARN] PackLoader:240 - Cannot read IP mode file for Infineon.AIROC-Wi-Fi-Bluetooth-STM32.1.7.1
2026-04-03 14:10:56,721 [WARN] PackLoader:240 - Cannot read IP mode file for STMicroelectronics.X-CUBE-AZRTOS-H7.3.4.0
2026-04-03 14:10:56,729 [WARN] PackLoader:240 - Cannot read IP mode file for STMicroelectronics.X-CUBE-DISPLAY.3.0.0
2026-04-03 14:10:56,744 [WARN] PackLoader:240 - Cannot read IP mode file for STMicroelectronics.FP-SNS-MOTENVWB1.1.5.0
2026-04-03 14:10:56,752 [WARN] PackLoader:240 - Cannot read IP mode file for STMicroelectronics.X-CUBE-NFC10.1.0.0
2026-04-03 14:10:56,756 [WARN] PackLoader:240 - Cannot read IP mode file for STMicroelectronics.X-CUBE-ST60.1.1.0
2026-04-03 14:10:56,761 [WARN] PackLoader:240 - Cannot read IP mode file for emotas.I-CUBE-CANOPEN.1.3.0
2026-04-03 14:10:56,766 [WARN] PackLoader:240 - Cannot read IP mode file for STMicroelectronics.X-CUBE-GNSS1.7.1.0
2026-04-03 14:10:56,775 [WARN] PackLoader:240 - Cannot read IP mode file for STMicroelectronics.FP-SNS-STBOX1.2.1.0
2026-04-03 14:10:56,782 [WARN] PackLoader:240 - Cannot read IP mode file for STMicroelectronics.FP-SNS-SMARTAG2.1.2.0
2026-04-03 14:10:56,787 [WARN] PackLoader:240 - Cannot read IP mode file for STMicroelectronics.FP-SNS-FLIGHT1.5.1.0
2026-04-03 14:10:56,797 [INFO] LogOutputStream:77 - [STDOUT_REDIRECT] 1 : Invalid condition id : UX_CORESTACK_Condition cause : null
2026-04-03 14:10:56,798 [INFO] LogOutputStream:77 - [STDOUT_REDIRECT] 1 : Invalid condition id : UX_CORESTACK_Condition cause : null
2026-04-03 14:10:56,814 [INFO] LogOutputStream:77 - [STDOUT_REDIRECT] 1 : Invalid condition id : UX_CORESTACK_Condition cause : null
2026-04-03 14:10:56,815 [INFO] LogOutputStream:77 - [STDOUT_REDIRECT] 1 : Invalid condition id : UX_CORESTACK_Condition cause : null
2026-04-03 14:10:56,816 [INFO] LogOutputStream:77 - [STDOUT_REDIRECT] 1 : Invalid condition id : UX_CORESTACK_Condition cause : null
2026-04-03 14:10:56,820 [WARN] PackLoader:240 - Cannot read IP mode file for STMicroelectronics.X-CUBE-AZRTOS-WL.2.0.0
2026-04-03 14:10:56,826 [WARN] PackLoader:240 - Cannot read IP mode file for STMicroelectronics.FP-SNS-MOTENV1.5.0.0
2026-04-03 14:10:56,845 [WARN] PackLoader:240 - Cannot read IP mode file for STMicroelectronics.X-CUBE-AZRTOS-H7RS.1.2.0
2026-04-03 14:10:56,853 [WARN] PackLoader:240 - Cannot read IP mode file for STMicroelectronics.X-CUBE-BLE2.3.3.0
2026-04-03 14:10:56,871 [WARN] PackLoader:240 - Cannot read IP mode file for STMicroelectronics.X-CUBE-NFC9.1.0.0
2026-04-03 14:10:56,877 [WARN] PackLoader:240 - Cannot read IP mode file for wolfSSL.I-CUBE-wolfSSL.5.8.2
2026-04-03 14:10:56,882 [WARN] PackLoader:240 - Cannot read IP mode file for STMicroelectronics.X-CUBE-BLE1.7.1.0
2026-04-03 14:10:56,885 [WARN] PackLoader:240 - Cannot read IP mode file for wolfSSL.I-CUBE-wolfMQTT.1.19.2
2026-04-03 14:10:56,889 [WARN] PackLoader:240 - Cannot read IP mode file for STMicroelectronics.X-CUBE-FREERTOS.1.4.0
2026-04-03 14:10:56,893 [WARN] PackLoader:240 - Cannot read IP mode file for STMicroelectronics.X-CUBE-EEPRMA1.5.2.0
2026-04-03 14:10:56,898 [WARN] PackLoader:240 - Cannot read IP mode file for STMicroelectronics.X-CUBE-ST67W61.1.1.0
2026-04-03 14:10:56,929 [WARN] PackLoader:240 - Cannot read IP mode file for STMicroelectronics.X-CUBE-MEMS1.12.0.0
2026-04-03 14:10:57,017 [WARN] PackLoader:240 - Cannot read IP mode file for STMicroelectronics.X-CUBE-AZRTOS-G0.1.1.0
2026-04-03 14:10:57,025 [WARN] PackLoader:240 - Cannot read IP mode file for STMicroelectronics.X-CUBE-SAFEA1.1.2.2
2026-04-03 14:10:57,029 [WARN] PackLoader:240 - Cannot read IP mode file for STMicroelectronics.X-CUBE-NFC4.3.0.0
2026-04-03 14:10:57,035 [WARN] PackLoader:240 - Cannot read IP mode file for EmbeddedOffice.I-CUBE-FS-RTOS.1.0.1
2026-04-03 14:10:57,041 [WARN] PackLoader:240 - Cannot read IP mode file for STMicroelectronics.X-CUBE-WB05N.2.0.0
2026-04-03 14:10:57,045 [WARN] PackLoader:240 - Cannot read IP mode file for wolfSSL.I-CUBE-wolfTPM.3.8.0
2026-04-03 14:10:57,048 [WARN] PackLoader:240 - Cannot read IP mode file for STMicroelectronics.X-CUBE-TCPP.4.2.0
2026-04-03 14:10:57,052 [WARN] PackLoader:240 - Cannot read IP mode file for RealThread.X-CUBE-RT-Thread_Nano.4.1.1
2026-04-03 14:10:57,055 [WARN] PackLoader:240 - Cannot read IP mode file for STMicroelectronics.FP-ATR-SIGFOX1.3.2.0
2026-04-03 14:10:57,059 [WARN] PackLoader:240 - Cannot read IP mode file for STMicroelectronics.X-CUBE-FREERTOS.1.5.0
2026-04-03 14:10:57,063 [WARN] PackLoader:240 - Cannot read IP mode file for ITTIA_DB.I-CUBE-ITTIADB.8.9.0
2026-04-03 14:10:57,069 [WARN] PackLoader:240 - Cannot read IP mode file for STMicroelectronics.X-CUBE-NFC6.3.2.0
2026-04-03 14:10:57,074 [WARN] PackLoader:240 - Cannot read IP mode file for STMicroelectronics.X-CUBE-AI.10.2.0
2026-04-03 14:10:57,089 [WARN] PackLoader:240 - Cannot read IP mode file for SEGGER.I-CUBE-embOS.1.3.1
2026-04-03 14:10:57,110 [WARN] PackLoader:240 - Cannot read IP mode file for STMicroelectronics.X-CUBE-ALGOBUILD.1.4.0
2026-04-03 14:10:57,142 [WARN] PackLoader:240 - Cannot read IP mode file for STMicroelectronics.X-CUBE-MEMS1.11.3.0
2026-04-03 14:10:57,213 [WARN] PackLoader:240 - Cannot read IP mode file for STMicroelectronics.X-CUBE-PM33A1.1.0.0
2026-04-03 14:10:57,222 [WARN] PackLoader:240 - Cannot read IP mode file for STMicroelectronics.X-CUBE-AZRTOS-F4.1.1.0
2026-04-03 14:10:57,230 [WARN] PackLoader:240 - Cannot read IP mode file for STMicroelectronics.X-CUBE-ISPU.2.1.0
2026-04-03 14:10:57,239 [WARN] PackLoader:240 - Cannot read IP mode file for STMicroelectronics.X-CUBE-IPS.3.2.0
2026-04-03 14:10:57,247 [WARN] PackLoader:240 - Cannot read IP mode file for STMicroelectronics.X-CUBE-NFC12.1.0.0
2026-04-03 14:10:57,261 [WARN] PackLoader:240 - Cannot read IP mode file for STMicroelectronics.X-CUBE-AZRTOS-L5.2.0.0
2026-04-03 14:10:57,268 [WARN] PackLoader:240 - Cannot read IP mode file for STMicroelectronics.X-CUBE-NFC6.3.1.0
2026-04-03 14:10:57,273 [WARN] PackLoader:240 - Cannot read IP mode file for STMicroelectronics.X-CUBE-FREERTOS.1.3.1
2026-04-03 14:10:57,278 [WARN] PackLoader:240 - Cannot read IP mode file for STMicroelectronics.X-CUBE-TOUCHGFX.4.26.0
2026-04-03 14:10:57,296 [WARN] PackLoader:240 - Cannot read IP mode file for STMicroelectronics.X-CUBE-TOUCHGFX.4.26.1
2026-04-03 14:10:57,303 [WARN] PackLoader:240 - Cannot read IP mode file for STMicroelectronics.FP-SNS-STAIOTCFT.1.0.0
2026-04-03 14:10:57,308 [WARN] PackLoader:240 - Cannot read IP mode file for STMicroelectronics.X-CUBE-DPower.1.3.0
2026-04-03 14:10:57,326 [WARN] ConditionMgr:438 - getConditionDescription Invalid condition id : LAN8742 Phy interface Condition cause : null
2026-04-03 14:10:57,327 [WARN] PackLoader:240 - Cannot read IP mode file for STMicroelectronics.X-CUBE-AZRTOS-L4.2.0.0
2026-04-03 14:10:57,328 [WARN] ConditionMgr:1044 - genDependencies : Invalid condition id : LAN8742 Phy interface Condition cause : null
2026-04-03 14:10:57,328 [WARN] ConditionMgr:1044 - genDependencies : Invalid condition id : LAN8742 Phy interface Condition cause : null
2026-04-03 14:10:57,328 [WARN] ConditionMgr:1044 - genDependencies : Invalid condition id : LAN8742 Phy interface Condition cause : null
2026-04-03 14:10:57,334 [WARN] PackLoader:240 - Cannot read IP mode file for STMicroelectronics.X-CUBE-SFXS2LP1.4.0.0
2026-04-03 14:10:57,337 [WARN] PackLoader:240 - Cannot read IP mode file for STMicroelectronics.X-CUBE-ST67W61.1.2.0
2026-04-03 14:10:57,345 [WARN] PackLoader:240 - Cannot read IP mode file for STMicroelectronics.X-CUBE-BLEMGR.4.1.0
2026-04-03 14:10:57,354 [WARN] ConditionMgr:438 - getConditionDescription Invalid condition id : UX DEVICE CLASS RTOS Condition cause : null
2026-04-03 14:10:57,355 [WARN] ConditionMgr:438 - getConditionDescription Invalid condition id : UX DEVICE CLASS RTOS Condition cause : null
2026-04-03 14:10:57,356 [WARN] PackLoader:240 - Cannot read IP mode file for STMicroelectronics.X-CUBE-AZRTOS-WB.2.0.0
2026-04-03 14:10:57,356 [WARN] ConditionMgr:1044 - genDependencies : Invalid condition id : UX DEVICE CLASS RTOS Condition cause : null
2026-04-03 14:10:57,356 [WARN] ConditionMgr:1044 - genDependencies : Invalid condition id : UX DEVICE CLASS RTOS Condition cause : null
2026-04-03 14:10:57,357 [WARN] ConditionMgr:1044 - genDependencies : Invalid condition id : UX DEVICE CLASS RTOS Condition cause : null
2026-04-03 14:10:57,357 [WARN] ConditionMgr:1044 - genDependencies : Invalid condition id : UX DEVICE CLASS RTOS Condition cause : null
2026-04-03 14:10:57,357 [WARN] ConditionMgr:1044 - genDependencies : Invalid condition id : UX DEVICE CLASS RTOS Condition cause : null
2026-04-03 14:10:57,360 [WARN] PackLoader:240 - Cannot read IP mode file for STMicroelectronics.X-CUBE-GNSS1.7.0.1
2026-04-03 14:10:57,363 [WARN] ConditionMgr:438 - getConditionDescription Invalid condition id : Cortex-A Device cause : null
2026-04-03 14:10:57,368 [WARN] ConditionMgr:1044 - genDependencies : Invalid condition id : Cortex-A Device cause : null
2026-04-03 14:10:57,368 [WARN] ConditionMgr:1044 - genDependencies : Invalid condition id : Cortex-A Device cause : null
2026-04-03 14:10:57,368 [WARN] ConditionMgr:1044 - genDependencies : Invalid condition id : Cortex-A Device cause : null
2026-04-03 14:10:57,372 [WARN] PackLoader:240 - Cannot read IP mode file for STMicroelectronics.X-CUBE-STSE01.2.0.0
2026-04-03 14:10:57,379 [WARN] PackLoader:240 - Cannot read IP mode file for STMicroelectronics.X-CUBE-SUBG2.5.0.0
2026-04-03 14:10:57,391 [WARN] PackLoader:240 - Cannot read IP mode file for STMicroelectronics.X-CUBE-AZRTOS-H7RS.1.1.0
2026-04-03 14:10:57,401 [WARN] PackLoader:240 - Cannot read IP mode file for STMicroelectronics.X-CUBE-AZRTOS-G4.2.0.0
2026-04-03 14:10:57,404 [WARN] PackLoader:240 - Cannot read IP mode file for wolfSSL.I-CUBE-wolfSSH.1.4.20
2026-04-03 14:10:57,407 [WARN] PackLoader:240 - Cannot read IP mode file for STMicroelectronics.X-CUBE-NFC7.2.0.0
2026-04-03 14:10:57,411 [WARN] PackLoader:240 - Cannot read IP mode file for STMicroelectronics.X-CUBE-ALS.1.0.2
2026-04-03 14:10:57,414 [WARN] PackLoader:240 - Cannot read IP mode file for STMicroelectronics.X-CUBE-STSE01.1.0.0
2026-04-03 14:10:57,424 [WARN] PackLoader:240 - Cannot read IP mode file for STMicroelectronics.X-CUBE-TOF1.3.4.3
2026-04-03 14:10:57,429 [INFO] ThirdParty:978 - Integrity check success = true
2026-04-03 14:10:57,430 [INFO] IntegrityCheckThread:100 - exiting critical section [integrity check]
2026-04-03 14:10:57,430 [INFO] IntegrityCheckThread:103 - End integrity checks thread
2026-04-03 14:12:54,930 [INFO] Activator:176 - 


2026-04-03 14:12:54,932 [INFO] Activator:177 - !SESSION log4j initialized
2026-04-03 14:12:59,049 [INFO] LogOutputStream:77 - [STDOUT_REDIRECT] 
2026-04-03 14:12:59,615 [INFO] ApplicationProperties:184 - Using Application install path: C:\ST\STM32CubeIDE_1.19.0\STM32CubeIDE\plugins\com.st.stm32cube.common.mx_6.15.0.202507011659
2026-04-03 14:12:59,630 [INFO] DbMcusXml:78 - Set database path to: C:\ST\STM32CubeIDE_1.19.0\STM32CubeIDE\plugins\com.st.stm32cube.common.mx_6.15.0.202507011659\\db\/mcu/
2026-04-03 14:12:59,630 [INFO] ApiDb:274 - Set plugin database path to: C:\ST\STM32CubeIDE_1.19.0\STM32CubeIDE\plugins\com.st.stm32cube.common.mx_6.15.0.202507011659\\db\/plugins/boardmanager/
2026-04-03 14:12:59,630 [WARN] ApiDb:259 - Overriding images path with different value:  => C:\ST\STM32CubeIDE_1.19.0\STM32CubeIDE\plugins\com.st.stm32cube.common.mx_6.15.0.202507011659\\db\/plugins/mcufinder/images/
2026-04-03 14:12:59,634 [INFO] ApiDb:250 - Set database path to: C:\Users\Admin\.stmcufinder\plugins\mcufinder//mcu/
2026-04-03 14:12:59,635 [INFO] DbMcusAds:125 - Set database path to: C:\Users\Admin\.stmcufinder\plugins\mcufinder//mcu/
2026-04-03 14:12:59,636 [INFO] CrossReferenceDbSqlite:203 - Set database path to: C:\Users\Admin\.stmcufinder\plugins\mcufinder//mcu/cs/
2026-04-03 14:12:59,732 [INFO] RulesReader:64 - Compatibility file has been processed (317 Rules)
2026-04-03 14:12:59,790 [INFO] DbMcusXml:78 - Set database path to: C:\ST\STM32CubeIDE_1.19.0\STM32CubeIDE\plugins\com.st.stm32cube.common.mx_6.15.0.202507011659\\db\/mcu/
2026-04-03 14:12:59,790 [INFO] ApiDb:274 - Set plugin database path to: C:\ST\STM32CubeIDE_1.19.0\STM32CubeIDE\plugins\com.st.stm32cube.common.mx_6.15.0.202507011659\\db\/plugins/boardmanager/
2026-04-03 14:12:59,790 [INFO] ApiDb:261 - Set plugin images path to: C:\ST\STM32CubeIDE_1.19.0\STM32CubeIDE\plugins\com.st.stm32cube.common.mx_6.15.0.202507011659\\db\/plugins/mcufinder/images/
2026-04-03 14:12:59,790 [WARN] DbFile:41 - Overriding database path with different value: C:\Users\Admin\.stmcufinder\plugins\mcufinder/ => C:\Users\Admin\.stmcufinder\plugins\mcufinder
2026-04-03 14:12:59,790 [INFO] ApiDb:250 - Set database path to: C:\Users\Admin\.stmcufinder\plugins\mcufinder//mcu/
2026-04-03 14:12:59,791 [WARN] DbFile:41 - Overriding database path with different value: C:\Users\Admin\.stmcufinder\plugins\mcufinder/ => C:\Users\Admin\.stmcufinder\plugins\mcufinder
2026-04-03 14:12:59,791 [INFO] DbMcusAds:125 - Set database path to: C:\Users\Admin\.stmcufinder\plugins\mcufinder//mcu/
2026-04-03 14:12:59,791 [WARN] DbFile:41 - Overriding database path with different value: C:\Users\Admin\.stmcufinder\plugins\mcufinder/ => C:\Users\Admin\.stmcufinder\plugins\mcufinder
2026-04-03 14:12:59,791 [WARN] DbFile:41 - Overriding database path with different value: C:\Users\Admin\.stmcufinder\plugins\mcufinder/ => C:\Users\Admin\.stmcufinder\plugins\mcufinder
2026-04-03 14:12:59,791 [INFO] CrossReferenceDbSqlite:203 - Set database path to: C:\Users\Admin\.stmcufinder\plugins\mcufinder//mcu/cs/
2026-04-03 14:12:59,838 [INFO] MainPanel:274 - HeapMemory: 268435456
2026-04-03 14:12:59,897 [INFO] DbMcusXml:78 - Set database path to: C:\ST\STM32CubeIDE_1.19.0\STM32CubeIDE\plugins\com.st.stm32cube.common.mx_6.15.0.202507011659\\db\/mcu/
2026-04-03 14:12:59,897 [INFO] ApiDb:274 - Set plugin database path to: C:\ST\STM32CubeIDE_1.19.0\STM32CubeIDE\plugins\com.st.stm32cube.common.mx_6.15.0.202507011659\\db\/plugins/boardmanager/
2026-04-03 14:12:59,897 [INFO] ApiDb:261 - Set plugin images path to: C:\ST\STM32CubeIDE_1.19.0\STM32CubeIDE\plugins\com.st.stm32cube.common.mx_6.15.0.202507011659\\db\/plugins/mcufinder/images/
2026-04-03 14:12:59,897 [WARN] DbFile:41 - Overriding database path with different value: C:\Users\Admin\.stmcufinder\plugins\mcufinder/ => C:\Users\Admin\.stmcufinder\plugins\mcufinder
2026-04-03 14:12:59,897 [INFO] ApiDb:250 - Set database path to: C:\Users\Admin\.stmcufinder\plugins\mcufinder//mcu/
2026-04-03 14:12:59,897 [WARN] DbFile:41 - Overriding database path with different value: C:\Users\Admin\.stmcufinder\plugins\mcufinder/ => C:\Users\Admin\.stmcufinder\plugins\mcufinder
2026-04-03 14:12:59,898 [INFO] DbMcusAds:125 - Set database path to: C:\Users\Admin\.stmcufinder\plugins\mcufinder//mcu/
2026-04-03 14:12:59,898 [WARN] DbFile:41 - Overriding database path with different value: C:\Users\Admin\.stmcufinder\plugins\mcufinder/ => C:\Users\Admin\.stmcufinder\plugins\mcufinder
2026-04-03 14:12:59,898 [WARN] DbFile:41 - Overriding database path with different value: C:\Users\Admin\.stmcufinder\plugins\mcufinder/ => C:\Users\Admin\.stmcufinder\plugins\mcufinder
2026-04-03 14:12:59,898 [INFO] CrossReferenceDbSqlite:203 - Set database path to: C:\Users\Admin\.stmcufinder\plugins\mcufinder//mcu/cs/
2026-04-03 14:12:59,909 [INFO] ApplicationProperties:184 - Using Application install path: C:\ST\STM32CubeIDE_1.19.0\STM32CubeIDE\plugins\com.st.stm32cube.common.mx_6.15.0.202507011659
2026-04-03 14:12:59,910 [INFO] PluginManage:196 - Search for loadable plugins [exclusion list=, ]
2026-04-03 14:12:59,911 [INFO] PluginManage:310 - Check plugin analytics
2026-04-03 14:13:00,034 [INFO] AnalyticsPlugin:253 - Accepted Software Licenses: 
2026-04-03 14:13:00,034 [INFO] AnalyticsPlugin:255 - Accepted CMSIS Pack Licenses: 
2026-04-03 14:13:00,035 [INFO] AnalyticsPlugin:257 - Accepted Firmware Licenses: FW.F4.1.28.0
2026-04-03 14:13:00,036 [INFO] PluginManage:359 - Loaded plugin analytics (category:tool,tabindex:-1)
2026-04-03 14:13:00,037 [INFO] PluginManage:310 - Check plugin cadmodel
2026-04-03 14:13:00,040 [INFO] CADModel:105 - Init CAD model plugin
2026-04-03 14:13:00,040 [INFO] PluginManage:359 - Loaded plugin cadmodel (category:power,tabindex:5)
2026-04-03 14:13:00,040 [INFO] PluginManage:310 - Check plugin clock
2026-04-03 14:13:00,046 [INFO] PluginManage:359 - Loaded plugin clock (category:base,tabindex:2)
2026-04-03 14:13:00,046 [INFO] PluginManage:310 - Check plugin ddr
2026-04-03 14:13:00,048 [INFO] PluginManage:359 - Loaded plugin ddr (category:tool,tabindex:6)
2026-04-03 14:13:00,048 [INFO] PluginManage:310 - Check plugin filemanager
2026-04-03 14:13:00,151 [INFO] PluginManage:359 - Loaded plugin filemanager (category:base,tabindex:10)
2026-04-03 14:13:00,151 [INFO] PluginManage:310 - Check plugin ipmanager
2026-04-03 14:13:00,156 [INFO] PluginManage:359 - Loaded plugin ipmanager (category:base,tabindex:5)
2026-04-03 14:13:00,156 [INFO] PluginManage:310 - Check plugin lpbam
2026-04-03 14:13:00,161 [INFO] PluginManage:359 - Loaded plugin lpbam (category:base,tabindex:0)
2026-04-03 14:13:00,162 [INFO] PluginManage:310 - Check plugin memorymap
2026-04-03 14:13:00,169 [INFO] PluginManage:359 - Loaded plugin memorymap (category:base,tabindex:4)
2026-04-03 14:13:00,169 [INFO] PluginManage:310 - Check plugin pinoutandconfiguration
2026-04-03 14:13:00,174 [INFO] PluginManage:359 - Loaded plugin pinoutandconfiguration (category:base,tabindex:1)
2026-04-03 14:13:00,174 [INFO] PluginManage:310 - Check plugin pinoutconfig
2026-04-03 14:13:00,239 [WARN] SupportedApi:132 - Cannot load RTOS API schema: s4s-elt-must-match.1: The content of 'definitions' must match (annotation?, (simpleType | complexType)?, (unique | key | keyref)*)). A problem was found starting at: attribute.
2026-04-03 14:13:00,333 [INFO] PluginManage:359 - Loaded plugin pinoutconfig (category:base,tabindex:0)
2026-04-03 14:13:00,333 [INFO] PluginManage:310 - Check plugin power
2026-04-03 14:13:00,340 [INFO] PluginManage:359 - Loaded plugin power (category:power,tabindex:4)
2026-04-03 14:13:00,340 [INFO] PluginManage:310 - Check plugin projectmanager
2026-04-03 14:13:00,351 [INFO] PluginManage:359 - Loaded plugin projectmanager (category:projectmanager,tabindex:4)
2026-04-03 14:13:00,351 [INFO] PluginManage:310 - Check plugin rif
2026-04-03 14:13:00,357 [INFO] PluginManage:359 - Loaded plugin rif (category:base,tabindex:3)
2026-04-03 14:13:00,358 [INFO] PluginManage:310 - Check plugin thirdparty
2026-04-03 14:13:00,445 [INFO] PluginManage:359 - Loaded plugin thirdparty (category:base,tabindex:-1)
2026-04-03 14:13:00,445 [INFO] PluginManage:310 - Check plugin tools
2026-04-03 14:13:00,445 [WARN] IntegrityCheckThread:84 - waiting for thirdparty lock release [integrity check]
2026-04-03 14:13:00,445 [INFO] IntegrityCheckThread:86 - entering critical section [integrity check]
2026-04-03 14:13:00,445 [INFO] ThirdPartyUpdaterWithRetryManager:70 - Updater plugin not ready yet. [1/15]
2026-04-03 14:13:00,446 [INFO] PluginManage:359 - Loaded plugin tools (category:base,tabindex:7)
2026-04-03 14:13:00,447 [INFO] PluginManage:310 - Check plugin tutovideos
2026-04-03 14:13:00,584 [INFO] PluginManage:359 - Loaded plugin tutovideos (category:base,tabindex:-1)
2026-04-03 14:13:00,584 [INFO] PluginManage:310 - Check plugin updater
2026-04-03 14:13:00,600 [INFO] PluginManage:359 - Loaded plugin updater (category:base,tabindex:12)
2026-04-03 14:13:00,600 [INFO] PluginManage:310 - Check plugin userauth
2026-04-03 14:13:00,603 [INFO] UserAuth:118 - Init User Auth plugin
2026-04-03 14:13:00,604 [INFO] PluginManage:359 - Loaded plugin userauth (category:base,tabindex:14)
2026-04-03 14:13:00,604 [INFO] PluginManage:283 - PluginManage : Loaded plugins [18]
2026-04-03 14:13:00,749 [INFO] PinOutPanel:1589 - setPackage(No Configuration,No Configuration)
2026-04-03 14:13:00,810 [INFO] CADModel:165 - CPN selected for project level
2026-04-03 14:13:00,810 [INFO] CADModel:114 - Register for checkConnection events
2026-04-03 14:13:00,821 [INFO] IPUIPlugin:80 - create IPUIPlugin
2026-04-03 14:13:00,821 [INFO] PluginManager:220 - loadIPPluginJar : add adc
2026-04-03 14:13:00,823 [INFO] IPUIPlugin:80 - create IPUIPlugin
2026-04-03 14:13:00,823 [INFO] PluginManager:220 - loadIPPluginJar : add aes
2026-04-03 14:13:00,825 [INFO] IPUIPlugin:80 - create IPUIPlugin
2026-04-03 14:13:00,825 [INFO] PluginManager:220 - loadIPPluginJar : add can
2026-04-03 14:13:00,826 [INFO] IPUIPlugin:80 - create IPUIPlugin
2026-04-03 14:13:00,826 [INFO] PluginManager:220 - loadIPPluginJar : add comp
2026-04-03 14:13:00,828 [INFO] IPUIPlugin:80 - create IPUIPlugin
2026-04-03 14:13:00,828 [INFO] PluginManager:220 - loadIPPluginJar : add cryp
2026-04-03 14:13:00,829 [INFO] IPUIPlugin:80 - create IPUIPlugin
2026-04-03 14:13:00,829 [INFO] PluginManager:220 - loadIPPluginJar : add ddr_ctrl_phy
2026-04-03 14:13:00,831 [INFO] IPUIPlugin:80 - create IPUIPlugin
2026-04-03 14:13:00,831 [INFO] PluginManager:220 - loadIPPluginJar : add dfsdm
2026-04-03 14:13:00,835 [INFO] IPUIPlugin:80 - create IPUIPlugin
2026-04-03 14:13:00,835 [INFO] PluginManager:220 - loadIPPluginJar : add dma
2026-04-03 14:13:00,837 [INFO] IPUIPlugin:80 - create IPUIPlugin
2026-04-03 14:13:00,837 [INFO] PluginManager:220 - loadIPPluginJar : add dma3
2026-04-03 14:13:00,839 [INFO] IPUIPlugin:80 - create IPUIPlugin
2026-04-03 14:13:00,839 [INFO] PluginManager:220 - loadIPPluginJar : add extmemmanager
2026-04-03 14:13:00,841 [INFO] IPUIPlugin:80 - create IPUIPlugin
2026-04-03 14:13:00,841 [INFO] PluginManager:220 - loadIPPluginJar : add fatfs
2026-04-03 14:13:00,844 [INFO] IPUIPlugin:80 - create IPUIPlugin
2026-04-03 14:13:00,844 [INFO] PluginManager:220 - loadIPPluginJar : add fmc
2026-04-03 14:13:00,848 [INFO] IPUIPlugin:80 - create IPUIPlugin
2026-04-03 14:13:00,848 [INFO] PluginManager:220 - loadIPPluginJar : add freertos
2026-04-03 14:13:00,849 [INFO] IPUIPlugin:80 - create IPUIPlugin
2026-04-03 14:13:00,849 [INFO] PluginManager:220 - loadIPPluginJar : add genericplugin
2026-04-03 14:13:00,851 [INFO] IPUIPlugin:80 - create IPUIPlugin
2026-04-03 14:13:00,851 [INFO] PluginManager:220 - loadIPPluginJar : add gfxmmu
2026-04-03 14:13:00,854 [INFO] IPUIPlugin:80 - create IPUIPlugin
2026-04-03 14:13:00,854 [INFO] PluginManager:220 - loadIPPluginJar : add gic
2026-04-03 14:13:00,857 [INFO] IPUIPlugin:80 - create IPUIPlugin
2026-04-03 14:13:00,857 [INFO] PluginManager:220 - loadIPPluginJar : add gpio
2026-04-03 14:13:00,859 [INFO] IPUIPlugin:80 - create IPUIPlugin
2026-04-03 14:13:00,859 [INFO] PluginManager:220 - loadIPPluginJar : add gtzc
2026-04-03 14:13:00,860 [INFO] IPUIPlugin:80 - create IPUIPlugin
2026-04-03 14:13:00,860 [INFO] PluginManager:220 - loadIPPluginJar : add hash
2026-04-03 14:13:00,862 [INFO] IPUIPlugin:80 - create IPUIPlugin
2026-04-03 14:13:00,862 [INFO] PluginManager:220 - loadIPPluginJar : add i2c
2026-04-03 14:13:00,864 [INFO] IPUIPlugin:80 - create IPUIPlugin
2026-04-03 14:13:00,864 [INFO] PluginManager:220 - loadIPPluginJar : add i2s
2026-04-03 14:13:00,865 [INFO] IPUIPlugin:80 - create IPUIPlugin
2026-04-03 14:13:00,866 [INFO] PluginManager:220 - loadIPPluginJar : add i3c
2026-04-03 14:13:00,868 [INFO] IPUIPlugin:80 - create IPUIPlugin
2026-04-03 14:13:00,868 [INFO] PluginManager:220 - loadIPPluginJar : add ipddr
2026-04-03 14:13:00,873 [INFO] IPUIPlugin:80 - create IPUIPlugin
2026-04-03 14:13:00,873 [INFO] PluginManager:220 - loadIPPluginJar : add linkedlist
2026-04-03 14:13:00,875 [INFO] IPUIPlugin:80 - create IPUIPlugin
2026-04-03 14:13:00,875 [INFO] PluginManager:220 - loadIPPluginJar : add lorawan
2026-04-03 14:13:00,875 [INFO] IPUIPlugin:80 - create IPUIPlugin
2026-04-03 14:13:00,876 [INFO] PluginManager:220 - loadIPPluginJar : add ltdc
2026-04-03 14:13:00,879 [INFO] IPUIPlugin:80 - create IPUIPlugin
2026-04-03 14:13:00,879 [INFO] PluginManager:220 - loadIPPluginJar : add mdma
2026-04-03 14:13:00,881 [INFO] IPUIPlugin:80 - create IPUIPlugin
2026-04-03 14:13:00,882 [INFO] PluginManager:220 - loadIPPluginJar : add nvic
2026-04-03 14:13:00,883 [INFO] IPUIPlugin:80 - create IPUIPlugin
2026-04-03 14:13:00,883 [INFO] PluginManager:220 - loadIPPluginJar : add opamp
2026-04-03 14:13:00,885 [INFO] IPUIPlugin:80 - create IPUIPlugin
2026-04-03 14:13:00,885 [INFO] PluginManager:220 - loadIPPluginJar : add openamp
2026-04-03 14:13:00,887 [INFO] IPUIPlugin:80 - create IPUIPlugin
2026-04-03 14:13:00,887 [INFO] PluginManager:220 - loadIPPluginJar : add pdm2pcm
2026-04-03 14:13:00,891 [INFO] IPUIPlugin:80 - create IPUIPlugin
2026-04-03 14:13:00,893 [INFO] PluginManager:220 - loadIPPluginJar : add plateformsettings
2026-04-03 14:13:00,894 [INFO] IPUIPlugin:80 - create IPUIPlugin
2026-04-03 14:13:00,894 [INFO] PluginManager:220 - loadIPPluginJar : add quadspi
2026-04-03 14:13:00,895 [INFO] IPUIPlugin:80 - create IPUIPlugin
2026-04-03 14:13:00,896 [INFO] PluginManager:220 - loadIPPluginJar : add radio
2026-04-03 14:13:00,898 [INFO] IPUIPlugin:80 - create IPUIPlugin
2026-04-03 14:13:00,898 [INFO] PluginManager:220 - loadIPPluginJar : add resmgrutility
2026-04-03 14:13:00,900 [INFO] IPUIPlugin:80 - create IPUIPlugin
2026-04-03 14:13:00,900 [INFO] PluginManager:220 - loadIPPluginJar : add sai
2026-04-03 14:13:00,901 [INFO] IPUIPlugin:80 - create IPUIPlugin
2026-04-03 14:13:00,901 [INFO] PluginManager:220 - loadIPPluginJar : add spi
2026-04-03 14:13:00,906 [INFO] IPUIPlugin:80 - create IPUIPlugin
2026-04-03 14:13:00,906 [INFO] PluginManager:220 - loadIPPluginJar : add stm32_wpan
2026-04-03 14:13:00,907 [INFO] IPUIPlugin:80 - create IPUIPlugin
2026-04-03 14:13:00,907 [INFO] PluginManager:220 - loadIPPluginJar : add tim
2026-04-03 14:13:00,909 [INFO] IPUIPlugin:80 - create IPUIPlugin
2026-04-03 14:13:00,910 [INFO] PluginManager:220 - loadIPPluginJar : add touchsensing
2026-04-03 14:13:00,911 [INFO] IPUIPlugin:80 - create IPUIPlugin
2026-04-03 14:13:00,911 [INFO] PluginManager:220 - loadIPPluginJar : add tracer_emb
2026-04-03 14:13:00,912 [INFO] IPUIPlugin:80 - create IPUIPlugin
2026-04-03 14:13:00,912 [INFO] PluginManager:220 - loadIPPluginJar : add ts
2026-04-03 14:13:00,913 [INFO] IPUIPlugin:80 - create IPUIPlugin
2026-04-03 14:13:00,913 [INFO] PluginManager:220 - loadIPPluginJar : add tsc
2026-04-03 14:13:00,914 [INFO] IPUIPlugin:80 - create IPUIPlugin
2026-04-03 14:13:00,914 [INFO] PluginManager:220 - loadIPPluginJar : add ucpd
2026-04-03 14:13:00,916 [INFO] IPUIPlugin:80 - create IPUIPlugin
2026-04-03 14:13:00,916 [INFO] PluginManager:220 - loadIPPluginJar : add usart
2026-04-03 14:13:00,918 [INFO] IPUIPlugin:80 - create IPUIPlugin
2026-04-03 14:13:00,918 [INFO] PluginManager:220 - loadIPPluginJar : add usbx
2026-04-03 14:13:01,027 [FATAL] Updater:351 - Updater called before beeing initialized
2026-04-03 14:13:01,053 [INFO] RulesReader:64 - Compatibility file has been processed (317 Rules)
2026-04-03 14:13:01,062 [INFO] RulesReader:64 - Compatibility file has been processed (317 Rules)
2026-04-03 14:13:01,067 [INFO] CADModel:165 - CPN selected for project level
2026-04-03 14:13:01,067 [INFO] CADModel:114 - Register for checkConnection events
2026-04-03 14:13:01,067 [FATAL] Updater:351 - Updater called before beeing initialized
2026-04-03 14:13:01,067 [ERROR] CADModel:125 - Updater not yet initialized, retry later 
2026-04-03 14:13:01,183 [FATAL] Updater:351 - Updater called before beeing initialized
2026-04-03 14:13:01,185 [INFO] CADModel:165 - CPN selected for project level
2026-04-03 14:13:01,185 [INFO] CADModel:114 - Register for checkConnection events
2026-04-03 14:13:01,185 [FATAL] Updater:351 - Updater called before beeing initialized
2026-04-03 14:13:01,185 [ERROR] CADModel:125 - Updater not yet initialized, retry later 
2026-04-03 14:13:01,189 [FATAL] Updater:351 - Updater called before beeing initialized
2026-04-03 14:13:01,300 [FATAL] Updater:351 - Updater called before beeing initialized
2026-04-03 14:13:01,302 [INFO] DbMcusAds:53 - JSON generation date=Thu Jan 08 22:57:51 ICT 2026 (1767887871456)
2026-04-03 14:13:01,303 [FATAL] Updater:351 - Updater called before beeing initialized
2026-04-03 14:13:01,328 [WARN] DetailPanel:346 - Failed to get advertising image, set to default
2026-04-03 14:13:01,393 [FATAL] Updater:351 - Updater called before beeing initialized
2026-04-03 14:13:01,394 [FATAL] Updater:351 - Updater called before beeing initialized
2026-04-03 14:13:01,394 [FATAL] Updater:351 - Updater called before beeing initialized
2026-04-03 14:13:01,394 [WARN] DetailPanel:346 - Failed to get advertising image, set to default
2026-04-03 14:13:01,395 [FATAL] Updater:351 - Updater called before beeing initialized
2026-04-03 14:13:01,428 [ERROR] Updater:1198 - MainUpdater not yet initialized. External WinMGr cannot be set.
2026-04-03 14:13:01,428 [INFO] Updater:1134 - Updater Version found : 6.15.0
2026-04-03 14:13:01,440 [INFO] ApplicationProperties:184 - Using Application install path: C:\ST\STM32CubeIDE_1.19.0\STM32CubeIDE\plugins\com.st.stm32cube.common.mx_6.15.0.202507011659
2026-04-03 14:13:03,006 [ERROR] LogOutputStream:75 - [STDERR_REDIRECT] Apr 03, 2026 2:13:03 PM java.util.prefs.WindowsPreferences <init>
2026-04-03 14:13:03,007 [ERROR] LogOutputStream:75 - [STDERR_REDIRECT] WARNING: Could not open/create prefs root node Software\JavaSoft\Prefs at root 0xffffffff80000002. Windows RegCreateKeyEx(...) returned error code 5.
2026-04-03 14:13:03,007 [ERROR] LogOutputStream:75 - [STDERR_REDIRECT] 
2026-04-03 14:13:03,446 [INFO] ThirdPartyUpdaterWithRetryManager:70 - Updater plugin not ready yet. [2/15]
2026-04-03 14:13:03,612 [INFO] MainUpdater:2872 - connection check result : 10
2026-04-03 14:13:03,612 [INFO] MainUpdater:289 - Updater Check For Update Now.
2026-04-03 14:13:03,612 [INFO] MicroXplorer:498 - Change Database Version : DB.6.0.150
2026-04-03 14:13:03,617 [INFO] McuFinderGlobals:63 - Set McuFinder mode to 2 (CubeIDE integrated)
2026-04-03 14:13:03,617 [INFO] UserAuth:171 - activating auth plugin
2026-04-03 14:13:03,620 [INFO] UserAuth:487 - Internet connection configuration mode: 1
2026-04-03 14:13:03,633 [INFO] JxBrowserEngine:152 - Initiate JxBrowser Engine with user profile folder
2026-04-03 14:13:03,795 [INFO] CheckServerUpdateThread:120 - End of CheckServer Thread
2026-04-03 14:13:04,084 [INFO] WebApp:169 - Instantiating new browser for Auth
2026-04-03 14:13:04,684 [INFO] WebApp:463 - Apply proxy settings
2026-04-03 14:13:04,684 [INFO] WebApp:548 - Chromium requires no authentication
2026-04-03 14:13:04,693 [INFO] WebApp:491 - Direct internet connection detected
2026-04-03 14:13:04,712 [INFO] WebApp:900 - Register for checkConnection events
2026-04-03 14:13:04,712 [INFO] WebApp:463 - Apply proxy settings
2026-04-03 14:13:04,712 [INFO] WebApp:548 - Chromium requires no authentication
2026-04-03 14:13:04,712 [INFO] WebApp:491 - Direct internet connection detected
2026-04-03 14:13:04,841 [INFO] WebApp:225 - Starting web application
2026-04-03 14:13:04,841 [INFO] WebApp:593 - Web application path used C:\ST\STM32CubeIDE_1.19.0\STM32CubeIDE\plugins\com.st.stm32cube.common.mx_6.15.0.202507011659\db\plugins\mcufinder\reactClient1\index.html
2026-04-03 14:13:05,136 [INFO] WebApp:191 - Connection restablished
2026-04-03 14:13:06,671 [WARN] PackLoader:240 - Cannot read IP mode file for STMicroelectronics.X-CUBE-AZRTOS-H7.3.5.0
2026-04-03 14:13:06,680 [WARN] PackLoader:240 - Cannot read IP mode file for STMicroelectronics.FP-SNS-MOTENVWB1.1.4.0
2026-04-03 14:13:06,684 [WARN] PackLoader:240 - Cannot read IP mode file for STMicroelectronics.FP-ATR-ASTRA1.2.0.2
2026-04-03 14:13:06,691 [WARN] PackLoader:240 - Cannot read IP mode file for STMicroelectronics.X-CUBE-SMBUS.2.1.0
2026-04-03 14:13:06,695 [WARN] PackLoader:240 - Cannot read IP mode file for STMicroelectronics.X-CUBE-ST60.1.0.0
2026-04-03 14:13:06,715 [WARN] PackLoader:240 - Cannot read IP mode file for STMicroelectronics.X-CUBE-AZRTOS-F7.1.1.0
2026-04-03 14:13:06,721 [WARN] PackLoader:240 - Cannot read IP mode file for Cesanta.I-CUBE-Mongoose.7.19.0
2026-04-03 14:13:06,725 [WARN] PackLoader:240 - Cannot read IP mode file for STMicroelectronics.FP-SNS-MOTENV1.5.1.0
2026-04-03 14:13:06,731 [WARN] PackLoader:240 - Cannot read IP mode file for WES.I-CUBE-Cesium.1.4.0
2026-04-03 14:13:06,751 [WARN] PackLoader:240 - Cannot read IP mode file for Infineon.AIROC-Wi-Fi-Bluetooth-STM32.1.7.1
2026-04-03 14:13:06,780 [WARN] PackLoader:240 - Cannot read IP mode file for STMicroelectronics.X-CUBE-AZRTOS-H7.3.4.0
2026-04-03 14:13:06,788 [WARN] PackLoader:240 - Cannot read IP mode file for STMicroelectronics.X-CUBE-DISPLAY.3.0.0
2026-04-03 14:13:06,794 [WARN] PackLoader:240 - Cannot read IP mode file for STMicroelectronics.FP-SNS-MOTENVWB1.1.5.0
2026-04-03 14:13:06,798 [WARN] PackLoader:240 - Cannot read IP mode file for STMicroelectronics.X-CUBE-NFC10.1.0.0
2026-04-03 14:13:06,802 [WARN] PackLoader:240 - Cannot read IP mode file for STMicroelectronics.X-CUBE-ST60.1.1.0
2026-04-03 14:13:06,807 [WARN] PackLoader:240 - Cannot read IP mode file for emotas.I-CUBE-CANOPEN.1.3.0
2026-04-03 14:13:06,811 [WARN] PackLoader:240 - Cannot read IP mode file for STMicroelectronics.X-CUBE-GNSS1.7.1.0
2026-04-03 14:13:06,816 [WARN] PackLoader:240 - Cannot read IP mode file for STMicroelectronics.FP-SNS-STBOX1.2.1.0
2026-04-03 14:13:06,821 [WARN] PackLoader:240 - Cannot read IP mode file for STMicroelectronics.FP-SNS-SMARTAG2.1.2.0
2026-04-03 14:13:06,825 [WARN] PackLoader:240 - Cannot read IP mode file for STMicroelectronics.FP-SNS-FLIGHT1.5.1.0
2026-04-03 14:13:06,831 [INFO] LogOutputStream:77 - [STDOUT_REDIRECT] 1 : Invalid condition id : UX_CORESTACK_Condition cause : null
2026-04-03 14:13:06,831 [INFO] LogOutputStream:77 - [STDOUT_REDIRECT] 1 : Invalid condition id : UX_CORESTACK_Condition cause : null
2026-04-03 14:13:06,832 [INFO] LogOutputStream:77 - [STDOUT_REDIRECT] 1 : Invalid condition id : UX_CORESTACK_Condition cause : null
2026-04-03 14:13:06,833 [INFO] LogOutputStream:77 - [STDOUT_REDIRECT] 1 : Invalid condition id : UX_CORESTACK_Condition cause : null
2026-04-03 14:13:06,834 [INFO] LogOutputStream:77 - [STDOUT_REDIRECT] 1 : Invalid condition id : UX_CORESTACK_Condition cause : null
2026-04-03 14:13:06,835 [WARN] PackLoader:240 - Cannot read IP mode file for STMicroelectronics.X-CUBE-AZRTOS-WL.2.0.0
2026-04-03 14:13:06,839 [WARN] PackLoader:240 - Cannot read IP mode file for STMicroelectronics.FP-SNS-MOTENV1.5.0.0
2026-04-03 14:13:06,851 [WARN] PackLoader:240 - Cannot read IP mode file for STMicroelectronics.X-CUBE-AZRTOS-H7RS.1.2.0
2026-04-03 14:13:06,857 [WARN] PackLoader:240 - Cannot read IP mode file for STMicroelectronics.X-CUBE-BLE2.3.3.0
2026-04-03 14:13:06,874 [WARN] PackLoader:240 - Cannot read IP mode file for STMicroelectronics.X-CUBE-NFC9.1.0.0
2026-04-03 14:13:06,878 [WARN] PackLoader:240 - Cannot read IP mode file for wolfSSL.I-CUBE-wolfSSL.5.8.2
2026-04-03 14:13:06,881 [WARN] PackLoader:240 - Cannot read IP mode file for STMicroelectronics.X-CUBE-BLE1.7.1.0
2026-04-03 14:13:06,886 [WARN] PackLoader:240 - Cannot read IP mode file for wolfSSL.I-CUBE-wolfMQTT.1.19.2
2026-04-03 14:13:06,890 [WARN] PackLoader:240 - Cannot read IP mode file for STMicroelectronics.X-CUBE-FREERTOS.1.4.0
2026-04-03 14:13:06,893 [WARN] PackLoader:240 - Cannot read IP mode file for STMicroelectronics.X-CUBE-EEPRMA1.5.2.0
2026-04-03 14:13:06,898 [WARN] PackLoader:240 - Cannot read IP mode file for STMicroelectronics.X-CUBE-ST67W61.1.1.0
2026-04-03 14:13:06,933 [WARN] PackLoader:240 - Cannot read IP mode file for STMicroelectronics.X-CUBE-MEMS1.12.0.0
2026-04-03 14:13:07,004 [WARN] PackLoader:240 - Cannot read IP mode file for STMicroelectronics.X-CUBE-AZRTOS-G0.1.1.0
2026-04-03 14:13:07,009 [WARN] PackLoader:240 - Cannot read IP mode file for STMicroelectronics.X-CUBE-SAFEA1.1.2.2
2026-04-03 14:13:07,013 [WARN] PackLoader:240 - Cannot read IP mode file for STMicroelectronics.X-CUBE-NFC4.3.0.0
2026-04-03 14:13:07,018 [WARN] PackLoader:240 - Cannot read IP mode file for EmbeddedOffice.I-CUBE-FS-RTOS.1.0.1
2026-04-03 14:13:07,023 [WARN] PackLoader:240 - Cannot read IP mode file for STMicroelectronics.X-CUBE-WB05N.2.0.0
2026-04-03 14:13:07,025 [WARN] PackLoader:240 - Cannot read IP mode file for wolfSSL.I-CUBE-wolfTPM.3.8.0
2026-04-03 14:13:07,029 [WARN] PackLoader:240 - Cannot read IP mode file for STMicroelectronics.X-CUBE-TCPP.4.2.0
2026-04-03 14:13:07,032 [WARN] PackLoader:240 - Cannot read IP mode file for RealThread.X-CUBE-RT-Thread_Nano.4.1.1
2026-04-03 14:13:07,035 [WARN] PackLoader:240 - Cannot read IP mode file for STMicroelectronics.FP-ATR-SIGFOX1.3.2.0
2026-04-03 14:13:07,038 [WARN] PackLoader:240 - Cannot read IP mode file for STMicroelectronics.X-CUBE-FREERTOS.1.5.0
2026-04-03 14:13:07,042 [WARN] PackLoader:240 - Cannot read IP mode file for ITTIA_DB.I-CUBE-ITTIADB.8.9.0
2026-04-03 14:13:07,047 [WARN] PackLoader:240 - Cannot read IP mode file for STMicroelectronics.X-CUBE-NFC6.3.2.0
2026-04-03 14:13:07,051 [WARN] PackLoader:240 - Cannot read IP mode file for STMicroelectronics.X-CUBE-AI.10.2.0
2026-04-03 14:13:07,078 [WARN] PackLoader:240 - Cannot read IP mode file for SEGGER.I-CUBE-embOS.1.3.1
2026-04-03 14:13:07,111 [WARN] PackLoader:240 - Cannot read IP mode file for STMicroelectronics.X-CUBE-ALGOBUILD.1.4.0
2026-04-03 14:13:07,158 [WARN] PackLoader:240 - Cannot read IP mode file for STMicroelectronics.X-CUBE-MEMS1.11.3.0
2026-04-03 14:13:07,256 [WARN] PackLoader:240 - Cannot read IP mode file for STMicroelectronics.X-CUBE-PM33A1.1.0.0
2026-04-03 14:13:07,268 [WARN] PackLoader:240 - Cannot read IP mode file for STMicroelectronics.X-CUBE-AZRTOS-F4.1.1.0
2026-04-03 14:13:07,275 [WARN] PackLoader:240 - Cannot read IP mode file for STMicroelectronics.X-CUBE-ISPU.2.1.0
2026-04-03 14:13:07,284 [WARN] PackLoader:240 - Cannot read IP mode file for STMicroelectronics.X-CUBE-IPS.3.2.0
2026-04-03 14:13:07,292 [WARN] PackLoader:240 - Cannot read IP mode file for STMicroelectronics.X-CUBE-NFC12.1.0.0
2026-04-03 14:13:07,301 [WARN] PackLoader:240 - Cannot read IP mode file for STMicroelectronics.X-CUBE-AZRTOS-L5.2.0.0
2026-04-03 14:13:07,306 [WARN] PackLoader:240 - Cannot read IP mode file for STMicroelectronics.X-CUBE-NFC6.3.1.0
2026-04-03 14:13:07,310 [WARN] PackLoader:240 - Cannot read IP mode file for STMicroelectronics.X-CUBE-FREERTOS.1.3.1
2026-04-03 14:13:07,313 [WARN] PackLoader:240 - Cannot read IP mode file for STMicroelectronics.X-CUBE-TOUCHGFX.4.26.0
2026-04-03 14:13:07,315 [WARN] PackLoader:240 - Cannot read IP mode file for STMicroelectronics.X-CUBE-TOUCHGFX.4.26.1
2026-04-03 14:13:07,318 [WARN] PackLoader:240 - Cannot read IP mode file for STMicroelectronics.FP-SNS-STAIOTCFT.1.0.0
2026-04-03 14:13:07,321 [WARN] PackLoader:240 - Cannot read IP mode file for STMicroelectronics.X-CUBE-DPower.1.3.0
2026-04-03 14:13:07,331 [WARN] ConditionMgr:438 - getConditionDescription Invalid condition id : LAN8742 Phy interface Condition cause : null
2026-04-03 14:13:07,331 [WARN] PackLoader:240 - Cannot read IP mode file for STMicroelectronics.X-CUBE-AZRTOS-L4.2.0.0
2026-04-03 14:13:07,332 [WARN] ConditionMgr:1044 - genDependencies : Invalid condition id : LAN8742 Phy interface Condition cause : null
2026-04-03 14:13:07,332 [WARN] ConditionMgr:1044 - genDependencies : Invalid condition id : LAN8742 Phy interface Condition cause : null
2026-04-03 14:13:07,333 [WARN] ConditionMgr:1044 - genDependencies : Invalid condition id : LAN8742 Phy interface Condition cause : null
2026-04-03 14:13:07,337 [WARN] PackLoader:240 - Cannot read IP mode file for STMicroelectronics.X-CUBE-SFXS2LP1.4.0.0
2026-04-03 14:13:07,341 [WARN] PackLoader:240 - Cannot read IP mode file for STMicroelectronics.X-CUBE-ST67W61.1.2.0
2026-04-03 14:13:07,347 [WARN] PackLoader:240 - Cannot read IP mode file for STMicroelectronics.X-CUBE-BLEMGR.4.1.0
2026-04-03 14:13:07,355 [WARN] ConditionMgr:438 - getConditionDescription Invalid condition id : UX DEVICE CLASS RTOS Condition cause : null
2026-04-03 14:13:07,356 [WARN] ConditionMgr:438 - getConditionDescription Invalid condition id : UX DEVICE CLASS RTOS Condition cause : null
2026-04-03 14:13:07,357 [WARN] PackLoader:240 - Cannot read IP mode file for STMicroelectronics.X-CUBE-AZRTOS-WB.2.0.0
2026-04-03 14:13:07,357 [WARN] ConditionMgr:1044 - genDependencies : Invalid condition id : UX DEVICE CLASS RTOS Condition cause : null
2026-04-03 14:13:07,357 [WARN] ConditionMgr:1044 - genDependencies : Invalid condition id : UX DEVICE CLASS RTOS Condition cause : null
2026-04-03 14:13:07,357 [WARN] ConditionMgr:1044 - genDependencies : Invalid condition id : UX DEVICE CLASS RTOS Condition cause : null
2026-04-03 14:13:07,357 [WARN] ConditionMgr:1044 - genDependencies : Invalid condition id : UX DEVICE CLASS RTOS Condition cause : null
2026-04-03 14:13:07,358 [WARN] ConditionMgr:1044 - genDependencies : Invalid condition id : UX DEVICE CLASS RTOS Condition cause : null
2026-04-03 14:13:07,360 [WARN] PackLoader:240 - Cannot read IP mode file for STMicroelectronics.X-CUBE-GNSS1.7.0.1
2026-04-03 14:13:07,363 [WARN] ConditionMgr:438 - getConditionDescription Invalid condition id : Cortex-A Device cause : null
2026-04-03 14:13:07,368 [WARN] ConditionMgr:1044 - genDependencies : Invalid condition id : Cortex-A Device cause : null
2026-04-03 14:13:07,368 [WARN] ConditionMgr:1044 - genDependencies : Invalid condition id : Cortex-A Device cause : null
2026-04-03 14:13:07,368 [WARN] ConditionMgr:1044 - genDependencies : Invalid condition id : Cortex-A Device cause : null
2026-04-03 14:13:07,373 [WARN] PackLoader:240 - Cannot read IP mode file for STMicroelectronics.X-CUBE-STSE01.2.0.0
2026-04-03 14:13:07,379 [WARN] PackLoader:240 - Cannot read IP mode file for STMicroelectronics.X-CUBE-SUBG2.5.0.0
2026-04-03 14:13:07,396 [WARN] PackLoader:240 - Cannot read IP mode file for STMicroelectronics.X-CUBE-AZRTOS-H7RS.1.1.0
2026-04-03 14:13:07,405 [WARN] PackLoader:240 - Cannot read IP mode file for STMicroelectronics.X-CUBE-AZRTOS-G4.2.0.0
2026-04-03 14:13:07,409 [WARN] PackLoader:240 - Cannot read IP mode file for wolfSSL.I-CUBE-wolfSSH.1.4.20
2026-04-03 14:13:07,411 [WARN] PackLoader:240 - Cannot read IP mode file for STMicroelectronics.X-CUBE-NFC7.2.0.0
2026-04-03 14:13:07,414 [WARN] PackLoader:240 - Cannot read IP mode file for STMicroelectronics.X-CUBE-ALS.1.0.2
2026-04-03 14:13:07,417 [WARN] PackLoader:240 - Cannot read IP mode file for STMicroelectronics.X-CUBE-STSE01.1.0.0
2026-04-03 14:13:07,427 [WARN] PackLoader:240 - Cannot read IP mode file for STMicroelectronics.X-CUBE-TOF1.3.4.3
2026-04-03 14:13:07,433 [INFO] ThirdParty:978 - Integrity check success = true
2026-04-03 14:13:07,433 [INFO] IntegrityCheckThread:100 - exiting critical section [integrity check]
2026-04-03 14:13:07,433 [INFO] IntegrityCheckThread:103 - End integrity checks thread
2026-04-03 14:48:42,370 [INFO] WebApp:194 - Connection lost
2026-04-03 14:48:42,826 [INFO] WebApp:191 - Connection restablished
2026-04-03 15:21:19,548 [ERROR] LogOutputStream:75 - [STDERR_REDIRECT] 
2026-04-03 15:21:39,662 [INFO] Activator:176 - 


2026-04-03 15:21:39,663 [INFO] Activator:177 - !SESSION log4j initialized
2026-04-03 15:21:43,713 [INFO] LogOutputStream:77 - [STDOUT_REDIRECT] 
2026-04-03 15:21:44,272 [INFO] ApplicationProperties:184 - Using Application install path: C:\ST\STM32CubeIDE_1.19.0\STM32CubeIDE\plugins\com.st.stm32cube.common.mx_6.15.0.202507011659
2026-04-03 15:21:44,284 [INFO] DbMcusXml:78 - Set database path to: C:\ST\STM32CubeIDE_1.19.0\STM32CubeIDE\plugins\com.st.stm32cube.common.mx_6.15.0.202507011659\\db\/mcu/
2026-04-03 15:21:44,284 [INFO] ApiDb:274 - Set plugin database path to: C:\ST\STM32CubeIDE_1.19.0\STM32CubeIDE\plugins\com.st.stm32cube.common.mx_6.15.0.202507011659\\db\/plugins/boardmanager/
2026-04-03 15:21:44,284 [WARN] ApiDb:259 - Overriding images path with different value:  => C:\ST\STM32CubeIDE_1.19.0\STM32CubeIDE\plugins\com.st.stm32cube.common.mx_6.15.0.202507011659\\db\/plugins/mcufinder/images/
2026-04-03 15:21:44,289 [INFO] ApiDb:250 - Set database path to: C:\Users\Admin\.stmcufinder\plugins\mcufinder//mcu/
2026-04-03 15:21:44,290 [INFO] DbMcusAds:125 - Set database path to: C:\Users\Admin\.stmcufinder\plugins\mcufinder//mcu/
2026-04-03 15:21:44,291 [INFO] CrossReferenceDbSqlite:203 - Set database path to: C:\Users\Admin\.stmcufinder\plugins\mcufinder//mcu/cs/
2026-04-03 15:21:44,382 [INFO] RulesReader:64 - Compatibility file has been processed (317 Rules)
2026-04-03 15:21:44,432 [INFO] DbMcusXml:78 - Set database path to: C:\ST\STM32CubeIDE_1.19.0\STM32CubeIDE\plugins\com.st.stm32cube.common.mx_6.15.0.202507011659\\db\/mcu/
2026-04-03 15:21:44,432 [INFO] ApiDb:274 - Set plugin database path to: C:\ST\STM32CubeIDE_1.19.0\STM32CubeIDE\plugins\com.st.stm32cube.common.mx_6.15.0.202507011659\\db\/plugins/boardmanager/
2026-04-03 15:21:44,432 [INFO] ApiDb:261 - Set plugin images path to: C:\ST\STM32CubeIDE_1.19.0\STM32CubeIDE\plugins\com.st.stm32cube.common.mx_6.15.0.202507011659\\db\/plugins/mcufinder/images/
2026-04-03 15:21:44,432 [WARN] DbFile:41 - Overriding database path with different value: C:\Users\Admin\.stmcufinder\plugins\mcufinder/ => C:\Users\Admin\.stmcufinder\plugins\mcufinder
2026-04-03 15:21:44,432 [INFO] ApiDb:250 - Set database path to: C:\Users\Admin\.stmcufinder\plugins\mcufinder//mcu/
2026-04-03 15:21:44,432 [WARN] DbFile:41 - Overriding database path with different value: C:\Users\Admin\.stmcufinder\plugins\mcufinder/ => C:\Users\Admin\.stmcufinder\plugins\mcufinder
2026-04-03 15:21:44,433 [INFO] DbMcusAds:125 - Set database path to: C:\Users\Admin\.stmcufinder\plugins\mcufinder//mcu/
2026-04-03 15:21:44,433 [WARN] DbFile:41 - Overriding database path with different value: C:\Users\Admin\.stmcufinder\plugins\mcufinder/ => C:\Users\Admin\.stmcufinder\plugins\mcufinder
2026-04-03 15:21:44,433 [WARN] DbFile:41 - Overriding database path with different value: C:\Users\Admin\.stmcufinder\plugins\mcufinder/ => C:\Users\Admin\.stmcufinder\plugins\mcufinder
2026-04-03 15:21:44,433 [INFO] CrossReferenceDbSqlite:203 - Set database path to: C:\Users\Admin\.stmcufinder\plugins\mcufinder//mcu/cs/
2026-04-03 15:21:44,479 [INFO] MainPanel:274 - HeapMemory: 268435456
2026-04-03 15:21:44,534 [INFO] DbMcusXml:78 - Set database path to: C:\ST\STM32CubeIDE_1.19.0\STM32CubeIDE\plugins\com.st.stm32cube.common.mx_6.15.0.202507011659\\db\/mcu/
2026-04-03 15:21:44,535 [INFO] ApiDb:274 - Set plugin database path to: C:\ST\STM32CubeIDE_1.19.0\STM32CubeIDE\plugins\com.st.stm32cube.common.mx_6.15.0.202507011659\\db\/plugins/boardmanager/
2026-04-03 15:21:44,535 [INFO] ApiDb:261 - Set plugin images path to: C:\ST\STM32CubeIDE_1.19.0\STM32CubeIDE\plugins\com.st.stm32cube.common.mx_6.15.0.202507011659\\db\/plugins/mcufinder/images/
2026-04-03 15:21:44,535 [WARN] DbFile:41 - Overriding database path with different value: C:\Users\Admin\.stmcufinder\plugins\mcufinder/ => C:\Users\Admin\.stmcufinder\plugins\mcufinder
2026-04-03 15:21:44,535 [INFO] ApiDb:250 - Set database path to: C:\Users\Admin\.stmcufinder\plugins\mcufinder//mcu/
2026-04-03 15:21:44,535 [WARN] DbFile:41 - Overriding database path with different value: C:\Users\Admin\.stmcufinder\plugins\mcufinder/ => C:\Users\Admin\.stmcufinder\plugins\mcufinder
2026-04-03 15:21:44,535 [INFO] DbMcusAds:125 - Set database path to: C:\Users\Admin\.stmcufinder\plugins\mcufinder//mcu/
2026-04-03 15:21:44,535 [WARN] DbFile:41 - Overriding database path with different value: C:\Users\Admin\.stmcufinder\plugins\mcufinder/ => C:\Users\Admin\.stmcufinder\plugins\mcufinder
2026-04-03 15:21:44,535 [WARN] DbFile:41 - Overriding database path with different value: C:\Users\Admin\.stmcufinder\plugins\mcufinder/ => C:\Users\Admin\.stmcufinder\plugins\mcufinder
2026-04-03 15:21:44,535 [INFO] CrossReferenceDbSqlite:203 - Set database path to: C:\Users\Admin\.stmcufinder\plugins\mcufinder//mcu/cs/
2026-04-03 15:21:44,546 [INFO] ApplicationProperties:184 - Using Application install path: C:\ST\STM32CubeIDE_1.19.0\STM32CubeIDE\plugins\com.st.stm32cube.common.mx_6.15.0.202507011659
2026-04-03 15:21:44,547 [INFO] PluginManage:196 - Search for loadable plugins [exclusion list=, ]
2026-04-03 15:21:44,548 [INFO] PluginManage:310 - Check plugin analytics
2026-04-03 15:21:44,663 [INFO] AnalyticsPlugin:253 - Accepted Software Licenses: 
2026-04-03 15:21:44,664 [INFO] AnalyticsPlugin:255 - Accepted CMSIS Pack Licenses: 
2026-04-03 15:21:44,664 [INFO] AnalyticsPlugin:257 - Accepted Firmware Licenses: FW.F4.1.28.0
2026-04-03 15:21:44,665 [INFO] PluginManage:359 - Loaded plugin analytics (category:tool,tabindex:-1)
2026-04-03 15:21:44,666 [INFO] PluginManage:310 - Check plugin cadmodel
2026-04-03 15:21:44,668 [INFO] CADModel:105 - Init CAD model plugin
2026-04-03 15:21:44,668 [INFO] PluginManage:359 - Loaded plugin cadmodel (category:power,tabindex:5)
2026-04-03 15:21:44,669 [INFO] PluginManage:310 - Check plugin clock
2026-04-03 15:21:44,675 [INFO] PluginManage:359 - Loaded plugin clock (category:base,tabindex:2)
2026-04-03 15:21:44,675 [INFO] PluginManage:310 - Check plugin ddr
2026-04-03 15:21:44,677 [INFO] PluginManage:359 - Loaded plugin ddr (category:tool,tabindex:6)
2026-04-03 15:21:44,677 [INFO] PluginManage:310 - Check plugin filemanager
2026-04-03 15:21:44,783 [INFO] PluginManage:359 - Loaded plugin filemanager (category:base,tabindex:10)
2026-04-03 15:21:44,783 [INFO] PluginManage:310 - Check plugin ipmanager
2026-04-03 15:21:44,788 [INFO] PluginManage:359 - Loaded plugin ipmanager (category:base,tabindex:5)
2026-04-03 15:21:44,789 [INFO] PluginManage:310 - Check plugin lpbam
2026-04-03 15:21:44,794 [INFO] PluginManage:359 - Loaded plugin lpbam (category:base,tabindex:0)
2026-04-03 15:21:44,794 [INFO] PluginManage:310 - Check plugin memorymap
2026-04-03 15:21:44,802 [INFO] PluginManage:359 - Loaded plugin memorymap (category:base,tabindex:4)
2026-04-03 15:21:44,802 [INFO] PluginManage:310 - Check plugin pinoutandconfiguration
2026-04-03 15:21:44,807 [INFO] PluginManage:359 - Loaded plugin pinoutandconfiguration (category:base,tabindex:1)
2026-04-03 15:21:44,807 [INFO] PluginManage:310 - Check plugin pinoutconfig
2026-04-03 15:21:44,872 [WARN] SupportedApi:132 - Cannot load RTOS API schema: s4s-elt-must-match.1: The content of 'definitions' must match (annotation?, (simpleType | complexType)?, (unique | key | keyref)*)). A problem was found starting at: attribute.
2026-04-03 15:21:44,965 [INFO] PluginManage:359 - Loaded plugin pinoutconfig (category:base,tabindex:0)
2026-04-03 15:21:44,965 [INFO] PluginManage:310 - Check plugin power
2026-04-03 15:21:44,971 [INFO] PluginManage:359 - Loaded plugin power (category:power,tabindex:4)
2026-04-03 15:21:44,971 [INFO] PluginManage:310 - Check plugin projectmanager
2026-04-03 15:21:44,983 [INFO] PluginManage:359 - Loaded plugin projectmanager (category:projectmanager,tabindex:4)
2026-04-03 15:21:44,983 [INFO] PluginManage:310 - Check plugin rif
2026-04-03 15:21:44,989 [INFO] PluginManage:359 - Loaded plugin rif (category:base,tabindex:3)
2026-04-03 15:21:44,989 [INFO] PluginManage:310 - Check plugin thirdparty
2026-04-03 15:21:45,079 [INFO] PluginManage:359 - Loaded plugin thirdparty (category:base,tabindex:-1)
2026-04-03 15:21:45,079 [WARN] IntegrityCheckThread:84 - waiting for thirdparty lock release [integrity check]
2026-04-03 15:21:45,079 [INFO] PluginManage:310 - Check plugin tools
2026-04-03 15:21:45,079 [INFO] IntegrityCheckThread:86 - entering critical section [integrity check]
2026-04-03 15:21:45,079 [INFO] ThirdPartyUpdaterWithRetryManager:70 - Updater plugin not ready yet. [1/15]
2026-04-03 15:21:45,081 [INFO] PluginManage:359 - Loaded plugin tools (category:base,tabindex:7)
2026-04-03 15:21:45,081 [INFO] PluginManage:310 - Check plugin tutovideos
2026-04-03 15:21:45,217 [INFO] PluginManage:359 - Loaded plugin tutovideos (category:base,tabindex:-1)
2026-04-03 15:21:45,217 [INFO] PluginManage:310 - Check plugin updater
2026-04-03 15:21:45,232 [INFO] PluginManage:359 - Loaded plugin updater (category:base,tabindex:12)
2026-04-03 15:21:45,232 [INFO] PluginManage:310 - Check plugin userauth
2026-04-03 15:21:45,234 [INFO] UserAuth:118 - Init User Auth plugin
2026-04-03 15:21:45,235 [INFO] PluginManage:359 - Loaded plugin userauth (category:base,tabindex:14)
2026-04-03 15:21:45,235 [INFO] PluginManage:283 - PluginManage : Loaded plugins [18]
2026-04-03 15:21:45,374 [INFO] PinOutPanel:1589 - setPackage(No Configuration,No Configuration)
2026-04-03 15:21:45,430 [INFO] CADModel:165 - CPN selected for project level
2026-04-03 15:21:45,430 [INFO] CADModel:114 - Register for checkConnection events
2026-04-03 15:21:45,442 [INFO] IPUIPlugin:80 - create IPUIPlugin
2026-04-03 15:21:45,442 [INFO] PluginManager:220 - loadIPPluginJar : add adc
2026-04-03 15:21:45,444 [INFO] IPUIPlugin:80 - create IPUIPlugin
2026-04-03 15:21:45,444 [INFO] PluginManager:220 - loadIPPluginJar : add aes
2026-04-03 15:21:45,445 [INFO] IPUIPlugin:80 - create IPUIPlugin
2026-04-03 15:21:45,446 [INFO] PluginManager:220 - loadIPPluginJar : add can
2026-04-03 15:21:45,448 [INFO] IPUIPlugin:80 - create IPUIPlugin
2026-04-03 15:21:45,448 [INFO] PluginManager:220 - loadIPPluginJar : add comp
2026-04-03 15:21:45,449 [INFO] IPUIPlugin:80 - create IPUIPlugin
2026-04-03 15:21:45,449 [INFO] PluginManager:220 - loadIPPluginJar : add cryp
2026-04-03 15:21:45,451 [INFO] IPUIPlugin:80 - create IPUIPlugin
2026-04-03 15:21:45,451 [INFO] PluginManager:220 - loadIPPluginJar : add ddr_ctrl_phy
2026-04-03 15:21:45,453 [INFO] IPUIPlugin:80 - create IPUIPlugin
2026-04-03 15:21:45,453 [INFO] PluginManager:220 - loadIPPluginJar : add dfsdm
2026-04-03 15:21:45,457 [INFO] IPUIPlugin:80 - create IPUIPlugin
2026-04-03 15:21:45,457 [INFO] PluginManager:220 - loadIPPluginJar : add dma
2026-04-03 15:21:45,459 [INFO] IPUIPlugin:80 - create IPUIPlugin
2026-04-03 15:21:45,459 [INFO] PluginManager:220 - loadIPPluginJar : add dma3
2026-04-03 15:21:45,461 [INFO] IPUIPlugin:80 - create IPUIPlugin
2026-04-03 15:21:45,461 [INFO] PluginManager:220 - loadIPPluginJar : add extmemmanager
2026-04-03 15:21:45,462 [INFO] IPUIPlugin:80 - create IPUIPlugin
2026-04-03 15:21:45,462 [INFO] PluginManager:220 - loadIPPluginJar : add fatfs
2026-04-03 15:21:45,464 [INFO] IPUIPlugin:80 - create IPUIPlugin
2026-04-03 15:21:45,464 [INFO] PluginManager:220 - loadIPPluginJar : add fmc
2026-04-03 15:21:45,468 [INFO] IPUIPlugin:80 - create IPUIPlugin
2026-04-03 15:21:45,468 [INFO] PluginManager:220 - loadIPPluginJar : add freertos
2026-04-03 15:21:45,469 [INFO] IPUIPlugin:80 - create IPUIPlugin
2026-04-03 15:21:45,469 [INFO] PluginManager:220 - loadIPPluginJar : add genericplugin
2026-04-03 15:21:45,470 [INFO] IPUIPlugin:80 - create IPUIPlugin
2026-04-03 15:21:45,470 [INFO] PluginManager:220 - loadIPPluginJar : add gfxmmu
2026-04-03 15:21:45,474 [INFO] IPUIPlugin:80 - create IPUIPlugin
2026-04-03 15:21:45,474 [INFO] PluginManager:220 - loadIPPluginJar : add gic
2026-04-03 15:21:45,477 [INFO] IPUIPlugin:80 - create IPUIPlugin
2026-04-03 15:21:45,477 [INFO] PluginManager:220 - loadIPPluginJar : add gpio
2026-04-03 15:21:45,479 [INFO] IPUIPlugin:80 - create IPUIPlugin
2026-04-03 15:21:45,479 [INFO] PluginManager:220 - loadIPPluginJar : add gtzc
2026-04-03 15:21:45,480 [INFO] IPUIPlugin:80 - create IPUIPlugin
2026-04-03 15:21:45,480 [INFO] PluginManager:220 - loadIPPluginJar : add hash
2026-04-03 15:21:45,482 [INFO] IPUIPlugin:80 - create IPUIPlugin
2026-04-03 15:21:45,482 [INFO] PluginManager:220 - loadIPPluginJar : add i2c
2026-04-03 15:21:45,484 [INFO] IPUIPlugin:80 - create IPUIPlugin
2026-04-03 15:21:45,484 [INFO] PluginManager:220 - loadIPPluginJar : add i2s
2026-04-03 15:21:45,485 [INFO] IPUIPlugin:80 - create IPUIPlugin
2026-04-03 15:21:45,485 [INFO] PluginManager:220 - loadIPPluginJar : add i3c
2026-04-03 15:21:45,488 [INFO] IPUIPlugin:80 - create IPUIPlugin
2026-04-03 15:21:45,488 [INFO] PluginManager:220 - loadIPPluginJar : add ipddr
2026-04-03 15:21:45,493 [INFO] IPUIPlugin:80 - create IPUIPlugin
2026-04-03 15:21:45,493 [INFO] PluginManager:220 - loadIPPluginJar : add linkedlist
2026-04-03 15:21:45,495 [INFO] IPUIPlugin:80 - create IPUIPlugin
2026-04-03 15:21:45,495 [INFO] PluginManager:220 - loadIPPluginJar : add lorawan
2026-04-03 15:21:45,496 [INFO] IPUIPlugin:80 - create IPUIPlugin
2026-04-03 15:21:45,496 [INFO] PluginManager:220 - loadIPPluginJar : add ltdc
2026-04-03 15:21:45,499 [INFO] IPUIPlugin:80 - create IPUIPlugin
2026-04-03 15:21:45,499 [INFO] PluginManager:220 - loadIPPluginJar : add mdma
2026-04-03 15:21:45,502 [INFO] IPUIPlugin:80 - create IPUIPlugin
2026-04-03 15:21:45,502 [INFO] PluginManager:220 - loadIPPluginJar : add nvic
2026-04-03 15:21:45,505 [INFO] IPUIPlugin:80 - create IPUIPlugin
2026-04-03 15:21:45,505 [INFO] PluginManager:220 - loadIPPluginJar : add opamp
2026-04-03 15:21:45,507 [INFO] IPUIPlugin:80 - create IPUIPlugin
2026-04-03 15:21:45,507 [INFO] PluginManager:220 - loadIPPluginJar : add openamp
2026-04-03 15:21:45,509 [INFO] IPUIPlugin:80 - create IPUIPlugin
2026-04-03 15:21:45,509 [INFO] PluginManager:220 - loadIPPluginJar : add pdm2pcm
2026-04-03 15:21:45,513 [INFO] IPUIPlugin:80 - create IPUIPlugin
2026-04-03 15:21:45,515 [INFO] PluginManager:220 - loadIPPluginJar : add plateformsettings
2026-04-03 15:21:45,515 [INFO] IPUIPlugin:80 - create IPUIPlugin
2026-04-03 15:21:45,515 [INFO] PluginManager:220 - loadIPPluginJar : add quadspi
2026-04-03 15:21:45,516 [INFO] IPUIPlugin:80 - create IPUIPlugin
2026-04-03 15:21:45,517 [INFO] PluginManager:220 - loadIPPluginJar : add radio
2026-04-03 15:21:45,519 [INFO] IPUIPlugin:80 - create IPUIPlugin
2026-04-03 15:21:45,519 [INFO] PluginManager:220 - loadIPPluginJar : add resmgrutility
2026-04-03 15:21:45,521 [INFO] IPUIPlugin:80 - create IPUIPlugin
2026-04-03 15:21:45,521 [INFO] PluginManager:220 - loadIPPluginJar : add sai
2026-04-03 15:21:45,523 [INFO] IPUIPlugin:80 - create IPUIPlugin
2026-04-03 15:21:45,523 [INFO] PluginManager:220 - loadIPPluginJar : add spi
2026-04-03 15:21:45,527 [INFO] IPUIPlugin:80 - create IPUIPlugin
2026-04-03 15:21:45,527 [INFO] PluginManager:220 - loadIPPluginJar : add stm32_wpan
2026-04-03 15:21:45,528 [INFO] IPUIPlugin:80 - create IPUIPlugin
2026-04-03 15:21:45,528 [INFO] PluginManager:220 - loadIPPluginJar : add tim
2026-04-03 15:21:45,530 [INFO] IPUIPlugin:80 - create IPUIPlugin
2026-04-03 15:21:45,530 [INFO] PluginManager:220 - loadIPPluginJar : add touchsensing
2026-04-03 15:21:45,531 [INFO] IPUIPlugin:80 - create IPUIPlugin
2026-04-03 15:21:45,531 [INFO] PluginManager:220 - loadIPPluginJar : add tracer_emb
2026-04-03 15:21:45,533 [INFO] IPUIPlugin:80 - create IPUIPlugin
2026-04-03 15:21:45,533 [INFO] PluginManager:220 - loadIPPluginJar : add ts
2026-04-03 15:21:45,534 [INFO] IPUIPlugin:80 - create IPUIPlugin
2026-04-03 15:21:45,534 [INFO] PluginManager:220 - loadIPPluginJar : add tsc
2026-04-03 15:21:45,535 [INFO] IPUIPlugin:80 - create IPUIPlugin
2026-04-03 15:21:45,535 [INFO] PluginManager:220 - loadIPPluginJar : add ucpd
2026-04-03 15:21:45,537 [INFO] IPUIPlugin:80 - create IPUIPlugin
2026-04-03 15:21:45,537 [INFO] PluginManager:220 - loadIPPluginJar : add usart
2026-04-03 15:21:45,539 [INFO] IPUIPlugin:80 - create IPUIPlugin
2026-04-03 15:21:45,539 [INFO] PluginManager:220 - loadIPPluginJar : add usbx
2026-04-03 15:21:45,649 [FATAL] Updater:351 - Updater called before beeing initialized
2026-04-03 15:21:45,667 [INFO] RulesReader:64 - Compatibility file has been processed (317 Rules)
2026-04-03 15:21:45,676 [INFO] RulesReader:64 - Compatibility file has been processed (317 Rules)
2026-04-03 15:21:45,681 [INFO] CADModel:165 - CPN selected for project level
2026-04-03 15:21:45,681 [INFO] CADModel:114 - Register for checkConnection events
2026-04-03 15:21:45,681 [FATAL] Updater:351 - Updater called before beeing initialized
2026-04-03 15:21:45,681 [ERROR] CADModel:125 - Updater not yet initialized, retry later 
2026-04-03 15:21:45,771 [FATAL] Updater:351 - Updater called before beeing initialized
2026-04-03 15:21:45,772 [INFO] CADModel:165 - CPN selected for project level
2026-04-03 15:21:45,772 [INFO] CADModel:114 - Register for checkConnection events
2026-04-03 15:21:45,772 [FATAL] Updater:351 - Updater called before beeing initialized
2026-04-03 15:21:45,772 [ERROR] CADModel:125 - Updater not yet initialized, retry later 
2026-04-03 15:21:45,774 [FATAL] Updater:351 - Updater called before beeing initialized
2026-04-03 15:21:45,842 [FATAL] Updater:351 - Updater called before beeing initialized
2026-04-03 15:21:45,844 [INFO] DbMcusAds:53 - JSON generation date=Thu Jan 08 22:57:51 ICT 2026 (1767887871456)
2026-04-03 15:21:45,845 [FATAL] Updater:351 - Updater called before beeing initialized
2026-04-03 15:21:45,869 [WARN] DetailPanel:346 - Failed to get advertising image, set to default
2026-04-03 15:21:45,933 [FATAL] Updater:351 - Updater called before beeing initialized
2026-04-03 15:21:45,934 [FATAL] Updater:351 - Updater called before beeing initialized
2026-04-03 15:21:45,934 [FATAL] Updater:351 - Updater called before beeing initialized
2026-04-03 15:21:45,934 [WARN] DetailPanel:346 - Failed to get advertising image, set to default
2026-04-03 15:21:45,935 [FATAL] Updater:351 - Updater called before beeing initialized
2026-04-03 15:21:45,966 [ERROR] Updater:1198 - MainUpdater not yet initialized. External WinMGr cannot be set.
2026-04-03 15:21:45,967 [INFO] Updater:1134 - Updater Version found : 6.15.0
2026-04-03 15:21:45,979 [INFO] ApplicationProperties:184 - Using Application install path: C:\ST\STM32CubeIDE_1.19.0\STM32CubeIDE\plugins\com.st.stm32cube.common.mx_6.15.0.202507011659
2026-04-03 15:21:47,546 [ERROR] LogOutputStream:75 - [STDERR_REDIRECT] Apr 03, 2026 3:21:47 PM java.util.prefs.WindowsPreferences <init>
2026-04-03 15:21:47,547 [ERROR] LogOutputStream:75 - [STDERR_REDIRECT] WARNING: Could not open/create prefs root node Software\JavaSoft\Prefs at root 0xffffffff80000002. Windows RegCreateKeyEx(...) returned error code 5.
2026-04-03 15:21:47,547 [ERROR] LogOutputStream:75 - [STDERR_REDIRECT] 
2026-04-03 15:21:48,082 [INFO] ThirdPartyUpdaterWithRetryManager:70 - Updater plugin not ready yet. [2/15]
2026-04-03 15:21:48,155 [INFO] MainUpdater:2872 - connection check result : 10
2026-04-03 15:21:48,155 [INFO] MainUpdater:289 - Updater Check For Update Now.
2026-04-03 15:21:48,156 [INFO] MicroXplorer:498 - Change Database Version : DB.6.0.150
2026-04-03 15:21:48,160 [INFO] McuFinderGlobals:63 - Set McuFinder mode to 2 (CubeIDE integrated)
2026-04-03 15:21:48,161 [INFO] UserAuth:171 - activating auth plugin
2026-04-03 15:21:48,162 [INFO] UserAuth:487 - Internet connection configuration mode: 1
2026-04-03 15:21:48,178 [INFO] JxBrowserEngine:152 - Initiate JxBrowser Engine with user profile folder
2026-04-03 15:21:48,319 [INFO] CheckServerUpdateThread:120 - End of CheckServer Thread
2026-04-03 15:21:48,617 [INFO] WebApp:169 - Instantiating new browser for Auth
2026-04-03 15:21:49,082 [INFO] WebApp:463 - Apply proxy settings
2026-04-03 15:21:49,083 [INFO] WebApp:548 - Chromium requires no authentication
2026-04-03 15:21:49,088 [INFO] WebApp:491 - Direct internet connection detected
2026-04-03 15:21:49,104 [INFO] WebApp:900 - Register for checkConnection events
2026-04-03 15:21:49,104 [INFO] WebApp:463 - Apply proxy settings
2026-04-03 15:21:49,104 [INFO] WebApp:548 - Chromium requires no authentication
2026-04-03 15:21:49,104 [INFO] WebApp:491 - Direct internet connection detected
2026-04-03 15:21:49,221 [INFO] WebApp:225 - Starting web application
2026-04-03 15:21:49,221 [INFO] WebApp:593 - Web application path used C:\ST\STM32CubeIDE_1.19.0\STM32CubeIDE\plugins\com.st.stm32cube.common.mx_6.15.0.202507011659\db\plugins\mcufinder\reactClient1\index.html
2026-04-03 15:21:49,705 [INFO] WebApp:191 - Connection restablished
2026-04-03 15:21:51,349 [WARN] PackLoader:240 - Cannot read IP mode file for STMicroelectronics.X-CUBE-AZRTOS-H7.3.5.0
2026-04-03 15:21:51,358 [WARN] PackLoader:240 - Cannot read IP mode file for STMicroelectronics.FP-SNS-MOTENVWB1.1.4.0
2026-04-03 15:21:51,363 [WARN] PackLoader:240 - Cannot read IP mode file for STMicroelectronics.FP-ATR-ASTRA1.2.0.2
2026-04-03 15:21:51,369 [WARN] PackLoader:240 - Cannot read IP mode file for STMicroelectronics.X-CUBE-SMBUS.2.1.0
2026-04-03 15:21:51,373 [WARN] PackLoader:240 - Cannot read IP mode file for STMicroelectronics.X-CUBE-ST60.1.0.0
2026-04-03 15:21:51,392 [WARN] PackLoader:240 - Cannot read IP mode file for STMicroelectronics.X-CUBE-AZRTOS-F7.1.1.0
2026-04-03 15:21:51,399 [WARN] PackLoader:240 - Cannot read IP mode file for Cesanta.I-CUBE-Mongoose.7.19.0
2026-04-03 15:21:51,403 [WARN] PackLoader:240 - Cannot read IP mode file for STMicroelectronics.FP-SNS-MOTENV1.5.1.0
2026-04-03 15:21:51,418 [WARN] PackLoader:240 - Cannot read IP mode file for WES.I-CUBE-Cesium.1.4.0
2026-04-03 15:21:51,437 [WARN] PackLoader:240 - Cannot read IP mode file for Infineon.AIROC-Wi-Fi-Bluetooth-STM32.1.7.1
2026-04-03 15:21:51,458 [WARN] PackLoader:240 - Cannot read IP mode file for STMicroelectronics.X-CUBE-AZRTOS-H7.3.4.0
2026-04-03 15:21:51,466 [WARN] PackLoader:240 - Cannot read IP mode file for STMicroelectronics.X-CUBE-DISPLAY.3.0.0
2026-04-03 15:21:51,471 [WARN] PackLoader:240 - Cannot read IP mode file for STMicroelectronics.FP-SNS-MOTENVWB1.1.5.0
2026-04-03 15:21:51,476 [WARN] PackLoader:240 - Cannot read IP mode file for STMicroelectronics.X-CUBE-NFC10.1.0.0
2026-04-03 15:21:51,485 [WARN] PackLoader:240 - Cannot read IP mode file for STMicroelectronics.X-CUBE-ST60.1.1.0
2026-04-03 15:21:51,490 [WARN] PackLoader:240 - Cannot read IP mode file for emotas.I-CUBE-CANOPEN.1.3.0
2026-04-03 15:21:51,494 [WARN] PackLoader:240 - Cannot read IP mode file for STMicroelectronics.X-CUBE-GNSS1.7.1.0
2026-04-03 15:21:51,505 [WARN] PackLoader:240 - Cannot read IP mode file for STMicroelectronics.FP-SNS-STBOX1.2.1.0
2026-04-03 15:21:51,513 [WARN] PackLoader:240 - Cannot read IP mode file for STMicroelectronics.FP-SNS-SMARTAG2.1.2.0
2026-04-03 15:21:51,518 [WARN] PackLoader:240 - Cannot read IP mode file for STMicroelectronics.FP-SNS-FLIGHT1.5.1.0
2026-04-03 15:21:51,528 [INFO] LogOutputStream:77 - [STDOUT_REDIRECT] 1 : Invalid condition id : UX_CORESTACK_Condition cause : null
2026-04-03 15:21:51,529 [INFO] LogOutputStream:77 - [STDOUT_REDIRECT] 1 : Invalid condition id : UX_CORESTACK_Condition cause : null
2026-04-03 15:21:51,530 [INFO] LogOutputStream:77 - [STDOUT_REDIRECT] 1 : Invalid condition id : UX_CORESTACK_Condition cause : null
2026-04-03 15:21:51,532 [INFO] LogOutputStream:77 - [STDOUT_REDIRECT] 1 : Invalid condition id : UX_CORESTACK_Condition cause : null
2026-04-03 15:21:51,533 [INFO] LogOutputStream:77 - [STDOUT_REDIRECT] 1 : Invalid condition id : UX_CORESTACK_Condition cause : null
2026-04-03 15:21:51,537 [WARN] PackLoader:240 - Cannot read IP mode file for STMicroelectronics.X-CUBE-AZRTOS-WL.2.0.0
2026-04-03 15:21:51,542 [WARN] PackLoader:240 - Cannot read IP mode file for STMicroelectronics.FP-SNS-MOTENV1.5.0.0
2026-04-03 15:21:51,581 [WARN] PackLoader:240 - Cannot read IP mode file for STMicroelectronics.X-CUBE-AZRTOS-H7RS.1.2.0
2026-04-03 15:21:51,591 [WARN] PackLoader:240 - Cannot read IP mode file for STMicroelectronics.X-CUBE-BLE2.3.3.0
2026-04-03 15:21:51,608 [WARN] PackLoader:240 - Cannot read IP mode file for STMicroelectronics.X-CUBE-NFC9.1.0.0
2026-04-03 15:21:51,614 [WARN] PackLoader:240 - Cannot read IP mode file for wolfSSL.I-CUBE-wolfSSL.5.8.2
2026-04-03 15:21:51,617 [WARN] PackLoader:240 - Cannot read IP mode file for STMicroelectronics.X-CUBE-BLE1.7.1.0
2026-04-03 15:21:51,619 [WARN] PackLoader:240 - Cannot read IP mode file for wolfSSL.I-CUBE-wolfMQTT.1.19.2
2026-04-03 15:21:51,627 [WARN] PackLoader:240 - Cannot read IP mode file for STMicroelectronics.X-CUBE-FREERTOS.1.4.0
2026-04-03 15:21:51,636 [WARN] PackLoader:240 - Cannot read IP mode file for STMicroelectronics.X-CUBE-EEPRMA1.5.2.0
2026-04-03 15:21:51,645 [WARN] PackLoader:240 - Cannot read IP mode file for STMicroelectronics.X-CUBE-ST67W61.1.1.0
2026-04-03 15:21:51,681 [WARN] PackLoader:240 - Cannot read IP mode file for STMicroelectronics.X-CUBE-MEMS1.12.0.0
2026-04-03 15:21:51,772 [WARN] PackLoader:240 - Cannot read IP mode file for STMicroelectronics.X-CUBE-AZRTOS-G0.1.1.0
2026-04-03 15:21:51,777 [WARN] PackLoader:240 - Cannot read IP mode file for STMicroelectronics.X-CUBE-SAFEA1.1.2.2
2026-04-03 15:21:51,781 [WARN] PackLoader:240 - Cannot read IP mode file for STMicroelectronics.X-CUBE-NFC4.3.0.0
2026-04-03 15:21:51,787 [WARN] PackLoader:240 - Cannot read IP mode file for EmbeddedOffice.I-CUBE-FS-RTOS.1.0.1
2026-04-03 15:21:51,791 [WARN] PackLoader:240 - Cannot read IP mode file for STMicroelectronics.X-CUBE-WB05N.2.0.0
2026-04-03 15:21:51,794 [WARN] PackLoader:240 - Cannot read IP mode file for wolfSSL.I-CUBE-wolfTPM.3.8.0
2026-04-03 15:21:51,800 [WARN] PackLoader:240 - Cannot read IP mode file for STMicroelectronics.X-CUBE-TCPP.4.2.0
2026-04-03 15:21:51,806 [WARN] PackLoader:240 - Cannot read IP mode file for RealThread.X-CUBE-RT-Thread_Nano.4.1.1
2026-04-03 15:21:51,808 [WARN] PackLoader:240 - Cannot read IP mode file for STMicroelectronics.FP-ATR-SIGFOX1.3.2.0
2026-04-03 15:21:51,811 [WARN] PackLoader:240 - Cannot read IP mode file for STMicroelectronics.X-CUBE-FREERTOS.1.5.0
2026-04-03 15:21:51,816 [WARN] PackLoader:240 - Cannot read IP mode file for ITTIA_DB.I-CUBE-ITTIADB.8.9.0
2026-04-03 15:21:51,820 [WARN] PackLoader:240 - Cannot read IP mode file for STMicroelectronics.X-CUBE-NFC6.3.2.0
2026-04-03 15:21:51,824 [WARN] PackLoader:240 - Cannot read IP mode file for STMicroelectronics.X-CUBE-AI.10.2.0
2026-04-03 15:21:51,842 [WARN] PackLoader:240 - Cannot read IP mode file for SEGGER.I-CUBE-embOS.1.3.1
2026-04-03 15:21:51,876 [WARN] PackLoader:240 - Cannot read IP mode file for STMicroelectronics.X-CUBE-ALGOBUILD.1.4.0
2026-04-03 15:21:51,909 [WARN] PackLoader:240 - Cannot read IP mode file for STMicroelectronics.X-CUBE-MEMS1.11.3.0
2026-04-03 15:21:51,984 [WARN] PackLoader:240 - Cannot read IP mode file for STMicroelectronics.X-CUBE-PM33A1.1.0.0
2026-04-03 15:21:51,996 [WARN] PackLoader:240 - Cannot read IP mode file for STMicroelectronics.X-CUBE-AZRTOS-F4.1.1.0
2026-04-03 15:21:52,001 [WARN] PackLoader:240 - Cannot read IP mode file for STMicroelectronics.X-CUBE-ISPU.2.1.0
2026-04-03 15:21:52,011 [WARN] PackLoader:240 - Cannot read IP mode file for STMicroelectronics.X-CUBE-IPS.3.2.0
2026-04-03 15:21:52,023 [WARN] PackLoader:240 - Cannot read IP mode file for STMicroelectronics.X-CUBE-NFC12.1.0.0
2026-04-03 15:21:52,048 [WARN] PackLoader:240 - Cannot read IP mode file for STMicroelectronics.X-CUBE-AZRTOS-L5.2.0.0
2026-04-03 15:21:52,058 [WARN] PackLoader:240 - Cannot read IP mode file for STMicroelectronics.X-CUBE-NFC6.3.1.0
2026-04-03 15:21:52,067 [WARN] PackLoader:240 - Cannot read IP mode file for STMicroelectronics.X-CUBE-FREERTOS.1.3.1
2026-04-03 15:21:52,071 [WARN] PackLoader:240 - Cannot read IP mode file for STMicroelectronics.X-CUBE-TOUCHGFX.4.26.0
2026-04-03 15:21:52,074 [WARN] PackLoader:240 - Cannot read IP mode file for STMicroelectronics.X-CUBE-TOUCHGFX.4.26.1
2026-04-03 15:21:52,079 [WARN] PackLoader:240 - Cannot read IP mode file for STMicroelectronics.FP-SNS-STAIOTCFT.1.0.0
2026-04-03 15:21:52,083 [WARN] PackLoader:240 - Cannot read IP mode file for STMicroelectronics.X-CUBE-DPower.1.3.0
2026-04-03 15:21:52,096 [WARN] ConditionMgr:438 - getConditionDescription Invalid condition id : LAN8742 Phy interface Condition cause : null
2026-04-03 15:21:52,096 [WARN] PackLoader:240 - Cannot read IP mode file for STMicroelectronics.X-CUBE-AZRTOS-L4.2.0.0
2026-04-03 15:21:52,097 [WARN] ConditionMgr:1044 - genDependencies : Invalid condition id : LAN8742 Phy interface Condition cause : null
2026-04-03 15:21:52,097 [WARN] ConditionMgr:1044 - genDependencies : Invalid condition id : LAN8742 Phy interface Condition cause : null
2026-04-03 15:21:52,098 [WARN] ConditionMgr:1044 - genDependencies : Invalid condition id : LAN8742 Phy interface Condition cause : null
2026-04-03 15:21:52,103 [WARN] PackLoader:240 - Cannot read IP mode file for STMicroelectronics.X-CUBE-SFXS2LP1.4.0.0
2026-04-03 15:21:52,107 [WARN] PackLoader:240 - Cannot read IP mode file for STMicroelectronics.X-CUBE-ST67W61.1.2.0
2026-04-03 15:21:52,115 [WARN] PackLoader:240 - Cannot read IP mode file for STMicroelectronics.X-CUBE-BLEMGR.4.1.0
2026-04-03 15:21:52,125 [WARN] ConditionMgr:438 - getConditionDescription Invalid condition id : UX DEVICE CLASS RTOS Condition cause : null
2026-04-03 15:21:52,125 [WARN] ConditionMgr:438 - getConditionDescription Invalid condition id : UX DEVICE CLASS RTOS Condition cause : null
2026-04-03 15:21:52,127 [WARN] PackLoader:240 - Cannot read IP mode file for STMicroelectronics.X-CUBE-AZRTOS-WB.2.0.0
2026-04-03 15:21:52,127 [WARN] ConditionMgr:1044 - genDependencies : Invalid condition id : UX DEVICE CLASS RTOS Condition cause : null
2026-04-03 15:21:52,127 [WARN] ConditionMgr:1044 - genDependencies : Invalid condition id : UX DEVICE CLASS RTOS Condition cause : null
2026-04-03 15:21:52,128 [WARN] ConditionMgr:1044 - genDependencies : Invalid condition id : UX DEVICE CLASS RTOS Condition cause : null
2026-04-03 15:21:52,128 [WARN] ConditionMgr:1044 - genDependencies : Invalid condition id : UX DEVICE CLASS RTOS Condition cause : null
2026-04-03 15:21:52,128 [WARN] ConditionMgr:1044 - genDependencies : Invalid condition id : UX DEVICE CLASS RTOS Condition cause : null
2026-04-03 15:21:52,132 [WARN] PackLoader:240 - Cannot read IP mode file for STMicroelectronics.X-CUBE-GNSS1.7.0.1
2026-04-03 15:21:52,135 [WARN] ConditionMgr:438 - getConditionDescription Invalid condition id : Cortex-A Device cause : null
2026-04-03 15:21:52,140 [WARN] ConditionMgr:1044 - genDependencies : Invalid condition id : Cortex-A Device cause : null
2026-04-03 15:21:52,140 [WARN] ConditionMgr:1044 - genDependencies : Invalid condition id : Cortex-A Device cause : null
2026-04-03 15:21:52,140 [WARN] ConditionMgr:1044 - genDependencies : Invalid condition id : Cortex-A Device cause : null
2026-04-03 15:21:52,148 [WARN] PackLoader:240 - Cannot read IP mode file for STMicroelectronics.X-CUBE-STSE01.2.0.0
2026-04-03 15:21:52,154 [WARN] PackLoader:240 - Cannot read IP mode file for STMicroelectronics.X-CUBE-SUBG2.5.0.0
2026-04-03 15:21:52,166 [WARN] PackLoader:240 - Cannot read IP mode file for STMicroelectronics.X-CUBE-AZRTOS-H7RS.1.1.0
2026-04-03 15:21:52,174 [WARN] PackLoader:240 - Cannot read IP mode file for STMicroelectronics.X-CUBE-AZRTOS-G4.2.0.0
2026-04-03 15:21:52,178 [WARN] PackLoader:240 - Cannot read IP mode file for wolfSSL.I-CUBE-wolfSSH.1.4.20
2026-04-03 15:21:52,181 [WARN] PackLoader:240 - Cannot read IP mode file for STMicroelectronics.X-CUBE-NFC7.2.0.0
2026-04-03 15:21:52,184 [WARN] PackLoader:240 - Cannot read IP mode file for STMicroelectronics.X-CUBE-ALS.1.0.2
2026-04-03 15:21:52,188 [WARN] PackLoader:240 - Cannot read IP mode file for STMicroelectronics.X-CUBE-STSE01.1.0.0
2026-04-03 15:21:52,194 [WARN] PackLoader:240 - Cannot read IP mode file for STMicroelectronics.X-CUBE-TOF1.3.4.3
2026-04-03 15:21:52,200 [INFO] ThirdParty:978 - Integrity check success = true
2026-04-03 15:21:52,200 [INFO] IntegrityCheckThread:100 - exiting critical section [integrity check]
2026-04-03 15:21:52,200 [INFO] IntegrityCheckThread:103 - End integrity checks thread
2026-04-03 15:55:16,973 [ERROR] LogOutputStream:75 - [STDERR_REDIRECT] 
2026-04-03 15:55:16,973 [ERROR] LogOutputStream:75 - [STDERR_REDIRECT] 
