14:32:22 **** Incremental Build of configuration Debug for project version2 ****
make -j12 all 
arm-none-eabi-gcc "../Core/Src/fc_pid.c" -mcpu=cortex-m4 -std=gnu11 -g3 -DDEBUG -DUSE_HAL_DRIVER -DSTM32F411xE -c -I../Core/Inc -I../Drivers/STM32F4xx_HAL_Driver/Inc -I../Drivers/STM32F4xx_HAL_Driver/Inc/Legacy -I../Drivers/CMSIS/Device/ST/STM32F4xx/Include -I../Drivers/CMSIS/Include -I../Middlewares/Third_Party/FreeRTOS/Source/include -I../Middlewares/Third_Party/FreeRTOS/Source/CMSIS_RTOS -I../Middlewares/Third_Party/FreeRTOS/Source/portable/GCC/ARM_CM4F -I"D:/Nam_4/KI_II/Thiet_ke_so_va_lap_trinh_nhung/FC_freeRtosv2/version2/TraceRecorderSource/include" -I"D:/Nam_4/KI_II/Thiet_ke_so_va_lap_trinh_nhung/FC_freeRtosv2/version2/TraceRecorderSource/config" -I"D:/Nam_4/KI_II/Thiet_ke_so_va_lap_trinh_nhung/FC_freeRtosv2/version2/TraceRecorderSource/kernelports/FreeRTOS/include" -I"D:/Nam_4/KI_II/Thiet_ke_so_va_lap_trinh_nhung/FC_freeRtosv2/version2/TraceRecorderSource/kernelports/FreeRTOS/config" -I"D:/Nam_4/KI_II/Thiet_ke_so_va_lap_trinh_nhung/FC_freeRtosv2/version2/TraceRecorderSource/streamports/RingBuffer/config" -I"D:/Nam_4/KI_II/Thiet_ke_so_va_lap_trinh_nhung/FC_freeRtosv2/version2/TraceRecorderSource/streamports/RingBuffer/include" -O0 -ffunction-sections -fdata-sections -Wall -fstack-usage -fcyclomatic-complexity -MMD -MP -MF"Core/Src/fc_pid.d" -MT"Core/Src/fc_pid.o" --specs=nano.specs -mfpu=fpv4-sp-d16 -mfloat-abi=hard -mthumb -o "Core/Src/fc_pid.o"
arm-none-eabi-gcc -o "version2.elf" @"objects.list"   -mcpu=cortex-m4 -T"D:\Nam_4\KI_II\Thiet_ke_so_va_lap_trinh_nhung\FC_freeRtosv2\version2\STM32F411CEUX_FLASH.ld" --specs=nosys.specs -Wl,-Map="version2.map" -Wl,--gc-sections -static --specs=nano.specs -mfpu=fpv4-sp-d16 -mfloat-abi=hard -mthumb -Wl,--start-group -lc -lm -Wl,--end-group
Finished building target: version2.elf
 
arm-none-eabi-size  version2.elf 
arm-none-eabi-objdump -h -S version2.elf  > "version2.list"
   text	   data	    bss	    dec	    hex	filename
  54232	    104	  34192	  88528	  159d0	version2.elf
Finished building: default.size.stdout
 
Finished building: version2.list
 
14:32:28 **** Incremental Build of configuration Debug for project version2 ****
make -j12 all 
arm-none-eabi-size  version2.elf 
   text	   data	    bss	    dec	    hex	filename
  54232	    104	  34192	  88528	  159d0	version2.elf
Finished building: default.size.stdout
 
14:33:06 **** Incremental Build of configuration Debug for project version2 ****
make -j12 all 
arm-none-eabi-size  version2.elf 
   text	   data	    bss	    dec	    hex	filename
  54232	    104	  34192	  88528	  159d0	version2.elf
Finished building: default.size.stdout
 
14:59:11 **** Incremental Build of configuration Debug for project version2 ****
make -j12 all 
arm-none-eabi-gcc "../Core/Src/fc_pid.c" -mcpu=cortex-m4 -std=gnu11 -g3 -DDEBUG -DUSE_HAL_DRIVER -DSTM32F411xE -c -I../Core/Inc -I../Drivers/STM32F4xx_HAL_Driver/Inc -I../Drivers/STM32F4xx_HAL_Driver/Inc/Legacy -I../Drivers/CMSIS/Device/ST/STM32F4xx/Include -I../Drivers/CMSIS/Include -I../Middlewares/Third_Party/FreeRTOS/Source/include -I../Middlewares/Third_Party/FreeRTOS/Source/CMSIS_RTOS -I../Middlewares/Third_Party/FreeRTOS/Source/portable/GCC/ARM_CM4F -I"D:/Nam_4/KI_II/Thiet_ke_so_va_lap_trinh_nhung/FC_freeRtosv2/version2/TraceRecorderSource/include" -I"D:/Nam_4/KI_II/Thiet_ke_so_va_lap_trinh_nhung/FC_freeRtosv2/version2/TraceRecorderSource/config" -I"D:/Nam_4/KI_II/Thiet_ke_so_va_lap_trinh_nhung/FC_freeRtosv2/version2/TraceRecorderSource/kernelports/FreeRTOS/include" -I"D:/Nam_4/KI_II/Thiet_ke_so_va_lap_trinh_nhung/FC_freeRtosv2/version2/TraceRecorderSource/kernelports/FreeRTOS/config" -I"D:/Nam_4/KI_II/Thiet_ke_so_va_lap_trinh_nhung/FC_freeRtosv2/version2/TraceRecorderSource/streamports/RingBuffer/config" -I"D:/Nam_4/KI_II/Thiet_ke_so_va_lap_trinh_nhung/FC_freeRtosv2/version2/TraceRecorderSource/streamports/RingBuffer/include" -O0 -ffunction-sections -fdata-sections -Wall -fstack-usage -fcyclomatic-complexity -MMD -MP -MF"Core/Src/fc_pid.d" -MT"Core/Src/fc_pid.o" --specs=nano.specs -mfpu=fpv4-sp-d16 -mfloat-abi=hard -mthumb -o "Core/Src/fc_pid.o"
arm-none-eabi-gcc -o "version2.elf" @"objects.list"   -mcpu=cortex-m4 -T"D:\Nam_4\KI_II\Thiet_ke_so_va_lap_trinh_nhung\FC_freeRtosv2\version2\STM32F411CEUX_FLASH.ld" --specs=nosys.specs -Wl,-Map="version2.map" -Wl,--gc-sections -static --specs=nano.specs -mfpu=fpv4-sp-d16 -mfloat-abi=hard -mthumb -Wl,--start-group -lc -lm -Wl,--end-group
Finished building target: version2.elf
 
arm-none-eabi-size  version2.elf 
arm-none-eabi-objdump -h -S version2.elf  > "version2.list"
   text	   data	    bss	    dec	    hex	filename
  54232	    104	  34192	  88528	  159d0	version2.elf
Finished building: default.size.stdout
 
Finished building: version2.list
 
15:03:55 **** Incremental Build of configuration Debug for project version2 ****
make -j12 all 
arm-none-eabi-gcc "../Core/Src/fc_pid.c" -mcpu=cortex-m4 -std=gnu11 -g3 -DDEBUG -DUSE_HAL_DRIVER -DSTM32F411xE -c -I../Core/Inc -I../Drivers/STM32F4xx_HAL_Driver/Inc -I../Drivers/STM32F4xx_HAL_Driver/Inc/Legacy -I../Drivers/CMSIS/Device/ST/STM32F4xx/Include -I../Drivers/CMSIS/Include -I../Middlewares/Third_Party/FreeRTOS/Source/include -I../Middlewares/Third_Party/FreeRTOS/Source/CMSIS_RTOS -I../Middlewares/Third_Party/FreeRTOS/Source/portable/GCC/ARM_CM4F -I"D:/Nam_4/KI_II/Thiet_ke_so_va_lap_trinh_nhung/FC_freeRtosv2/version2/TraceRecorderSource/include" -I"D:/Nam_4/KI_II/Thiet_ke_so_va_lap_trinh_nhung/FC_freeRtosv2/version2/TraceRecorderSource/config" -I"D:/Nam_4/KI_II/Thiet_ke_so_va_lap_trinh_nhung/FC_freeRtosv2/version2/TraceRecorderSource/kernelports/FreeRTOS/include" -I"D:/Nam_4/KI_II/Thiet_ke_so_va_lap_trinh_nhung/FC_freeRtosv2/version2/TraceRecorderSource/kernelports/FreeRTOS/config" -I"D:/Nam_4/KI_II/Thiet_ke_so_va_lap_trinh_nhung/FC_freeRtosv2/version2/TraceRecorderSource/streamports/RingBuffer/config" -I"D:/Nam_4/KI_II/Thiet_ke_so_va_lap_trinh_nhung/FC_freeRtosv2/version2/TraceRecorderSource/streamports/RingBuffer/include" -O0 -ffunction-sections -fdata-sections -Wall -fstack-usage -fcyclomatic-complexity -MMD -MP -MF"Core/Src/fc_pid.d" -MT"Core/Src/fc_pid.o" --specs=nano.specs -mfpu=fpv4-sp-d16 -mfloat-abi=hard -mthumb -o "Core/Src/fc_pid.o"
arm-none-eabi-gcc -o "version2.elf" @"objects.list"   -mcpu=cortex-m4 -T"D:\Nam_4\KI_II\Thiet_ke_so_va_lap_trinh_nhung\FC_freeRtosv2\version2\STM32F411CEUX_FLASH.ld" --specs=nosys.specs -Wl,-Map="version2.map" -Wl,--gc-sections -static --specs=nano.specs -mfpu=fpv4-sp-d16 -mfloat-abi=hard -mthumb -Wl,--start-group -lc -lm -Wl,--end-group
Finished building target: version2.elf
 
arm-none-eabi-size  version2.elf 
arm-none-eabi-objdump -h -S version2.elf  > "version2.list"
   text	   data	    bss	    dec	    hex	filename
  54232	    104	  34192	  88528	  159d0	version2.elf
Finished building: default.size.stdout
 
Finished building: version2.list
 
15:12:19 **** Incremental Build of configuration Debug for project version2 ****
make -j12 all 
arm-none-eabi-size  version2.elf 
   text	   data	    bss	    dec	    hex	filename
  54232	    104	  34192	  88528	  159d0	version2.elf
Finished building: default.size.stdout
 
15:23:33 **** Incremental Build of configuration Debug for project version2 ****
make -j12 all 
arm-none-eabi-gcc "../Core/Src/fc_mpu6050.c" -mcpu=cortex-m4 -std=gnu11 -g3 -DDEBUG -DUSE_HAL_DRIVER -DSTM32F411xE -c -I../Core/Inc -I../Drivers/STM32F4xx_HAL_Driver/Inc -I../Drivers/STM32F4xx_HAL_Driver/Inc/Legacy -I../Drivers/CMSIS/Device/ST/STM32F4xx/Include -I../Drivers/CMSIS/Include -I../Middlewares/Third_Party/FreeRTOS/Source/include -I../Middlewares/Third_Party/FreeRTOS/Source/CMSIS_RTOS -I../Middlewares/Third_Party/FreeRTOS/Source/portable/GCC/ARM_CM4F -I"D:/Nam_4/KI_II/Thiet_ke_so_va_lap_trinh_nhung/FC_freeRtosv2/version2/TraceRecorderSource/include" -I"D:/Nam_4/KI_II/Thiet_ke_so_va_lap_trinh_nhung/FC_freeRtosv2/version2/TraceRecorderSource/config" -I"D:/Nam_4/KI_II/Thiet_ke_so_va_lap_trinh_nhung/FC_freeRtosv2/version2/TraceRecorderSource/kernelports/FreeRTOS/include" -I"D:/Nam_4/KI_II/Thiet_ke_so_va_lap_trinh_nhung/FC_freeRtosv2/version2/TraceRecorderSource/kernelports/FreeRTOS/config" -I"D:/Nam_4/KI_II/Thiet_ke_so_va_lap_trinh_nhung/FC_freeRtosv2/version2/TraceRecorderSource/streamports/RingBuffer/config" -I"D:/Nam_4/KI_II/Thiet_ke_so_va_lap_trinh_nhung/FC_freeRtosv2/version2/TraceRecorderSource/streamports/RingBuffer/include" -O0 -ffunction-sections -fdata-sections -Wall -fstack-usage -fcyclomatic-complexity -MMD -MP -MF"Core/Src/fc_mpu6050.d" -MT"Core/Src/fc_mpu6050.o" --specs=nano.specs -mfpu=fpv4-sp-d16 -mfloat-abi=hard -mthumb -o "Core/Src/fc_mpu6050.o"
arm-none-eabi-gcc "../Core/Src/fc_pid.c" -mcpu=cortex-m4 -std=gnu11 -g3 -DDEBUG -DUSE_HAL_DRIVER -DSTM32F411xE -c -I../Core/Inc -I../Drivers/STM32F4xx_HAL_Driver/Inc -I../Drivers/STM32F4xx_HAL_Driver/Inc/Legacy -I../Drivers/CMSIS/Device/ST/STM32F4xx/Include -I../Drivers/CMSIS/Include -I../Middlewares/Third_Party/FreeRTOS/Source/include -I../Middlewares/Third_Party/FreeRTOS/Source/CMSIS_RTOS -I../Middlewares/Third_Party/FreeRTOS/Source/portable/GCC/ARM_CM4F -I"D:/Nam_4/KI_II/Thiet_ke_so_va_lap_trinh_nhung/FC_freeRtosv2/version2/TraceRecorderSource/include" -I"D:/Nam_4/KI_II/Thiet_ke_so_va_lap_trinh_nhung/FC_freeRtosv2/version2/TraceRecorderSource/config" -I"D:/Nam_4/KI_II/Thiet_ke_so_va_lap_trinh_nhung/FC_freeRtosv2/version2/TraceRecorderSource/kernelports/FreeRTOS/include" -I"D:/Nam_4/KI_II/Thiet_ke_so_va_lap_trinh_nhung/FC_freeRtosv2/version2/TraceRecorderSource/kernelports/FreeRTOS/config" -I"D:/Nam_4/KI_II/Thiet_ke_so_va_lap_trinh_nhung/FC_freeRtosv2/version2/TraceRecorderSource/streamports/RingBuffer/config" -I"D:/Nam_4/KI_II/Thiet_ke_so_va_lap_trinh_nhung/FC_freeRtosv2/version2/TraceRecorderSource/streamports/RingBuffer/include" -O0 -ffunction-sections -fdata-sections -Wall -fstack-usage -fcyclomatic-complexity -MMD -MP -MF"Core/Src/fc_pid.d" -MT"Core/Src/fc_pid.o" --specs=nano.specs -mfpu=fpv4-sp-d16 -mfloat-abi=hard -mthumb -o "Core/Src/fc_pid.o"
../Core/Src/fc_mpu6050.c: In function 'HAL_I2C_MemRxCpltCallback':
../Core/Src/fc_mpu6050.c:132:59: error: 'raw_gx' undeclared (first use in this function)
  132 |                 gx_filtered = 0.9f * gx_filtered + 0.1f * raw_gx;
      |                                                           ^~~~~~
../Core/Src/fc_mpu6050.c:132:59: note: each undeclared identifier is reported only once for each function it appears in
../Core/Src/fc_mpu6050.c:133:59: error: 'raw_gy' undeclared (first use in this function)
  133 |                 gy_filtered = 0.9f * gy_filtered + 0.1f * raw_gy;
      |                                                           ^~~~~~
make: *** [Core/Src/subdir.mk:55: Core/Src/fc_mpu6050.o] Error 1
"make -j12 all" terminated with exit code 2. Build might be incomplete.
15:24:25 **** Incremental Build of configuration Debug for project version2 ****
make -j12 all 
arm-none-eabi-gcc "../Core/Src/fc_mpu6050.c" -mcpu=cortex-m4 -std=gnu11 -g3 -DDEBUG -DUSE_HAL_DRIVER -DSTM32F411xE -c -I../Core/Inc -I../Drivers/STM32F4xx_HAL_Driver/Inc -I../Drivers/STM32F4xx_HAL_Driver/Inc/Legacy -I../Drivers/CMSIS/Device/ST/STM32F4xx/Include -I../Drivers/CMSIS/Include -I../Middlewares/Third_Party/FreeRTOS/Source/include -I../Middlewares/Third_Party/FreeRTOS/Source/CMSIS_RTOS -I../Middlewares/Third_Party/FreeRTOS/Source/portable/GCC/ARM_CM4F -I"D:/Nam_4/KI_II/Thiet_ke_so_va_lap_trinh_nhung/FC_freeRtosv2/version2/TraceRecorderSource/include" -I"D:/Nam_4/KI_II/Thiet_ke_so_va_lap_trinh_nhung/FC_freeRtosv2/version2/TraceRecorderSource/config" -I"D:/Nam_4/KI_II/Thiet_ke_so_va_lap_trinh_nhung/FC_freeRtosv2/version2/TraceRecorderSource/kernelports/FreeRTOS/include" -I"D:/Nam_4/KI_II/Thiet_ke_so_va_lap_trinh_nhung/FC_freeRtosv2/version2/TraceRecorderSource/kernelports/FreeRTOS/config" -I"D:/Nam_4/KI_II/Thiet_ke_so_va_lap_trinh_nhung/FC_freeRtosv2/version2/TraceRecorderSource/streamports/RingBuffer/config" -I"D:/Nam_4/KI_II/Thiet_ke_so_va_lap_trinh_nhung/FC_freeRtosv2/version2/TraceRecorderSource/streamports/RingBuffer/include" -O0 -ffunction-sections -fdata-sections -Wall -fstack-usage -fcyclomatic-complexity -MMD -MP -MF"Core/Src/fc_mpu6050.d" -MT"Core/Src/fc_mpu6050.o" --specs=nano.specs -mfpu=fpv4-sp-d16 -mfloat-abi=hard -mthumb -o "Core/Src/fc_mpu6050.o"
arm-none-eabi-gcc -o "version2.elf" @"objects.list"   -mcpu=cortex-m4 -T"D:\Nam_4\KI_II\Thiet_ke_so_va_lap_trinh_nhung\FC_freeRtosv2\version2\STM32F411CEUX_FLASH.ld" --specs=nosys.specs -Wl,-Map="version2.map" -Wl,--gc-sections -static --specs=nano.specs -mfpu=fpv4-sp-d16 -mfloat-abi=hard -mthumb -Wl,--start-group -lc -lm -Wl,--end-group
Finished building target: version2.elf
 
arm-none-eabi-size  version2.elf 
arm-none-eabi-objdump -h -S version2.elf  > "version2.list"
   text	   data	    bss	    dec	    hex	filename
  54344	    104	  34200	  88648	  15a48	version2.elf
Finished building: default.size.stdout
 
Finished building: version2.list
 
15:24:43 **** Incremental Build of configuration Debug for project version2 ****
make -j12 all 
arm-none-eabi-size  version2.elf 
   text	   data	    bss	    dec	    hex	filename
  54344	    104	  34200	  88648	  15a48	version2.elf
Finished building: default.size.stdout
 
15:33:06 **** Incremental Build of configuration Debug for project version2 ****
make -j12 all 
arm-none-eabi-size  version2.elf 
   text	   data	    bss	    dec	    hex	filename
  54344	    104	  34200	  88648	  15a48	version2.elf
Finished building: default.size.stdout
 
15:35:51 **** Incremental Build of configuration Debug for project version2 ****
make -j12 all 
arm-none-eabi-size  version2.elf 
   text	   data	    bss	    dec	    hex	filename
  54344	    104	  34200	  88648	  15a48	version2.elf
Finished building: default.size.stdout
 
15:36:47 **** Incremental Build of configuration Debug for project version2 ****
make -j12 all 
arm-none-eabi-gcc "../Core/Src/fc_pid.c" -mcpu=cortex-m4 -std=gnu11 -g3 -DDEBUG -DUSE_HAL_DRIVER -DSTM32F411xE -c -I../Core/Inc -I../Drivers/STM32F4xx_HAL_Driver/Inc -I../Drivers/STM32F4xx_HAL_Driver/Inc/Legacy -I../Drivers/CMSIS/Device/ST/STM32F4xx/Include -I../Drivers/CMSIS/Include -I../Middlewares/Third_Party/FreeRTOS/Source/include -I../Middlewares/Third_Party/FreeRTOS/Source/CMSIS_RTOS -I../Middlewares/Third_Party/FreeRTOS/Source/portable/GCC/ARM_CM4F -I"D:/Nam_4/KI_II/Thiet_ke_so_va_lap_trinh_nhung/FC_freeRtosv2/version2/TraceRecorderSource/include" -I"D:/Nam_4/KI_II/Thiet_ke_so_va_lap_trinh_nhung/FC_freeRtosv2/version2/TraceRecorderSource/config" -I"D:/Nam_4/KI_II/Thiet_ke_so_va_lap_trinh_nhung/FC_freeRtosv2/version2/TraceRecorderSource/kernelports/FreeRTOS/include" -I"D:/Nam_4/KI_II/Thiet_ke_so_va_lap_trinh_nhung/FC_freeRtosv2/version2/TraceRecorderSource/kernelports/FreeRTOS/config" -I"D:/Nam_4/KI_II/Thiet_ke_so_va_lap_trinh_nhung/FC_freeRtosv2/version2/TraceRecorderSource/streamports/RingBuffer/config" -I"D:/Nam_4/KI_II/Thiet_ke_so_va_lap_trinh_nhung/FC_freeRtosv2/version2/TraceRecorderSource/streamports/RingBuffer/include" -O0 -ffunction-sections -fdata-sections -Wall -fstack-usage -fcyclomatic-complexity -MMD -MP -MF"Core/Src/fc_pid.d" -MT"Core/Src/fc_pid.o" --specs=nano.specs -mfpu=fpv4-sp-d16 -mfloat-abi=hard -mthumb -o "Core/Src/fc_pid.o"
arm-none-eabi-gcc "../Core/Src/main.c" -mcpu=cortex-m4 -std=gnu11 -g3 -DDEBUG -DUSE_HAL_DRIVER -DSTM32F411xE -c -I../Core/Inc -I../Drivers/STM32F4xx_HAL_Driver/Inc -I../Drivers/STM32F4xx_HAL_Driver/Inc/Legacy -I../Drivers/CMSIS/Device/ST/STM32F4xx/Include -I../Drivers/CMSIS/Include -I../Middlewares/Third_Party/FreeRTOS/Source/include -I../Middlewares/Third_Party/FreeRTOS/Source/CMSIS_RTOS -I../Middlewares/Third_Party/FreeRTOS/Source/portable/GCC/ARM_CM4F -I"D:/Nam_4/KI_II/Thiet_ke_so_va_lap_trinh_nhung/FC_freeRtosv2/version2/TraceRecorderSource/include" -I"D:/Nam_4/KI_II/Thiet_ke_so_va_lap_trinh_nhung/FC_freeRtosv2/version2/TraceRecorderSource/config" -I"D:/Nam_4/KI_II/Thiet_ke_so_va_lap_trinh_nhung/FC_freeRtosv2/version2/TraceRecorderSource/kernelports/FreeRTOS/include" -I"D:/Nam_4/KI_II/Thiet_ke_so_va_lap_trinh_nhung/FC_freeRtosv2/version2/TraceRecorderSource/kernelports/FreeRTOS/config" -I"D:/Nam_4/KI_II/Thiet_ke_so_va_lap_trinh_nhung/FC_freeRtosv2/version2/TraceRecorderSource/streamports/RingBuffer/config" -I"D:/Nam_4/KI_II/Thiet_ke_so_va_lap_trinh_nhung/FC_freeRtosv2/version2/TraceRecorderSource/streamports/RingBuffer/include" -O0 -ffunction-sections -fdata-sections -Wall -fstack-usage -fcyclomatic-complexity -MMD -MP -MF"Core/Src/main.d" -MT"Core/Src/main.o" --specs=nano.specs -mfpu=fpv4-sp-d16 -mfloat-abi=hard -mthumb -o "Core/Src/main.o"
arm-none-eabi-gcc -o "version2.elf" @"objects.list"   -mcpu=cortex-m4 -T"D:\Nam_4\KI_II\Thiet_ke_so_va_lap_trinh_nhung\FC_freeRtosv2\version2\STM32F411CEUX_FLASH.ld" --specs=nosys.specs -Wl,-Map="version2.map" -Wl,--gc-sections -static --specs=nano.specs -mfpu=fpv4-sp-d16 -mfloat-abi=hard -mthumb -Wl,--start-group -lc -lm -Wl,--end-group
Finished building target: version2.elf
 
arm-none-eabi-size  version2.elf 
arm-none-eabi-objdump -h -S version2.elf  > "version2.list"
   text	   data	    bss	    dec	    hex	filename
  54344	    104	  34224	  88672	  15a60	version2.elf
Finished building: default.size.stdout
 
Finished building: version2.list
 
15:49:29 **** Incremental Build of configuration Debug for project version2 ****
make -j12 all 
arm-none-eabi-gcc "../Core/Src/fc_pid.c" -mcpu=cortex-m4 -std=gnu11 -g3 -DDEBUG -DUSE_HAL_DRIVER -DSTM32F411xE -c -I../Core/Inc -I../Drivers/STM32F4xx_HAL_Driver/Inc -I../Drivers/STM32F4xx_HAL_Driver/Inc/Legacy -I../Drivers/CMSIS/Device/ST/STM32F4xx/Include -I../Drivers/CMSIS/Include -I../Middlewares/Third_Party/FreeRTOS/Source/include -I../Middlewares/Third_Party/FreeRTOS/Source/CMSIS_RTOS -I../Middlewares/Third_Party/FreeRTOS/Source/portable/GCC/ARM_CM4F -I"D:/Nam_4/KI_II/Thiet_ke_so_va_lap_trinh_nhung/FC_freeRtosv2/version2/TraceRecorderSource/include" -I"D:/Nam_4/KI_II/Thiet_ke_so_va_lap_trinh_nhung/FC_freeRtosv2/version2/TraceRecorderSource/config" -I"D:/Nam_4/KI_II/Thiet_ke_so_va_lap_trinh_nhung/FC_freeRtosv2/version2/TraceRecorderSource/kernelports/FreeRTOS/include" -I"D:/Nam_4/KI_II/Thiet_ke_so_va_lap_trinh_nhung/FC_freeRtosv2/version2/TraceRecorderSource/kernelports/FreeRTOS/config" -I"D:/Nam_4/KI_II/Thiet_ke_so_va_lap_trinh_nhung/FC_freeRtosv2/version2/TraceRecorderSource/streamports/RingBuffer/config" -I"D:/Nam_4/KI_II/Thiet_ke_so_va_lap_trinh_nhung/FC_freeRtosv2/version2/TraceRecorderSource/streamports/RingBuffer/include" -O0 -ffunction-sections -fdata-sections -Wall -fstack-usage -fcyclomatic-complexity -MMD -MP -MF"Core/Src/fc_pid.d" -MT"Core/Src/fc_pid.o" --specs=nano.specs -mfpu=fpv4-sp-d16 -mfloat-abi=hard -mthumb -o "Core/Src/fc_pid.o"
../Core/Src/fc_pid.c: In function 'FC_PID_Run_1ms':
../Core/Src/fc_pid.c:84:11: warning: unused variable 'rc_yaw' [-Wunused-variable]
   84 |     float rc_yaw      = rc_channels[3];
      |           ^~~~~~
../Core/Src/fc_pid.c:81:11: warning: unused variable 'rc_roll' [-Wunused-variable]
   81 |     float rc_roll     = rc_channels[0];
      |           ^~~~~~~
arm-none-eabi-gcc -o "version2.elf" @"objects.list"   -mcpu=cortex-m4 -T"D:\Nam_4\KI_II\Thiet_ke_so_va_lap_trinh_nhung\FC_freeRtosv2\version2\STM32F411CEUX_FLASH.ld" --specs=nosys.specs -Wl,-Map="version2.map" -Wl,--gc-sections -static --specs=nano.specs -mfpu=fpv4-sp-d16 -mfloat-abi=hard -mthumb -Wl,--start-group -lc -lm -Wl,--end-group
Finished building target: version2.elf
 
arm-none-eabi-size  version2.elf 
arm-none-eabi-objdump -h -S version2.elf  > "version2.list"
   text	   data	    bss	    dec	    hex	filename
  54312	    104	  34224	  88640	  15a40	version2.elf
Finished building: default.size.stdout
 
Finished building: version2.list
 
15:49:41 **** Incremental Build of configuration Debug for project version2 ****
make -j12 all 
arm-none-eabi-size  version2.elf 
   text	   data	    bss	    dec	    hex	filename
  54312	    104	  34224	  88640	  15a40	version2.elf
Finished building: default.size.stdout
 
15:49:22 **** Build of configuration Debug for project version2 ****
make -j12 all 
arm-none-eabi-gcc "../Core/Src/fc_mpu6050.c" -mcpu=cortex-m4 -std=gnu11 -g3 -DDEBUG -DUSE_HAL_DRIVER -DSTM32F411xE -c -I../Core/Inc -I../Drivers/STM32F4xx_HAL_Driver/Inc -I../Drivers/STM32F4xx_HAL_Driver/Inc/Legacy -I../Drivers/CMSIS/Device/ST/STM32F4xx/Include -I../Drivers/CMSIS/Include -I../Middlewares/Third_Party/FreeRTOS/Source/include -I../Middlewares/Third_Party/FreeRTOS/Source/CMSIS_RTOS -I../Middlewares/Third_Party/FreeRTOS/Source/portable/GCC/ARM_CM4F -I"D:/Nam_4/KI_II/Thiet_ke_so_va_lap_trinh_nhung/FC_freeRtosv2/version2/TraceRecorderSource/include" -I"D:/Nam_4/KI_II/Thiet_ke_so_va_lap_trinh_nhung/FC_freeRtosv2/version2/TraceRecorderSource/config" -I"D:/Nam_4/KI_II/Thiet_ke_so_va_lap_trinh_nhung/FC_freeRtosv2/version2/TraceRecorderSource/kernelports/FreeRTOS/include" -I"D:/Nam_4/KI_II/Thiet_ke_so_va_lap_trinh_nhung/FC_freeRtosv2/version2/TraceRecorderSource/kernelports/FreeRTOS/config" -I"D:/Nam_4/KI_II/Thiet_ke_so_va_lap_trinh_nhung/FC_freeRtosv2/version2/TraceRecorderSource/streamports/RingBuffer/config" -I"D:/Nam_4/KI_II/Thiet_ke_so_va_lap_trinh_nhung/FC_freeRtosv2/version2/TraceRecorderSource/streamports/RingBuffer/include" -O0 -ffunction-sections -fdata-sections -Wall -fstack-usage -fcyclomatic-complexity -MMD -MP -MF"Core/Src/fc_mpu6050.d" -MT"Core/Src/fc_mpu6050.o" --specs=nano.specs -mfpu=fpv4-sp-d16 -mfloat-abi=hard -mthumb -o "Core/Src/fc_mpu6050.o"
arm-none-eabi-gcc "../Core/Src/fc_pid.c" -mcpu=cortex-m4 -std=gnu11 -g3 -DDEBUG -DUSE_HAL_DRIVER -DSTM32F411xE -c -I../Core/Inc -I../Drivers/STM32F4xx_HAL_Driver/Inc -I../Drivers/STM32F4xx_HAL_Driver/Inc/Legacy -I../Drivers/CMSIS/Device/ST/STM32F4xx/Include -I../Drivers/CMSIS/Include -I../Middlewares/Third_Party/FreeRTOS/Source/include -I../Middlewares/Third_Party/FreeRTOS/Source/CMSIS_RTOS -I../Middlewares/Third_Party/FreeRTOS/Source/portable/GCC/ARM_CM4F -I"D:/Nam_4/KI_II/Thiet_ke_so_va_lap_trinh_nhung/FC_freeRtosv2/version2/TraceRecorderSource/include" -I"D:/Nam_4/KI_II/Thiet_ke_so_va_lap_trinh_nhung/FC_freeRtosv2/version2/TraceRecorderSource/config" -I"D:/Nam_4/KI_II/Thiet_ke_so_va_lap_trinh_nhung/FC_freeRtosv2/version2/TraceRecorderSource/kernelports/FreeRTOS/include" -I"D:/Nam_4/KI_II/Thiet_ke_so_va_lap_trinh_nhung/FC_freeRtosv2/version2/TraceRecorderSource/kernelports/FreeRTOS/config" -I"D:/Nam_4/KI_II/Thiet_ke_so_va_lap_trinh_nhung/FC_freeRtosv2/version2/TraceRecorderSource/streamports/RingBuffer/config" -I"D:/Nam_4/KI_II/Thiet_ke_so_va_lap_trinh_nhung/FC_freeRtosv2/version2/TraceRecorderSource/streamports/RingBuffer/include" -O0 -ffunction-sections -fdata-sections -Wall -fstack-usage -fcyclomatic-complexity -MMD -MP -MF"Core/Src/fc_pid.d" -MT"Core/Src/fc_pid.o" --specs=nano.specs -mfpu=fpv4-sp-d16 -mfloat-abi=hard -mthumb -o "Core/Src/fc_pid.o"
../Core/Src/fc_pid.c: In function 'FC_PID_Run_1ms':
../Core/Src/fc_pid.c:84:11: warning: unused variable 'rc_yaw' [-Wunused-variable]
   84 |     float rc_yaw      = rc_channels[3];
      |           ^~~~~~
../Core/Src/fc_pid.c:81:11: warning: unused variable 'rc_roll' [-Wunused-variable]
   81 |     float rc_roll     = rc_channels[0];
      |           ^~~~~~~
arm-none-eabi-gcc -o "version2.elf" @"objects.list"   -mcpu=cortex-m4 -T"D:\Nam_4\KI_II\Thiet_ke_so_va_lap_trinh_nhung\FC_freeRtosv2\version2\STM32F411CEUX_FLASH.ld" --specs=nosys.specs -Wl,-Map="version2.map" -Wl,--gc-sections -static --specs=nano.specs -mfpu=fpv4-sp-d16 -mfloat-abi=hard -mthumb -Wl,--start-group -lc -lm -Wl,--end-group
Finished building target: version2.elf
 
arm-none-eabi-size  version2.elf 
arm-none-eabi-objdump -h -S version2.elf  > "version2.list"
   text	   data	    bss	    dec	    hex	filename
  54312	    104	  34224	  88640	  15a40	version2.elf
Finished building: default.size.stdout
 
Finished building: version2.list
 
15:49:38 **** Incremental Build of configuration Debug for project version2 ****
make -j12 all 
arm-none-eabi-size  version2.elf 
   text	   data	    bss	    dec	    hex	filename
  54312	    104	  34224	  88640	  15a40	version2.elf
Finished building: default.size.stdout
 
14:44:25 **** Incremental Build of configuration Debug for project version2 ****
make -j12 all 
arm-none-eabi-size  version2.elf 
   text	   data	    bss	    dec	    hex	filename
  54312	    104	  34224	  88640	  15a40	version2.elf
Finished building: default.size.stdout
 
14:54:56 **** Incremental Build of configuration Debug for project version2 ****
make -j12 all 
arm-none-eabi-size  version2.elf 
   text	   data	    bss	    dec	    hex	filename
  54312	    104	  34224	  88640	  15a40	version2.elf
Finished building: default.size.stdout
 
14:58:07 **** Incremental Build of configuration Debug for project version2 ****
make -j12 all 
arm-none-eabi-size  version2.elf 
   text	   data	    bss	    dec	    hex	filename
  54312	    104	  34224	  88640	  15a40	version2.elf
Finished building: default.size.stdout
 
20:05:42 **** Incremental Build of configuration Debug for project version2 ****
make -j12 all 
arm-none-eabi-size  version2.elf 
   text	   data	    bss	    dec	    hex	filename
  54312	    104	  34224	  88640	  15a40	version2.elf
Finished building: default.size.stdout
 
20:26:12 **** Incremental Build of configuration Debug for project version2 ****
make -j12 all 
arm-none-eabi-size  version2.elf 
   text	   data	    bss	    dec	    hex	filename
  54312	    104	  34224	  88640	  15a40	version2.elf
Finished building: default.size.stdout
 
20:27:56 **** Incremental Build of configuration Debug for project version2 ****
make -j12 all 
arm-none-eabi-size  version2.elf 
   text	   data	    bss	    dec	    hex	filename
  54312	    104	  34224	  88640	  15a40	version2.elf
Finished building: default.size.stdout
 
20:37:43 **** Incremental Build of configuration Debug for project version2 ****
make -j12 all 
arm-none-eabi-size  version2.elf 
   text	   data	    bss	    dec	    hex	filename
  54312	    104	  34224	  88640	  15a40	version2.elf
Finished building: default.size.stdout
 
20:38:46 **** Incremental Build of configuration Debug for project version2 ****
make -j12 all 
arm-none-eabi-size  version2.elf 
   text	   data	    bss	    dec	    hex	filename
  54312	    104	  34224	  88640	  15a40	version2.elf
Finished building: default.size.stdout
 
20:49:16 **** Incremental Build of configuration Debug for project version2 ****
make -j12 all 
arm-none-eabi-gcc "../Core/Src/fc_pid.c" -mcpu=cortex-m4 -std=gnu11 -g3 -DDEBUG -DUSE_HAL_DRIVER -DSTM32F411xE -c -I../Core/Inc -I../Drivers/STM32F4xx_HAL_Driver/Inc -I../Drivers/STM32F4xx_HAL_Driver/Inc/Legacy -I../Drivers/CMSIS/Device/ST/STM32F4xx/Include -I../Drivers/CMSIS/Include -I../Middlewares/Third_Party/FreeRTOS/Source/include -I../Middlewares/Third_Party/FreeRTOS/Source/CMSIS_RTOS -I../Middlewares/Third_Party/FreeRTOS/Source/portable/GCC/ARM_CM4F -I"D:/Nam_4/KI_II/Thiet_ke_so_va_lap_trinh_nhung/FC_freeRtosv2/version2/TraceRecorderSource/include" -I"D:/Nam_4/KI_II/Thiet_ke_so_va_lap_trinh_nhung/FC_freeRtosv2/version2/TraceRecorderSource/config" -I"D:/Nam_4/KI_II/Thiet_ke_so_va_lap_trinh_nhung/FC_freeRtosv2/version2/TraceRecorderSource/kernelports/FreeRTOS/include" -I"D:/Nam_4/KI_II/Thiet_ke_so_va_lap_trinh_nhung/FC_freeRtosv2/version2/TraceRecorderSource/kernelports/FreeRTOS/config" -I"D:/Nam_4/KI_II/Thiet_ke_so_va_lap_trinh_nhung/FC_freeRtosv2/version2/TraceRecorderSource/streamports/RingBuffer/config" -I"D:/Nam_4/KI_II/Thiet_ke_so_va_lap_trinh_nhung/FC_freeRtosv2/version2/TraceRecorderSource/streamports/RingBuffer/include" -O0 -ffunction-sections -fdata-sections -Wall -fstack-usage -fcyclomatic-complexity -MMD -MP -MF"Core/Src/fc_pid.d" -MT"Core/Src/fc_pid.o" --specs=nano.specs -mfpu=fpv4-sp-d16 -mfloat-abi=hard -mthumb -o "Core/Src/fc_pid.o"
../Core/Src/fc_pid.c: In function 'FC_PID_Run_1ms':
../Core/Src/fc_pid.c:84:11: warning: unused variable 'rc_yaw' [-Wunused-variable]
   84 |     float rc_yaw      = rc_channels[3];
      |           ^~~~~~
../Core/Src/fc_pid.c:81:11: warning: unused variable 'rc_roll' [-Wunused-variable]
   81 |     float rc_roll     = rc_channels[0];
      |           ^~~~~~~
arm-none-eabi-gcc -o "version2.elf" @"objects.list"   -mcpu=cortex-m4 -T"D:\Nam_4\KI_II\Thiet_ke_so_va_lap_trinh_nhung\FC_freeRtosv2\version2\STM32F411CEUX_FLASH.ld" --specs=nosys.specs -Wl,-Map="version2.map" -Wl,--gc-sections -static --specs=nano.specs -mfpu=fpv4-sp-d16 -mfloat-abi=hard -mthumb -Wl,--start-group -lc -lm -Wl,--end-group
Finished building target: version2.elf
 
arm-none-eabi-size  version2.elf 
arm-none-eabi-objdump -h -S version2.elf  > "version2.list"
   text	   data	    bss	    dec	    hex	filename
  54312	    104	  34224	  88640	  15a40	version2.elf
Finished building: default.size.stdout
 
Finished building: version2.list
 
21:03:12 **** Incremental Build of configuration Debug for project version2 ****
make -j12 all 
arm-none-eabi-size  version2.elf 
   text	   data	    bss	    dec	    hex	filename
  54312	    104	  34224	  88640	  15a40	version2.elf
Finished building: default.size.stdout
 
21:24:44 **** Incremental Build of configuration Debug for project version2 ****
make -j12 all 
arm-none-eabi-size  version2.elf 
   text	   data	    bss	    dec	    hex	filename
  54312	    104	  34224	  88640	  15a40	version2.elf
Finished building: default.size.stdout
 
21:33:36 **** Incremental Build of configuration Debug for project version2 ****
make -j12 all 
arm-none-eabi-size  version2.elf 
   text	   data	    bss	    dec	    hex	filename
  54312	    104	  34224	  88640	  15a40	version2.elf
Finished building: default.size.stdout
 
21:39:46 **** Incremental Build of configuration Debug for project version2 ****
make -j12 all 
arm-none-eabi-gcc "../Core/Src/fc_pid.c" -mcpu=cortex-m4 -std=gnu11 -g3 -DDEBUG -DUSE_HAL_DRIVER -DSTM32F411xE -c -I../Core/Inc -I../Drivers/STM32F4xx_HAL_Driver/Inc -I../Drivers/STM32F4xx_HAL_Driver/Inc/Legacy -I../Drivers/CMSIS/Device/ST/STM32F4xx/Include -I../Drivers/CMSIS/Include -I../Middlewares/Third_Party/FreeRTOS/Source/include -I../Middlewares/Third_Party/FreeRTOS/Source/CMSIS_RTOS -I../Middlewares/Third_Party/FreeRTOS/Source/portable/GCC/ARM_CM4F -I"D:/Nam_4/KI_II/Thiet_ke_so_va_lap_trinh_nhung/FC_freeRtosv2/version2/TraceRecorderSource/include" -I"D:/Nam_4/KI_II/Thiet_ke_so_va_lap_trinh_nhung/FC_freeRtosv2/version2/TraceRecorderSource/config" -I"D:/Nam_4/KI_II/Thiet_ke_so_va_lap_trinh_nhung/FC_freeRtosv2/version2/TraceRecorderSource/kernelports/FreeRTOS/include" -I"D:/Nam_4/KI_II/Thiet_ke_so_va_lap_trinh_nhung/FC_freeRtosv2/version2/TraceRecorderSource/kernelports/FreeRTOS/config" -I"D:/Nam_4/KI_II/Thiet_ke_so_va_lap_trinh_nhung/FC_freeRtosv2/version2/TraceRecorderSource/streamports/RingBuffer/config" -I"D:/Nam_4/KI_II/Thiet_ke_so_va_lap_trinh_nhung/FC_freeRtosv2/version2/TraceRecorderSource/streamports/RingBuffer/include" -O0 -ffunction-sections -fdata-sections -Wall -fstack-usage -fcyclomatic-complexity -MMD -MP -MF"Core/Src/fc_pid.d" -MT"Core/Src/fc_pid.o" --specs=nano.specs -mfpu=fpv4-sp-d16 -mfloat-abi=hard -mthumb -o "Core/Src/fc_pid.o"
arm-none-eabi-gcc -o "version2.elf" @"objects.list"   -mcpu=cortex-m4 -T"D:\Nam_4\KI_II\Thiet_ke_so_va_lap_trinh_nhung\FC_freeRtosv2\version2\STM32F411CEUX_FLASH.ld" --specs=nosys.specs -Wl,-Map="version2.map" -Wl,--gc-sections -static --specs=nano.specs -mfpu=fpv4-sp-d16 -mfloat-abi=hard -mthumb -Wl,--start-group -lc -lm -Wl,--end-group
Finished building target: version2.elf
 
arm-none-eabi-size  version2.elf 
arm-none-eabi-objdump -h -S version2.elf  > "version2.list"
   text	   data	    bss	    dec	    hex	filename
  54344	    104	  34224	  88672	  15a60	version2.elf
Finished building: default.size.stdout
 
Finished building: version2.list
 
21:40:21 **** Incremental Build of configuration Debug for project version2 ****
make -j12 all 
arm-none-eabi-size  version2.elf 
   text	   data	    bss	    dec	    hex	filename
  54344	    104	  34224	  88672	  15a60	version2.elf
Finished building: default.size.stdout
 
21:41:10 **** Incremental Build of configuration Debug for project version2 ****
make -j12 all 
arm-none-eabi-size  version2.elf 
   text	   data	    bss	    dec	    hex	filename
  54344	    104	  34224	  88672	  15a60	version2.elf
Finished building: default.size.stdout
 
06:53:45 **** Incremental Build of configuration Debug for project version2 ****
make -j12 all 
arm-none-eabi-size  version2.elf 
   text	   data	    bss	    dec	    hex	filename
  54344	    104	  34224	  88672	  15a60	version2.elf
Finished building: default.size.stdout
 
06:54:24 **** Incremental Build of configuration Debug for project version2 ****
make -j12 all 
arm-none-eabi-size  version2.elf 
   text	   data	    bss	    dec	    hex	filename
  54344	    104	  34224	  88672	  15a60	version2.elf
Finished building: default.size.stdout
 
06:55:57 **** Incremental Build of configuration Debug for project version2 ****
make -j12 all 
arm-none-eabi-size  version2.elf 
   text	   data	    bss	    dec	    hex	filename
  54344	    104	  34224	  88672	  15a60	version2.elf
Finished building: default.size.stdout
 
06:56:28 **** Incremental Build of configuration Debug for project version2 ****
make -j12 all 
arm-none-eabi-size  version2.elf 
   text	   data	    bss	    dec	    hex	filename
  54344	    104	  34224	  88672	  15a60	version2.elf
Finished building: default.size.stdout
 
07:32:11 **** Incremental Build of configuration Debug for project version2 ****
make -j12 all 
arm-none-eabi-size  version2.elf 
   text	   data	    bss	    dec	    hex	filename
  54344	    104	  34224	  88672	  15a60	version2.elf
Finished building: default.size.stdout
 
15:51:42 **** Incremental Build of configuration Debug for project version2 ****
make -j12 all 
arm-none-eabi-size  version2.elf 
   text	   data	    bss	    dec	    hex	filename
  54344	    104	  34224	  88672	  15a60	version2.elf
Finished building: default.size.stdout
 
07:02:58 **** Incremental Build of configuration Debug for project version2 ****
make -j12 all 
arm-none-eabi-gcc "../Core/Src/main.c" -mcpu=cortex-m4 -std=gnu11 -g3 -DDEBUG -DUSE_HAL_DRIVER -DSTM32F411xE -c -I../Core/Inc -I../Drivers/STM32F4xx_HAL_Driver/Inc -I../Drivers/STM32F4xx_HAL_Driver/Inc/Legacy -I../Drivers/CMSIS/Device/ST/STM32F4xx/Include -I../Drivers/CMSIS/Include -I../Middlewares/Third_Party/FreeRTOS/Source/include -I../Middlewares/Third_Party/FreeRTOS/Source/CMSIS_RTOS -I../Middlewares/Third_Party/FreeRTOS/Source/portable/GCC/ARM_CM4F -I"D:/Nam_4/KI_II/Thiet_ke_so_va_lap_trinh_nhung/FC_freeRtosv2/version2/TraceRecorderSource/include" -I"D:/Nam_4/KI_II/Thiet_ke_so_va_lap_trinh_nhung/FC_freeRtosv2/version2/TraceRecorderSource/config" -I"D:/Nam_4/KI_II/Thiet_ke_so_va_lap_trinh_nhung/FC_freeRtosv2/version2/TraceRecorderSource/kernelports/FreeRTOS/include" -I"D:/Nam_4/KI_II/Thiet_ke_so_va_lap_trinh_nhung/FC_freeRtosv2/version2/TraceRecorderSource/kernelports/FreeRTOS/config" -I"D:/Nam_4/KI_II/Thiet_ke_so_va_lap_trinh_nhung/FC_freeRtosv2/version2/TraceRecorderSource/streamports/RingBuffer/config" -I"D:/Nam_4/KI_II/Thiet_ke_so_va_lap_trinh_nhung/FC_freeRtosv2/version2/TraceRecorderSource/streamports/RingBuffer/include" -O0 -ffunction-sections -fdata-sections -Wall -fstack-usage -fcyclomatic-complexity -MMD -MP -MF"Core/Src/main.d" -MT"Core/Src/main.o" --specs=nano.specs -mfpu=fpv4-sp-d16 -mfloat-abi=hard -mthumb -o "Core/Src/main.o"
arm-none-eabi-gcc -o "version2.elf" @"objects.list"   -mcpu=cortex-m4 -T"D:\Nam_4\KI_II\Thiet_ke_so_va_lap_trinh_nhung\FC_freeRtosv2\version2\STM32F411CEUX_FLASH.ld" --specs=nosys.specs -Wl,-Map="version2.map" -Wl,--gc-sections -static --specs=nano.specs -mfpu=fpv4-sp-d16 -mfloat-abi=hard -mthumb -Wl,--start-group -lc -lm -Wl,--end-group
Finished building target: version2.elf
 
arm-none-eabi-size  version2.elf 
arm-none-eabi-objdump -h -S version2.elf  > "version2.list"
   text	   data	    bss	    dec	    hex	filename
  54344	    104	  34224	  88672	  15a60	version2.elf
Finished building: default.size.stdout
 
Finished building: version2.list
 
07:09:16 **** Incremental Build of configuration Debug for project version2 ****
make -j12 all 
arm-none-eabi-size  version2.elf 
   text	   data	    bss	    dec	    hex	filename
  54344	    104	  34224	  88672	  15a60	version2.elf
Finished building: default.size.stdout
 
07:20:58 **** Incremental Build of configuration Debug for project version2 ****
make -j12 all 
arm-none-eabi-gcc "../Core/Src/fc_pid.c" -mcpu=cortex-m4 -std=gnu11 -g3 -DDEBUG -DUSE_HAL_DRIVER -DSTM32F411xE -c -I../Core/Inc -I../Drivers/STM32F4xx_HAL_Driver/Inc -I../Drivers/STM32F4xx_HAL_Driver/Inc/Legacy -I../Drivers/CMSIS/Device/ST/STM32F4xx/Include -I../Drivers/CMSIS/Include -I../Middlewares/Third_Party/FreeRTOS/Source/include -I../Middlewares/Third_Party/FreeRTOS/Source/CMSIS_RTOS -I../Middlewares/Third_Party/FreeRTOS/Source/portable/GCC/ARM_CM4F -I"D:/Nam_4/KI_II/Thiet_ke_so_va_lap_trinh_nhung/FC_freeRtosv2/version2/TraceRecorderSource/include" -I"D:/Nam_4/KI_II/Thiet_ke_so_va_lap_trinh_nhung/FC_freeRtosv2/version2/TraceRecorderSource/config" -I"D:/Nam_4/KI_II/Thiet_ke_so_va_lap_trinh_nhung/FC_freeRtosv2/version2/TraceRecorderSource/kernelports/FreeRTOS/include" -I"D:/Nam_4/KI_II/Thiet_ke_so_va_lap_trinh_nhung/FC_freeRtosv2/version2/TraceRecorderSource/kernelports/FreeRTOS/config" -I"D:/Nam_4/KI_II/Thiet_ke_so_va_lap_trinh_nhung/FC_freeRtosv2/version2/TraceRecorderSource/streamports/RingBuffer/config" -I"D:/Nam_4/KI_II/Thiet_ke_so_va_lap_trinh_nhung/FC_freeRtosv2/version2/TraceRecorderSource/streamports/RingBuffer/include" -O0 -ffunction-sections -fdata-sections -Wall -fstack-usage -fcyclomatic-complexity -MMD -MP -MF"Core/Src/fc_pid.d" -MT"Core/Src/fc_pid.o" --specs=nano.specs -mfpu=fpv4-sp-d16 -mfloat-abi=hard -mthumb -o "Core/Src/fc_pid.o"
arm-none-eabi-gcc "../Core/Src/fc_rc.c" -mcpu=cortex-m4 -std=gnu11 -g3 -DDEBUG -DUSE_HAL_DRIVER -DSTM32F411xE -c -I../Core/Inc -I../Drivers/STM32F4xx_HAL_Driver/Inc -I../Drivers/STM32F4xx_HAL_Driver/Inc/Legacy -I../Drivers/CMSIS/Device/ST/STM32F4xx/Include -I../Drivers/CMSIS/Include -I../Middlewares/Third_Party/FreeRTOS/Source/include -I../Middlewares/Third_Party/FreeRTOS/Source/CMSIS_RTOS -I../Middlewares/Third_Party/FreeRTOS/Source/portable/GCC/ARM_CM4F -I"D:/Nam_4/KI_II/Thiet_ke_so_va_lap_trinh_nhung/FC_freeRtosv2/version2/TraceRecorderSource/include" -I"D:/Nam_4/KI_II/Thiet_ke_so_va_lap_trinh_nhung/FC_freeRtosv2/version2/TraceRecorderSource/config" -I"D:/Nam_4/KI_II/Thiet_ke_so_va_lap_trinh_nhung/FC_freeRtosv2/version2/TraceRecorderSource/kernelports/FreeRTOS/include" -I"D:/Nam_4/KI_II/Thiet_ke_so_va_lap_trinh_nhung/FC_freeRtosv2/version2/TraceRecorderSource/kernelports/FreeRTOS/config" -I"D:/Nam_4/KI_II/Thiet_ke_so_va_lap_trinh_nhung/FC_freeRtosv2/version2/TraceRecorderSource/streamports/RingBuffer/config" -I"D:/Nam_4/KI_II/Thiet_ke_so_va_lap_trinh_nhung/FC_freeRtosv2/version2/TraceRecorderSource/streamports/RingBuffer/include" -O0 -ffunction-sections -fdata-sections -Wall -fstack-usage -fcyclomatic-complexity -MMD -MP -MF"Core/Src/fc_rc.d" -MT"Core/Src/fc_rc.o" --specs=nano.specs -mfpu=fpv4-sp-d16 -mfloat-abi=hard -mthumb -o "Core/Src/fc_rc.o"
arm-none-eabi-gcc "../Core/Src/main.c" -mcpu=cortex-m4 -std=gnu11 -g3 -DDEBUG -DUSE_HAL_DRIVER -DSTM32F411xE -c -I../Core/Inc -I../Drivers/STM32F4xx_HAL_Driver/Inc -I../Drivers/STM32F4xx_HAL_Driver/Inc/Legacy -I../Drivers/CMSIS/Device/ST/STM32F4xx/Include -I../Drivers/CMSIS/Include -I../Middlewares/Third_Party/FreeRTOS/Source/include -I../Middlewares/Third_Party/FreeRTOS/Source/CMSIS_RTOS -I../Middlewares/Third_Party/FreeRTOS/Source/portable/GCC/ARM_CM4F -I"D:/Nam_4/KI_II/Thiet_ke_so_va_lap_trinh_nhung/FC_freeRtosv2/version2/TraceRecorderSource/include" -I"D:/Nam_4/KI_II/Thiet_ke_so_va_lap_trinh_nhung/FC_freeRtosv2/version2/TraceRecorderSource/config" -I"D:/Nam_4/KI_II/Thiet_ke_so_va_lap_trinh_nhung/FC_freeRtosv2/version2/TraceRecorderSource/kernelports/FreeRTOS/include" -I"D:/Nam_4/KI_II/Thiet_ke_so_va_lap_trinh_nhung/FC_freeRtosv2/version2/TraceRecorderSource/kernelports/FreeRTOS/config" -I"D:/Nam_4/KI_II/Thiet_ke_so_va_lap_trinh_nhung/FC_freeRtosv2/version2/TraceRecorderSource/streamports/RingBuffer/config" -I"D:/Nam_4/KI_II/Thiet_ke_so_va_lap_trinh_nhung/FC_freeRtosv2/version2/TraceRecorderSource/streamports/RingBuffer/include" -O0 -ffunction-sections -fdata-sections -Wall -fstack-usage -fcyclomatic-complexity -MMD -MP -MF"Core/Src/main.d" -MT"Core/Src/main.o" --specs=nano.specs -mfpu=fpv4-sp-d16 -mfloat-abi=hard -mthumb -o "Core/Src/main.o"
arm-none-eabi-gcc -o "version2.elf" @"objects.list"   -mcpu=cortex-m4 -T"D:\Nam_4\KI_II\Thiet_ke_so_va_lap_trinh_nhung\FC_freeRtosv2\version2\STM32F411CEUX_FLASH.ld" --specs=nosys.specs -Wl,-Map="version2.map" -Wl,--gc-sections -static --specs=nano.specs -mfpu=fpv4-sp-d16 -mfloat-abi=hard -mthumb -Wl,--start-group -lc -lm -Wl,--end-group
Finished building target: version2.elf
 
arm-none-eabi-size  version2.elf 
arm-none-eabi-objdump -h -S version2.elf  > "version2.list"
   text	   data	    bss	    dec	    hex	filename
  54600	    112	  34224	  88936	  15b68	version2.elf
Finished building: default.size.stdout
 
Finished building: version2.list
 
07:21:55 **** Incremental Build of configuration Debug for project version2 ****
make -j12 all 
arm-none-eabi-size  version2.elf 
   text	   data	    bss	    dec	    hex	filename
  54600	    112	  34224	  88936	  15b68	version2.elf
Finished building: default.size.stdout
 
07:26:39 **** Incremental Build of configuration Debug for project version2 ****
make -j12 all 
arm-none-eabi-gcc "../Core/Src/main.c" -mcpu=cortex-m4 -std=gnu11 -g3 -DDEBUG -DUSE_HAL_DRIVER -DSTM32F411xE -c -I../Core/Inc -I../Drivers/STM32F4xx_HAL_Driver/Inc -I../Drivers/STM32F4xx_HAL_Driver/Inc/Legacy -I../Drivers/CMSIS/Device/ST/STM32F4xx/Include -I../Drivers/CMSIS/Include -I../Middlewares/Third_Party/FreeRTOS/Source/include -I../Middlewares/Third_Party/FreeRTOS/Source/CMSIS_RTOS -I../Middlewares/Third_Party/FreeRTOS/Source/portable/GCC/ARM_CM4F -I"D:/Nam_4/KI_II/Thiet_ke_so_va_lap_trinh_nhung/FC_freeRtosv2/version2/TraceRecorderSource/include" -I"D:/Nam_4/KI_II/Thiet_ke_so_va_lap_trinh_nhung/FC_freeRtosv2/version2/TraceRecorderSource/config" -I"D:/Nam_4/KI_II/Thiet_ke_so_va_lap_trinh_nhung/FC_freeRtosv2/version2/TraceRecorderSource/kernelports/FreeRTOS/include" -I"D:/Nam_4/KI_II/Thiet_ke_so_va_lap_trinh_nhung/FC_freeRtosv2/version2/TraceRecorderSource/kernelports/FreeRTOS/config" -I"D:/Nam_4/KI_II/Thiet_ke_so_va_lap_trinh_nhung/FC_freeRtosv2/version2/TraceRecorderSource/streamports/RingBuffer/config" -I"D:/Nam_4/KI_II/Thiet_ke_so_va_lap_trinh_nhung/FC_freeRtosv2/version2/TraceRecorderSource/streamports/RingBuffer/include" -O0 -ffunction-sections -fdata-sections -Wall -fstack-usage -fcyclomatic-complexity -MMD -MP -MF"Core/Src/main.d" -MT"Core/Src/main.o" --specs=nano.specs -mfpu=fpv4-sp-d16 -mfloat-abi=hard -mthumb -o "Core/Src/main.o"
arm-none-eabi-gcc -o "version2.elf" @"objects.list"   -mcpu=cortex-m4 -T"D:\Nam_4\KI_II\Thiet_ke_so_va_lap_trinh_nhung\FC_freeRtosv2\version2\STM32F411CEUX_FLASH.ld" --specs=nosys.specs -Wl,-Map="version2.map" -Wl,--gc-sections -static --specs=nano.specs -mfpu=fpv4-sp-d16 -mfloat-abi=hard -mthumb -Wl,--start-group -lc -lm -Wl,--end-group
Finished building target: version2.elf
 
arm-none-eabi-size  version2.elf 
arm-none-eabi-objdump -h -S version2.elf  > "version2.list"
   text	   data	    bss	    dec	    hex	filename
  55096	    112	  34224	  89432	  15d58	version2.elf
Finished building: default.size.stdout
 
Finished building: version2.list
 
07:34:22 **** Incremental Build of configuration Debug for project version2 ****
make -j12 all 
arm-none-eabi-size  version2.elf 
   text	   data	    bss	    dec	    hex	filename
  55096	    112	  34224	  89432	  15d58	version2.elf
Finished building: default.size.stdout
 
07:35:25 **** Incremental Build of configuration Debug for project version2 ****
make -j12 all 
arm-none-eabi-size  version2.elf 
   text	   data	    bss	    dec	    hex	filename
  55096	    112	  34224	  89432	  15d58	version2.elf
Finished building: default.size.stdout
 
07:38:12 **** Incremental Build of configuration Debug for project version2 ****
make -j12 all 
arm-none-eabi-gcc "../Core/Src/fc_rc.c" -mcpu=cortex-m4 -std=gnu11 -g3 -DDEBUG -DUSE_HAL_DRIVER -DSTM32F411xE -c -I../Core/Inc -I../Drivers/STM32F4xx_HAL_Driver/Inc -I../Drivers/STM32F4xx_HAL_Driver/Inc/Legacy -I../Drivers/CMSIS/Device/ST/STM32F4xx/Include -I../Drivers/CMSIS/Include -I../Middlewares/Third_Party/FreeRTOS/Source/include -I../Middlewares/Third_Party/FreeRTOS/Source/CMSIS_RTOS -I../Middlewares/Third_Party/FreeRTOS/Source/portable/GCC/ARM_CM4F -I"D:/Nam_4/KI_II/Thiet_ke_so_va_lap_trinh_nhung/FC_freeRtosv2/version2/TraceRecorderSource/include" -I"D:/Nam_4/KI_II/Thiet_ke_so_va_lap_trinh_nhung/FC_freeRtosv2/version2/TraceRecorderSource/config" -I"D:/Nam_4/KI_II/Thiet_ke_so_va_lap_trinh_nhung/FC_freeRtosv2/version2/TraceRecorderSource/kernelports/FreeRTOS/include" -I"D:/Nam_4/KI_II/Thiet_ke_so_va_lap_trinh_nhung/FC_freeRtosv2/version2/TraceRecorderSource/kernelports/FreeRTOS/config" -I"D:/Nam_4/KI_II/Thiet_ke_so_va_lap_trinh_nhung/FC_freeRtosv2/version2/TraceRecorderSource/streamports/RingBuffer/config" -I"D:/Nam_4/KI_II/Thiet_ke_so_va_lap_trinh_nhung/FC_freeRtosv2/version2/TraceRecorderSource/streamports/RingBuffer/include" -O0 -ffunction-sections -fdata-sections -Wall -fstack-usage -fcyclomatic-complexity -MMD -MP -MF"Core/Src/fc_rc.d" -MT"Core/Src/fc_rc.o" --specs=nano.specs -mfpu=fpv4-sp-d16 -mfloat-abi=hard -mthumb -o "Core/Src/fc_rc.o"
arm-none-eabi-gcc -o "version2.elf" @"objects.list"   -mcpu=cortex-m4 -T"D:\Nam_4\KI_II\Thiet_ke_so_va_lap_trinh_nhung\FC_freeRtosv2\version2\STM32F411CEUX_FLASH.ld" --specs=nosys.specs -Wl,-Map="version2.map" -Wl,--gc-sections -static --specs=nano.specs -mfpu=fpv4-sp-d16 -mfloat-abi=hard -mthumb -Wl,--start-group -lc -lm -Wl,--end-group
Finished building target: version2.elf
 
arm-none-eabi-size  version2.elf 
arm-none-eabi-objdump -h -S version2.elf  > "version2.list"
   text	   data	    bss	    dec	    hex	filename
  55096	    112	  34224	  89432	  15d58	version2.elf
Finished building: default.size.stdout
 
Finished building: version2.list
 
07:39:59 **** Incremental Build of configuration Debug for project version2 ****
make -j12 all 
arm-none-eabi-gcc "../Core/Src/fc_rc.c" -mcpu=cortex-m4 -std=gnu11 -g3 -DDEBUG -DUSE_HAL_DRIVER -DSTM32F411xE -c -I../Core/Inc -I../Drivers/STM32F4xx_HAL_Driver/Inc -I../Drivers/STM32F4xx_HAL_Driver/Inc/Legacy -I../Drivers/CMSIS/Device/ST/STM32F4xx/Include -I../Drivers/CMSIS/Include -I../Middlewares/Third_Party/FreeRTOS/Source/include -I../Middlewares/Third_Party/FreeRTOS/Source/CMSIS_RTOS -I../Middlewares/Third_Party/FreeRTOS/Source/portable/GCC/ARM_CM4F -I"D:/Nam_4/KI_II/Thiet_ke_so_va_lap_trinh_nhung/FC_freeRtosv2/version2/TraceRecorderSource/include" -I"D:/Nam_4/KI_II/Thiet_ke_so_va_lap_trinh_nhung/FC_freeRtosv2/version2/TraceRecorderSource/config" -I"D:/Nam_4/KI_II/Thiet_ke_so_va_lap_trinh_nhung/FC_freeRtosv2/version2/TraceRecorderSource/kernelports/FreeRTOS/include" -I"D:/Nam_4/KI_II/Thiet_ke_so_va_lap_trinh_nhung/FC_freeRtosv2/version2/TraceRecorderSource/kernelports/FreeRTOS/config" -I"D:/Nam_4/KI_II/Thiet_ke_so_va_lap_trinh_nhung/FC_freeRtosv2/version2/TraceRecorderSource/streamports/RingBuffer/config" -I"D:/Nam_4/KI_II/Thiet_ke_so_va_lap_trinh_nhung/FC_freeRtosv2/version2/TraceRecorderSource/streamports/RingBuffer/include" -O0 -ffunction-sections -fdata-sections -Wall -fstack-usage -fcyclomatic-complexity -MMD -MP -MF"Core/Src/fc_rc.d" -MT"Core/Src/fc_rc.o" --specs=nano.specs -mfpu=fpv4-sp-d16 -mfloat-abi=hard -mthumb -o "Core/Src/fc_rc.o"
arm-none-eabi-gcc "../Core/Src/main.c" -mcpu=cortex-m4 -std=gnu11 -g3 -DDEBUG -DUSE_HAL_DRIVER -DSTM32F411xE -c -I../Core/Inc -I../Drivers/STM32F4xx_HAL_Driver/Inc -I../Drivers/STM32F4xx_HAL_Driver/Inc/Legacy -I../Drivers/CMSIS/Device/ST/STM32F4xx/Include -I../Drivers/CMSIS/Include -I../Middlewares/Third_Party/FreeRTOS/Source/include -I../Middlewares/Third_Party/FreeRTOS/Source/CMSIS_RTOS -I../Middlewares/Third_Party/FreeRTOS/Source/portable/GCC/ARM_CM4F -I"D:/Nam_4/KI_II/Thiet_ke_so_va_lap_trinh_nhung/FC_freeRtosv2/version2/TraceRecorderSource/include" -I"D:/Nam_4/KI_II/Thiet_ke_so_va_lap_trinh_nhung/FC_freeRtosv2/version2/TraceRecorderSource/config" -I"D:/Nam_4/KI_II/Thiet_ke_so_va_lap_trinh_nhung/FC_freeRtosv2/version2/TraceRecorderSource/kernelports/FreeRTOS/include" -I"D:/Nam_4/KI_II/Thiet_ke_so_va_lap_trinh_nhung/FC_freeRtosv2/version2/TraceRecorderSource/kernelports/FreeRTOS/config" -I"D:/Nam_4/KI_II/Thiet_ke_so_va_lap_trinh_nhung/FC_freeRtosv2/version2/TraceRecorderSource/streamports/RingBuffer/config" -I"D:/Nam_4/KI_II/Thiet_ke_so_va_lap_trinh_nhung/FC_freeRtosv2/version2/TraceRecorderSource/streamports/RingBuffer/include" -O0 -ffunction-sections -fdata-sections -Wall -fstack-usage -fcyclomatic-complexity -MMD -MP -MF"Core/Src/main.d" -MT"Core/Src/main.o" --specs=nano.specs -mfpu=fpv4-sp-d16 -mfloat-abi=hard -mthumb -o "Core/Src/main.o"
arm-none-eabi-gcc -o "version2.elf" @"objects.list"   -mcpu=cortex-m4 -T"D:\Nam_4\KI_II\Thiet_ke_so_va_lap_trinh_nhung\FC_freeRtosv2\version2\STM32F411CEUX_FLASH.ld" --specs=nosys.specs -Wl,-Map="version2.map" -Wl,--gc-sections -static --specs=nano.specs -mfpu=fpv4-sp-d16 -mfloat-abi=hard -mthumb -Wl,--start-group -lc -lm -Wl,--end-group
Finished building target: version2.elf
 
arm-none-eabi-size  version2.elf 
arm-none-eabi-objdump -h -S version2.elf  > "version2.list"
   text	   data	    bss	    dec	    hex	filename
  55096	    112	  34224	  89432	  15d58	version2.elf
Finished building: default.size.stdout
 
Finished building: version2.list
 
07:41:47 **** Incremental Build of configuration Debug for project version2 ****
make -j12 all 
arm-none-eabi-gcc "../Core/Src/fc_rc.c" -mcpu=cortex-m4 -std=gnu11 -g3 -DDEBUG -DUSE_HAL_DRIVER -DSTM32F411xE -c -I../Core/Inc -I../Drivers/STM32F4xx_HAL_Driver/Inc -I../Drivers/STM32F4xx_HAL_Driver/Inc/Legacy -I../Drivers/CMSIS/Device/ST/STM32F4xx/Include -I../Drivers/CMSIS/Include -I../Middlewares/Third_Party/FreeRTOS/Source/include -I../Middlewares/Third_Party/FreeRTOS/Source/CMSIS_RTOS -I../Middlewares/Third_Party/FreeRTOS/Source/portable/GCC/ARM_CM4F -I"D:/Nam_4/KI_II/Thiet_ke_so_va_lap_trinh_nhung/FC_freeRtosv2/version2/TraceRecorderSource/include" -I"D:/Nam_4/KI_II/Thiet_ke_so_va_lap_trinh_nhung/FC_freeRtosv2/version2/TraceRecorderSource/config" -I"D:/Nam_4/KI_II/Thiet_ke_so_va_lap_trinh_nhung/FC_freeRtosv2/version2/TraceRecorderSource/kernelports/FreeRTOS/include" -I"D:/Nam_4/KI_II/Thiet_ke_so_va_lap_trinh_nhung/FC_freeRtosv2/version2/TraceRecorderSource/kernelports/FreeRTOS/config" -I"D:/Nam_4/KI_II/Thiet_ke_so_va_lap_trinh_nhung/FC_freeRtosv2/version2/TraceRecorderSource/streamports/RingBuffer/config" -I"D:/Nam_4/KI_II/Thiet_ke_so_va_lap_trinh_nhung/FC_freeRtosv2/version2/TraceRecorderSource/streamports/RingBuffer/include" -O0 -ffunction-sections -fdata-sections -Wall -fstack-usage -fcyclomatic-complexity -MMD -MP -MF"Core/Src/fc_rc.d" -MT"Core/Src/fc_rc.o" --specs=nano.specs -mfpu=fpv4-sp-d16 -mfloat-abi=hard -mthumb -o "Core/Src/fc_rc.o"
arm-none-eabi-gcc -o "version2.elf" @"objects.list"   -mcpu=cortex-m4 -T"D:\Nam_4\KI_II\Thiet_ke_so_va_lap_trinh_nhung\FC_freeRtosv2\version2\STM32F411CEUX_FLASH.ld" --specs=nosys.specs -Wl,-Map="version2.map" -Wl,--gc-sections -static --specs=nano.specs -mfpu=fpv4-sp-d16 -mfloat-abi=hard -mthumb -Wl,--start-group -lc -lm -Wl,--end-group
Finished building target: version2.elf
 
arm-none-eabi-size  version2.elf 
arm-none-eabi-objdump -h -S version2.elf  > "version2.list"
   text	   data	    bss	    dec	    hex	filename
  54984	    112	  34224	  89320	  15ce8	version2.elf
Finished building: default.size.stdout
 
Finished building: version2.list
 
13:39:49 **** Incremental Build of configuration Debug for project version2 ****
make -j12 all 
arm-none-eabi-size  version2.elf 
   text	   data	    bss	    dec	    hex	filename
  54984	    112	  34224	  89320	  15ce8	version2.elf
Finished building: default.size.stdout
 
